crawling start
디비에 저장된 가장 최근 날자 20.11.06
kosdaq 20.10.26 저장 안함
kosdaq 20.10.27 저장 안함
kosdaq 20.10.28 저장 안함
kosdaq 20.10.29 저장 안함
kosdaq 20.10.30 저장 안함
kosdaq 20.11.02 저장 안함
kosdaq 20.11.03 저장 안함
kosdaq 20.11.04 저장 안함
kosdaq 20.11.05 저장 안함
kosdaq 20.11.06 저장 안함
종료
디비에 저장된 가장 최근 날자 20.11.06
kospi 20.10.26 저장 안함
kospi 20.10.27 저장 안함
kospi 20.10.28 저장 안함
kospi 20.10.29 저장 안함
kospi 20.10.30 저장 안함
kospi 20.11.02 저장 안함
kospi 20.11.03 저장 안함
kospi 20.11.04 저장 안함
kospi 20.11.05 저장 안함
kospi 20.11.06 저장 안함
종료
디비에 저장된 가장 최근 날자 20.11.06
kospi200 20.10.26 저장 안함
kospi200 20.10.27 저장 안함
kospi200 20.10.28 저장 안함
kospi200 20.10.29 저장 안함
kospi200 20.10.30 저장 안함
kospi200 20.11.02 저장 안함
kospi200 20.11.03 저장 안함
kospi200 20.11.04 저장 안함
kospi200 20.11.05 저장 안함
kospi200 20.11.06 저장 안함
종료
디비에 저장된 가장 최근 게시물 시간 2020-11-06 09:52:00
한국경제 2020-10-28 08:30:00 저장안함
한국경제 2020-10-28 16:42:00 저장안함
한국경제 2020-10-28 17:20:00 저장안함
한국경제 2020-10-28 17:31:00 저장안함
한국경제 2020-10-29 08:32:00 저장안함
한국경제 2020-10-30 08:12:00 저장안함
한국경제 2020-10-30 10:18:00 저장안함
한국경제 2020-11-02 08:27:00 저장안함
한국경제 2020-11-02 09:15:00 저장안함
한국경제 2020-11-02 13:38:00 저장안함
한국경제 2020-11-02 17:03:00 저장안함
한국경제 2020-11-03 17:03:00 저장안함
한국경제 2020-11-03 18:27:00 저장안함
한국경제 2020-11-04 11:52:00 저장안함
한국경제 2020-11-04 14:01:00 저장안함
한국경제 2020-11-04 17:01:00 저장안함
한국경제 2020-11-05 09:55:00 저장안함
한국경제 2020-11-05 16:16:00 저장안함
한국경제 2020-11-06 09:52:00 저장안함
한국경제 2020-11-06 17:08:00 저장
종료
디비에 저장된 가장 최근 게시물 시간 2020-11-06 17:05:00
머니투데이 2020-11-08 09:46:00 저장
머니투데이 2020-11-08 09:49:00 저장
머니투데이 2020-11-08 09:57:00 저장
머니투데이 2020-11-08 11:09:00 저장
머니투데이 2020-11-08 11:10:00 저장
머니투데이 2020-11-08 11:11:00 저장
머니투데이 2020-11-08 11:25:00 저장
머니투데이 2020-11-08 12:00:00 저장
머니투데이 2020-11-08 12:11:00 저장
머니투데이 2020-11-08 13:33:00 저장
머니투데이 2020-11-08 13:46:00 저장
머니투데이 2020-11-08 14:12:00 저장
머니투데이 2020-11-08 14:13:00 저장
머니투데이 2020-11-08 14:14:00 저장
머니투데이 2020-11-08 14:14:00 저장
머니투데이 2020-11-08 14:16:00 저장
머니투데이 2020-11-08 14:16:00 저장
머니투데이 2020-11-08 14:24:00 저장
머니투데이 2020-11-08 15:29:00 저장
머니투데이 2020-11-08 16:39:00 저장
종료
디비에 저장된 가장 최근 게시물 시간 2020-11-06 10:05:00
한국증권신문-국내 2020-11-04 09:59:00 저장안함
한국증권신문-국내 2020-11-04 09:59:00 저장안함
한국증권신문-국내 2020-11-04 09:59:00 저장안함
한국증권신문-국내 2020-11-04 10:09:00 저장안함
한국증권신문-국내 2020-11-04 10:10:00 저장안함
한국증권신문-국내 2020-11-05 07:19:00 저장안함
한국증권신문-국내 2020-11-05 10:52:00 저장안함
한국증권신문-국내 2020-11-05 10:52:00 저장안함
한국증권신문-국내 2020-11-05 10:52:00 저장안함
한국증권신문-국내 2020-11-05 10:53:00 저장안함
한국증권신문-국내 2020-11-05 10:53:00 저장안함
한국증권신문-국내 2020-11-05 15:19:00 저장안함
한국증권신문-국내 2020-11-06 09:14:00 저장안함
한국증권신문-국내 2020-11-06 09:19:00 저장안함
한국증권신문-국내 2020-11-06 09:20:00 저장안함
한국증권신문-국내 2020-11-06 10:05:00 저장안함
한국증권신문-국내 2020-11-06 10:05:00 저장안함
한국증권신문-국내 2020-11-06 10:05:00 저장안함
한국증권신문-국내 2020-11-06 10:05:00 저장안함
한국증권신문-국내 2020-11-06 10:05:00 저장안함
종료
디비에 저장된 가장 최근 게시물 시간 2020-11-06 09:10:00
한국증권신문-해외 2020-10-08 07:15:00 저장안함
한국증권신문-해외 2020-10-13 07:31:00 저장안함
한국증권신문-해외 2020-10-13 07:32:00 저장안함
한국증권신문-해외 2020-10-13 07:33:00 저장안함
한국증권신문-해외 2020-10-14 07:31:00 저장안함
한국증권신문-해외 2020-10-15 07:59:00 저장안함
한국증권신문-해외 2020-10-16 06:05:00 저장안함
한국증권신문-해외 2020-10-20 06:57:00 저장안함
한국증권신문-해외 2020-10-21 07:12:00 저장안함
한국증권신문-해외 2020-10-22 07:12:00 저장안함
한국증권신문-해외 2020-10-23 07:15:00 저장안함
한국증권신문-해외 2020-10-27 06:41:00 저장안함
한국증권신문-해외 2020-10-28 07:19:00 저장안함
한국증권신문-해외 2020-10-29 07:46:00 저장안함
한국증권신문-해외 2020-10-29 07:47:00 저장안함
한국증권신문-해외 2020-10-30 06:35:00 저장안함
한국증권신문-해외 2020-11-04 07:40:00 저장안함
한국증권신문-해외 2020-11-05 07:21:00 저장안함
한국증권신문-해외 2020-11-06 09:06:00 저장안함
한국증권신문-해외 2020-11-06 09:10:00 저장안함
종료
디비에 저장된 가장 최근 게시물 시간 2020-11-06 16:49:00
연합뉴스 2020-11-06 16:38:00 저장안함
연합뉴스 2020-11-06 16:38:00 저장안함
연합뉴스 2020-11-06 16:39:00 저장안함
연합뉴스 2020-11-06 16:39:00 저장안함
연합뉴스 2020-11-06 16:40:00 저장안함
연합뉴스 2020-11-06 16:40:00 저장안함
연합뉴스 2020-11-06 16:45:00 저장안함
연합뉴스 2020-11-06 16:46:00 저장안함
연합뉴스 2020-11-06 16:47:00 저장안함
연합뉴스 2020-11-06 16:49:00 저장안함
연합뉴스 2020-11-06 17:00:00 저장
연합뉴스 2020-11-06 17:31:00 저장
연합뉴스 2020-11-06 17:48:00 저장
연합뉴스 2020-11-06 18:57:00 저장
연합뉴스 2020-11-06 18:57:00 저장
연합뉴스 2020-11-06 18:58:00 저장
연합뉴스 2020-11-06 18:58:00 저장
연합뉴스 2020-11-07 00:11:00 저장
연합뉴스 2020-11-07 02:41:00 저장
연합뉴스 2020-11-07 06:54:00 저장
연합뉴스 2020-11-07 13:25:00 저장
연합뉴스 2020-11-08 01:02:00 저장
연합뉴스 2020-11-08 07:06:00 저장
연합뉴스 2020-11-08 08:40:00 저장
연합뉴스 2020-11-08 12:00:00 저장
종료
디비에 저장된 가장 최근 게시물 시간 2020-11-06 17:03:59
서울경제 2020-11-06 15:12:00 저장안함
서울경제 2020-11-06 15:31:00 저장안함
서울경제 2020-11-06 15:32:00 저장안함
서울경제 2020-11-06 15:40:00 저장안함
서울경제 2020-11-06 15:41:00 저장안함
서울경제 2020-11-06 15:44:00 저장안함
서울경제 2020-11-06 16:47:00 저장안함
서울경제 2020-11-06 17:03:00 저장안함
서울경제 2020-11-06 17:46:00 저장
서울경제 2020-11-06 17:50:00 저장
서울경제 2020-11-06 17:53:00 저장
서울경제 2020-11-06 18:31:00 저장
서울경제 2020-11-07 06:30:00 저장
서울경제 2020-11-08 12:16:00 저장
서울경제 2020-11-08 17:38:00 저장
종료
crawling finish
