crawling start
디비에 저장된 가장 최근 날자 20.11.05
kosdaq 20.10.26 저장 안함
kosdaq 20.10.27 저장 안함
kosdaq 20.10.28 저장 안함
kosdaq 20.10.29 저장 안함
kosdaq 20.10.30 저장 안함
kosdaq 20.11.02 저장 안함
kosdaq 20.11.03 저장 안함
kosdaq 20.11.04 저장 안함
kosdaq 20.11.05 저장 안함
kosdaq 20.11.06 저장
종료
디비에 저장된 가장 최근 날자 20.11.05
kospi 20.10.26 저장 안함
kospi 20.10.27 저장 안함
kospi 20.10.28 저장 안함
kospi 20.10.29 저장 안함
kospi 20.10.30 저장 안함
kospi 20.11.02 저장 안함
kospi 20.11.03 저장 안함
kospi 20.11.04 저장 안함
kospi 20.11.05 저장 안함
kospi 20.11.06 저장
종료
디비에 저장된 가장 최근 날자 20.11.05
kospi200 20.10.26 저장 안함
kospi200 20.10.27 저장 안함
kospi200 20.10.28 저장 안함
kospi200 20.10.29 저장 안함
kospi200 20.10.30 저장 안함
kospi200 20.11.02 저장 안함
kospi200 20.11.03 저장 안함
kospi200 20.11.04 저장 안함
kospi200 20.11.05 저장 안함
kospi200 20.11.06 저장
종료
디비에 저장된 가장 최근 게시물 시간 2020-11-05 16:16:00
한국경제 2020.10.27 17:26 저장안함
한국경제 2020.10.28 08:30 저장안함
한국경제 2020.10.28 16:42 저장안함
한국경제 2020.10.28 17:20 저장안함
한국경제 2020.10.28 17:31 저장안함
한국경제 2020.10.29 08:32 저장안함
한국경제 2020.10.30 08:12 저장안함
한국경제 2020.10.30 10:18 저장안함
한국경제 2020.11.02 08:27 저장안함
한국경제 2020.11.02 09:15 저장안함
한국경제 2020.11.02 13:38 저장안함
한국경제 2020.11.02 17:03 저장안함
한국경제 2020.11.03 17:03 저장안함
한국경제 2020.11.03 18:27 저장안함
한국경제 2020.11.04 11:52 저장안함
한국경제 2020.11.04 14:01 저장안함
한국경제 2020.11.04 17:01 저장안함
한국경제 2020.11.05 09:55 저장안함
한국경제 2020.11.05 16:16 저장안함
한국경제 2020.11.06 09:52 저장
종료
디비에 저장된 가장 최근 게시물 시간 2020-11-05 23:33:00
머니투데이 2020.11.06 09:56 저장
머니투데이 2020.11.06 10:14 저장
머니투데이 2020.11.06 10:16 저장
머니투데이 2020.11.06 10:17 저장
머니투데이 2020.11.06 10:24 저장
머니투데이 2020.11.06 10:26 저장
머니투데이 2020.11.06 10:27 저장
머니투데이 2020.11.06 10:29 저장
머니투데이 2020.11.06 10:29 저장
머니투데이 2020.11.06 10:30 저장
머니투데이 2020.11.06 10:39 저장
머니투데이 2020.11.06 10:41 저장
머니투데이 2020.11.06 11:08 저장
머니투데이 2020.11.06 11:33 저장
머니투데이 2020.11.06 11:36 저장
머니투데이 2020.11.06 11:37 저장
머니투데이 2020.11.06 11:49 저장
머니투데이 2020.11.06 12:10 저장
머니투데이 2020.11.06 12:10 저장
머니투데이 2020.11.06 12:13 저장
종료
디비에 저장된 가장 최근 게시물 시간 2020-11-05 20:39:00
연합뉴스 11-05 17:41 저장안함
연합뉴스 11-05 17:51 저장안함
연합뉴스 11-05 18:32 저장안함
연합뉴스 11-05 18:33 저장안함
연합뉴스 11-05 19:44 저장안함
연합뉴스 11-05 20:39 저장안함
연합뉴스 11-06 00:09 저장
연합뉴스 11-06 02:45 저장
연합뉴스 11-06 06:05 저장
연합뉴스 11-06 06:43 저장
연합뉴스 11-06 07:00 저장
연합뉴스 11-06 07:46 저장
연합뉴스 11-06 07:55 저장
연합뉴스 11-06 08:03 저장
연합뉴스 11-06 09:01 저장
연합뉴스 11-06 09:02 저장
연합뉴스 11-06 09:15 저장
연합뉴스 11-06 09:32 저장
연합뉴스 11-06 10:02 저장
연합뉴스 11-06 10:05 저장
연합뉴스 11-06 10:18 저장
연합뉴스 11-06 11:19 저장
연합뉴스 11-06 11:23 저장
연합뉴스 11-06 11:26 저장
연합뉴스 11-06 11:51 저장
종료
디비에 저장된 가장 최근 게시물 시간 2020-11-05 18:21:00
서울증시 2020.11.05 18:11 저장안함
서울증시 2020.11.05 18:21 저장안함
서울증시 2020.11.06 09:02 저장
서울증시 2020.11.06 09:03 저장
서울증시 2020.11.06 09:11 저장
서울증시 2020.11.06 09:18 저장
서울증시 2020.11.06 09:20 저장
서울증시 2020.11.06 09:21 저장
서울증시 2020.11.06 09:24 저장
서울증시 2020.11.06 09:36 저장
서울증시 2020.11.06 09:47 저장
서울증시 2020.11.06 09:58 저장
서울증시 2020.11.06 10:16 저장
서울증시 2020.11.06 11:14 저장
종료
crawling finish
crawling start
디비에 저장된 가장 최근 날자 20.11.06
kosdaq 20.10.26 저장 안함
kosdaq 20.10.27 저장 안함
kosdaq 20.10.28 저장 안함
kosdaq 20.10.29 저장 안함
kosdaq 20.10.30 저장 안함
kosdaq 20.11.02 저장 안함
kosdaq 20.11.03 저장 안함
kosdaq 20.11.04 저장 안함
kosdaq 20.11.05 저장 안함
kosdaq 20.11.06 저장 안함
종료
디비에 저장된 가장 최근 날자 20.11.06
kospi 20.10.26 저장 안함
kospi 20.10.27 저장 안함
kospi 20.10.28 저장 안함
kospi 20.10.29 저장 안함
kospi 20.10.30 저장 안함
kospi 20.11.02 저장 안함
kospi 20.11.03 저장 안함
kospi 20.11.04 저장 안함
kospi 20.11.05 저장 안함
kospi 20.11.06 저장 안함
종료
디비에 저장된 가장 최근 날자 20.11.06
kospi200 20.10.26 저장 안함
kospi200 20.10.27 저장 안함
kospi200 20.10.28 저장 안함
kospi200 20.10.29 저장 안함
kospi200 20.10.30 저장 안함
kospi200 20.11.02 저장 안함
kospi200 20.11.03 저장 안함
kospi200 20.11.04 저장 안함
kospi200 20.11.05 저장 안함
kospi200 20.11.06 저장 안함
종료
디비에 저장된 가장 최근 게시물 시간 2020-11-05 16:16:00
한국경제 2020.10.27 17:26 저장안함
한국경제 2020.10.28 08:30 저장안함
한국경제 2020.10.28 16:42 저장안함
한국경제 2020.10.28 17:20 저장안함
한국경제 2020.10.28 17:31 저장안함
한국경제 2020.10.29 08:32 저장안함
한국경제 2020.10.30 08:12 저장안함
한국경제 2020.10.30 10:18 저장안함
한국경제 2020.11.02 08:27 저장안함
한국경제 2020.11.02 09:15 저장안함
한국경제 2020.11.02 13:38 저장안함
한국경제 2020.11.02 17:03 저장안함
한국경제 2020.11.03 17:03 저장안함
한국경제 2020.11.03 18:27 저장안함
한국경제 2020.11.04 11:52 저장안함
한국경제 2020.11.04 14:01 저장안함
한국경제 2020.11.04 17:01 저장안함
한국경제 2020.11.05 09:55 저장안함
한국경제 2020.11.05 16:16 저장안함
한국경제 2020.11.06 09:52 저장
종료
디비에 저장된 가장 최근 게시물 시간 2020-11-05 23:33:00
머니투데이 2020.11.06 09:56 저장
머니투데이 2020.11.06 10:14 저장
머니투데이 2020.11.06 10:16 저장
머니투데이 2020.11.06 10:17 저장
머니투데이 2020.11.06 10:24 저장
머니투데이 2020.11.06 10:26 저장
머니투데이 2020.11.06 10:27 저장
머니투데이 2020.11.06 10:29 저장
머니투데이 2020.11.06 10:29 저장
머니투데이 2020.11.06 10:30 저장
머니투데이 2020.11.06 10:39 저장
머니투데이 2020.11.06 10:41 저장
머니투데이 2020.11.06 11:08 저장
머니투데이 2020.11.06 11:33 저장
머니투데이 2020.11.06 11:36 저장
머니투데이 2020.11.06 11:37 저장
머니투데이 2020.11.06 11:49 저장
머니투데이 2020.11.06 12:10 저장
머니투데이 2020.11.06 12:10 저장
머니투데이 2020.11.06 12:13 저장
종료
디비에 저장된 가장 최근 게시물 시간 2020-11-03 10:29:00
한국증권신문-국내 2020-11-04 09:59 저장
한국증권신문-국내 2020-11-04 09:59 저장
한국증권신문-국내 2020-11-04 09:59 저장
한국증권신문-국내 2020-11-04 10:09 저장
한국증권신문-국내 2020-11-04 10:10 저장
한국증권신문-국내 2020-11-05 07:19 저장
한국증권신문-국내 2020-11-05 10:52 저장
한국증권신문-국내 2020-11-05 10:52 저장
한국증권신문-국내 2020-11-05 10:52 저장
한국증권신문-국내 2020-11-05 10:53 저장
한국증권신문-국내 2020-11-05 10:53 저장
한국증권신문-국내 2020-11-05 15:19 저장
한국증권신문-국내 2020-11-06 09:14 저장
한국증권신문-국내 2020-11-06 09:19 저장
한국증권신문-국내 2020-11-06 09:20 저장
한국증권신문-국내 2020-11-06 10:05 저장
한국증권신문-국내 2020-11-06 10:05 저장
한국증권신문-국내 2020-11-06 10:05 저장
한국증권신문-국내 2020-11-06 10:05 저장
한국증권신문-국내 2020-11-06 10:05 저장
종료
디비에 저장된 가장 최근 게시물 시간 2020-11-05 07:21:00
한국증권신문-해외 2020-10-08 07:15 저장안함
한국증권신문-해외 2020-10-13 07:31 저장안함
한국증권신문-해외 2020-10-13 07:32 저장안함
한국증권신문-해외 2020-10-13 07:33 저장안함
한국증권신문-해외 2020-10-14 07:31 저장안함
한국증권신문-해외 2020-10-15 07:59 저장안함
한국증권신문-해외 2020-10-16 06:05 저장안함
한국증권신문-해외 2020-10-20 06:57 저장안함
한국증권신문-해외 2020-10-21 07:12 저장안함
한국증권신문-해외 2020-10-22 07:12 저장안함
한국증권신문-해외 2020-10-23 07:15 저장안함
한국증권신문-해외 2020-10-27 06:41 저장안함
한국증권신문-해외 2020-10-28 07:19 저장안함
한국증권신문-해외 2020-10-29 07:46 저장안함
한국증권신문-해외 2020-10-29 07:47 저장안함
한국증권신문-해외 2020-10-30 06:35 저장안함
한국증권신문-해외 2020-11-04 07:40 저장안함
한국증권신문-해외 2020-11-05 07:21 저장안함
한국증권신문-해외 2020-11-06 09:06 저장
한국증권신문-해외 2020-11-06 09:10 저장
종료
종료
디비에 저장된 가장 최근 게시물 시간 2020-11-05 18:21:00
서울증시 2020.11.05 18:11 저장안함
서울증시 2020.11.05 18:21 저장안함
서울증시 2020.11.06 09:02 저장
서울증시 2020.11.06 09:03 저장
서울증시 2020.11.06 09:11 저장
서울증시 2020.11.06 09:18 저장
서울증시 2020.11.06 09:20 저장
서울증시 2020.11.06 09:21 저장
서울증시 2020.11.06 09:24 저장
서울증시 2020.11.06 09:36 저장
서울증시 2020.11.06 09:47 저장
서울증시 2020.11.06 09:58 저장
서울증시 2020.11.06 10:16 저장
서울증시 2020.11.06 11:14 저장
종료
crawling finish
crawling start
Scrapy 2.4.0 - no active project

Unknown command: crawl

Use "scrapy" to see available commands
Scrapy 2.4.0 - no active project

Unknown command: crawl

Use "scrapy" to see available commands
Scrapy 2.4.0 - no active project

Unknown command: crawl

Use "scrapy" to see available commands
Scrapy 2.4.0 - no active project

Unknown command: crawl

Use "scrapy" to see available commands
Scrapy 2.4.0 - no active project

Unknown command: crawl

Use "scrapy" to see available commands
Scrapy 2.4.0 - no active project

Unknown command: crawl

Use "scrapy" to see available commands
Scrapy 2.4.0 - no active project

Unknown command: crawl

Use "scrapy" to see available commands
crawling finish
crawling start
디비에 저장된 가장 최근 날자 20.11.06
kosdaq 20.10.26 저장 안함
kosdaq 20.10.27 저장 안함
kosdaq 20.10.28 저장 안함
kosdaq 20.10.29 저장 안함
kosdaq 20.10.30 저장 안함
kosdaq 20.11.02 저장 안함
kosdaq 20.11.03 저장 안함
kosdaq 20.11.04 저장 안함
kosdaq 20.11.05 저장 안함
kosdaq 20.11.06 저장 안함
종료
디비에 저장된 가장 최근 날자 20.11.06
kospi 20.10.26 저장 안함
kospi 20.10.27 저장 안함
kospi 20.10.28 저장 안함
kospi 20.10.29 저장 안함
kospi 20.10.30 저장 안함
kospi 20.11.02 저장 안함
kospi 20.11.03 저장 안함
kospi 20.11.04 저장 안함
kospi 20.11.05 저장 안함
kospi 20.11.06 저장 안함
종료
디비에 저장된 가장 최근 날자 20.11.06
kospi200 20.10.26 저장 안함
kospi200 20.10.27 저장 안함
kospi200 20.10.28 저장 안함
kospi200 20.10.29 저장 안함
kospi200 20.10.30 저장 안함
kospi200 20.11.02 저장 안함
kospi200 20.11.03 저장 안함
kospi200 20.11.04 저장 안함
kospi200 20.11.05 저장 안함
kospi200 20.11.06 저장 안함
종료
디비에 저장된 가장 최근 게시물 시간 2020-11-01 17:09:26.408111
한국경제 2020-10-27 17:26:00 저장안함
한국경제 2020-10-28 08:30:00 저장안함
한국경제 2020-10-28 16:42:00 저장안함
한국경제 2020-10-28 17:20:00 저장안함
한국경제 2020-10-28 17:31:00 저장안함
한국경제 2020-10-29 08:32:00 저장안함
한국경제 2020-10-30 08:12:00 저장안함
한국경제 2020-10-30 10:18:00 저장안함
한국경제 2020-11-02 08:27:00 저장
한국경제 2020-11-02 09:15:00 저장
한국경제 2020-11-02 13:38:00 저장
한국경제 2020-11-02 17:03:00 저장
한국경제 2020-11-03 17:03:00 저장
한국경제 2020-11-03 18:27:00 저장
한국경제 2020-11-04 11:52:00 저장
한국경제 2020-11-04 14:01:00 저장
한국경제 2020-11-04 17:01:00 저장
한국경제 2020-11-05 09:55:00 저장
한국경제 2020-11-05 16:16:00 저장
한국경제 2020-11-06 09:52:00 저장
종료
디비에 저장된 가장 최근 게시물 시간 2020-11-01 17:09:36.107592
머니투데이 2020-11-06 15:03:00 저장
머니투데이 2020-11-06 15:07:00 저장
머니투데이 2020-11-06 15:31:00 저장
머니투데이 2020-11-06 15:31:00 저장
머니투데이 2020-11-06 15:32:00 저장
머니투데이 2020-11-06 15:42:00 저장
머니투데이 2020-11-06 15:53:00 저장
머니투데이 2020-11-06 15:54:00 저장
머니투데이 2020-11-06 15:57:00 저장
머니투데이 2020-11-06 15:59:00 저장
머니투데이 2020-11-06 16:21:00 저장
머니투데이 2020-11-06 16:26:00 저장
머니투데이 2020-11-06 16:31:00 저장
머니투데이 2020-11-06 16:36:00 저장
머니투데이 2020-11-06 16:39:00 저장
머니투데이 2020-11-06 16:45:00 저장
머니투데이 2020-11-06 16:50:00 저장
머니투데이 2020-11-06 16:58:00 저장
머니투데이 2020-11-06 17:04:00 저장
머니투데이 2020-11-06 17:05:00 저장
종료
디비에 저장된 가장 최근 게시물 시간 2020-11-01 17:09:41.534900
한국증권신문-국내 2020-11-04 09:59:00 저장
한국증권신문-국내 2020-11-04 09:59:00 저장
한국증권신문-국내 2020-11-04 09:59:00 저장
한국증권신문-국내 2020-11-04 10:09:00 저장
한국증권신문-국내 2020-11-04 10:10:00 저장
한국증권신문-국내 2020-11-05 07:19:00 저장
한국증권신문-국내 2020-11-05 10:52:00 저장
한국증권신문-국내 2020-11-05 10:52:00 저장
한국증권신문-국내 2020-11-05 10:52:00 저장
한국증권신문-국내 2020-11-05 10:53:00 저장
한국증권신문-국내 2020-11-05 10:53:00 저장
한국증권신문-국내 2020-11-05 15:19:00 저장
한국증권신문-국내 2020-11-06 09:14:00 저장
한국증권신문-국내 2020-11-06 09:19:00 저장
한국증권신문-국내 2020-11-06 09:20:00 저장
한국증권신문-국내 2020-11-06 10:05:00 저장
한국증권신문-국내 2020-11-06 10:05:00 저장
한국증권신문-국내 2020-11-06 10:05:00 저장
한국증권신문-국내 2020-11-06 10:05:00 저장
한국증권신문-국내 2020-11-06 10:05:00 저장
종료
디비에 저장된 가장 최근 게시물 시간 2020-11-01 17:09:46.771990
한국증권신문-해외 2020-10-08 07:15:00 저장안함
한국증권신문-해외 2020-10-13 07:31:00 저장안함
한국증권신문-해외 2020-10-13 07:32:00 저장안함
한국증권신문-해외 2020-10-13 07:33:00 저장안함
한국증권신문-해외 2020-10-14 07:31:00 저장안함
한국증권신문-해외 2020-10-15 07:59:00 저장안함
한국증권신문-해외 2020-10-16 06:05:00 저장안함
한국증권신문-해외 2020-10-20 06:57:00 저장안함
한국증권신문-해외 2020-10-21 07:12:00 저장안함
한국증권신문-해외 2020-10-22 07:12:00 저장안함
한국증권신문-해외 2020-10-23 07:15:00 저장안함
한국증권신문-해외 2020-10-27 06:41:00 저장안함
한국증권신문-해외 2020-10-28 07:19:00 저장안함
한국증권신문-해외 2020-10-29 07:46:00 저장안함
한국증권신문-해외 2020-10-29 07:47:00 저장안함
한국증권신문-해외 2020-10-30 06:35:00 저장안함
한국증권신문-해외 2020-11-04 07:40:00 저장
한국증권신문-해외 2020-11-05 07:21:00 저장
한국증권신문-해외 2020-11-06 09:06:00 저장
한국증권신문-해외 2020-11-06 09:10:00 저장
종료
디비에 저장된 가장 최근 게시물 시간 2020-11-01 17:09:52.341431
연합뉴스 2020-11-06 15:36:00 저장
연합뉴스 2020-11-06 15:46:00 저장
연합뉴스 2020-11-06 15:48:00 저장
연합뉴스 2020-11-06 15:59:00 저장
연합뉴스 2020-11-06 16:02:00 저장
연합뉴스 2020-11-06 16:04:00 저장
연합뉴스 2020-11-06 16:06:00 저장
연합뉴스 2020-11-06 16:06:00 저장
연합뉴스 2020-11-06 16:08:00 저장
연합뉴스 2020-11-06 16:15:00 저장
연합뉴스 2020-11-06 16:16:00 저장
연합뉴스 2020-11-06 16:20:00 저장
연합뉴스 2020-11-06 16:29:00 저장
연합뉴스 2020-11-06 16:34:00 저장
연합뉴스 2020-11-06 16:38:00 저장
연합뉴스 2020-11-06 16:38:00 저장
연합뉴스 2020-11-06 16:38:00 저장
연합뉴스 2020-11-06 16:39:00 저장
연합뉴스 2020-11-06 16:39:00 저장
연합뉴스 2020-11-06 16:40:00 저장
연합뉴스 2020-11-06 16:40:00 저장
연합뉴스 2020-11-06 16:45:00 저장
연합뉴스 2020-11-06 16:46:00 저장
연합뉴스 2020-11-06 16:47:00 저장
연합뉴스 2020-11-06 16:49:00 저장
종료
디비에 저장된 가장 최근 게시물 시간 2020-11-01 17:09:59.283641
서울경제 2020-11-06 09:36:00 저장
서울경제 2020-11-06 09:47:00 저장
서울경제 2020-11-06 09:58:00 저장
서울경제 2020-11-06 10:16:00 저장
서울경제 2020-11-06 11:14:00 저장
서울경제 2020-11-06 13:22:00 저장
서울경제 2020-11-06 14:58:00 저장
서울경제 2020-11-06 15:12:00 저장
서울경제 2020-11-06 15:31:00 저장
서울경제 2020-11-06 15:32:00 저장
서울경제 2020-11-06 15:40:00 저장
서울경제 2020-11-06 15:41:00 저장
서울경제 2020-11-06 15:44:00 저장
서울경제 2020-11-06 16:47:59 저장
서울경제 2020-11-06 17:03:59 저장
종료
crawling finish
