crawling start
디비에 저장된 가장 최근 날자 20.11.13
kosdaq 20.11.02 저장 안함
kosdaq 20.11.03 저장 안함
kosdaq 20.11.04 저장 안함
kosdaq 20.11.05 저장 안함
kosdaq 20.11.06 저장 안함
kosdaq 20.11.09 저장 안함
kosdaq 20.11.10 저장 안함
kosdaq 20.11.11 저장 안함
kosdaq 20.11.12 저장 안함
kosdaq 20.11.13 저장 안함
종료
디비에 저장된 가장 최근 날자 20.11.11
kospi 20.11.02 저장 안함
kospi 20.11.03 저장 안함
kospi 20.11.04 저장 안함
kospi 20.11.05 저장 안함
kospi 20.11.06 저장 안함
kospi 20.11.09 저장 안함
kospi 20.11.10 저장 안함
kospi 20.11.11 저장 안함
kospi 20.11.12 저장
kospi 20.11.13 저장
종료
디비에 저장된 가장 최근 날자 20.11.13
kospi200 20.11.02 저장 안함
kospi200 20.11.03 저장 안함
kospi200 20.11.04 저장 안함
kospi200 20.11.05 저장 안함
kospi200 20.11.06 저장 안함
kospi200 20.11.09 저장 안함
kospi200 20.11.10 저장 안함
kospi200 20.11.11 저장 안함
kospi200 20.11.12 저장 안함
kospi200 20.11.13 저장 안함
종료
디비에 저장된 가장 최근 게시물 시간 2020-11-13 16:22:00
한국경제 2020-11-06 17:08:00 저장안함
한국경제 2020-11-09 07:47:00 저장안함
한국경제 2020-11-09 10:02:00 저장안함
한국경제 2020-11-09 11:38:00 저장안함
한국경제 2020-11-09 14:34:00 저장안함
한국경제 2020-11-09 15:00:00 저장안함
한국경제 2020-11-09 17:13:00 저장안함
한국경제 2020-11-10 09:39:00 저장안함
한국경제 2020-11-10 11:12:00 저장안함
한국경제 2020-11-10 17:18:00 저장안함
한국경제 2020-11-11 09:33:00 저장안함
한국경제 2020-11-11 09:45:00 저장안함
한국경제 2020-11-11 14:57:00 저장안함
한국경제 2020-11-11 15:10:00 저장안함
한국경제 2020-11-11 15:54:00 저장안함
한국경제 2020-11-11 16:00:00 저장안함
한국경제 2020-11-12 09:03:00 저장안함
한국경제 2020-11-13 16:22:00 저장안함
한국경제 2020-11-13 17:27:00 저장
한국경제 2020-11-13 17:28:00 저장
종료
디비에 저장된 가장 최근 게시물 시간 2020-11-13 18:28:00
머니투데이 2020-11-15 07:43:00 저장
머니투데이 2020-11-15 09:00:00 저장
머니투데이 2020-11-15 09:02:00 저장
머니투데이 2020-11-15 09:45:00 저장
머니투데이 2020-11-15 10:06:00 저장
머니투데이 2020-11-15 10:43:00 저장
머니투데이 2020-11-15 11:15:00 저장
머니투데이 2020-11-15 11:16:00 저장
머니투데이 2020-11-15 11:31:00 저장
머니투데이 2020-11-15 11:39:00 저장
머니투데이 2020-11-15 11:44:00 저장
머니투데이 2020-11-15 11:44:00 저장
머니투데이 2020-11-15 12:00:00 저장
머니투데이 2020-11-15 13:26:00 저장
머니투데이 2020-11-15 13:41:00 저장
머니투데이 2020-11-15 14:47:00 저장
머니투데이 2020-11-15 14:48:00 저장
머니투데이 2020-11-15 14:48:00 저장
머니투데이 2020-11-15 14:49:00 저장
머니투데이 2020-11-15 15:17:00 저장
종료
디비에 저장된 가장 최근 게시물 시간 2020-11-13 11:09:00
한국증권신문-국내 2020-11-10 10:36:00 저장안함
한국증권신문-국내 2020-11-11 07:31:00 저장안함
한국증권신문-국내 2020-11-11 10:08:00 저장안함
한국증권신문-국내 2020-11-11 10:26:00 저장안함
한국증권신문-국내 2020-11-11 10:57:00 저장안함
한국증권신문-국내 2020-11-11 13:33:00 저장안함
한국증권신문-국내 2020-11-11 13:33:00 저장안함
한국증권신문-국내 2020-11-11 13:34:00 저장안함
한국증권신문-국내 2020-11-11 13:34:00 저장안함
한국증권신문-국내 2020-11-12 08:09:00 저장안함
한국증권신문-국내 2020-11-12 10:08:00 저장안함
한국증권신문-국내 2020-11-12 10:09:00 저장안함
한국증권신문-국내 2020-11-12 10:11:00 저장안함
한국증권신문-국내 2020-11-12 10:12:00 저장안함
한국증권신문-국내 2020-11-12 10:12:00 저장안함
한국증권신문-국내 2020-11-13 08:59:00 저장안함
한국증권신문-국내 2020-11-13 09:55:00 저장안함
한국증권신문-국내 2020-11-13 10:17:00 저장안함
한국증권신문-국내 2020-11-13 10:58:00 저장안함
한국증권신문-국내 2020-11-13 11:09:00 저장안함
종료
디비에 저장된 가장 최근 게시물 시간 2020-11-13 09:03:00
한국증권신문-해외 2020-10-15 07:59:00 저장안함
한국증권신문-해외 2020-10-16 06:05:00 저장안함
한국증권신문-해외 2020-10-20 06:57:00 저장안함
한국증권신문-해외 2020-10-21 07:12:00 저장안함
한국증권신문-해외 2020-10-22 07:12:00 저장안함
한국증권신문-해외 2020-10-23 07:15:00 저장안함
한국증권신문-해외 2020-10-27 06:41:00 저장안함
한국증권신문-해외 2020-10-28 07:19:00 저장안함
한국증권신문-해외 2020-10-29 07:46:00 저장안함
한국증권신문-해외 2020-10-29 07:47:00 저장안함
한국증권신문-해외 2020-10-30 06:35:00 저장안함
한국증권신문-해외 2020-11-04 07:40:00 저장안함
한국증권신문-해외 2020-11-05 07:21:00 저장안함
한국증권신문-해외 2020-11-06 09:06:00 저장안함
한국증권신문-해외 2020-11-06 09:10:00 저장안함
한국증권신문-해외 2020-11-10 07:41:00 저장안함
한국증권신문-해외 2020-11-11 07:32:00 저장안함
한국증권신문-해외 2020-11-12 08:15:00 저장안함
한국증권신문-해외 2020-11-13 09:00:00 저장안함
한국증권신문-해외 2020-11-13 09:03:00 저장안함
종료
crawling finish
