crawling start
디비에 저장된 가장 최근 날자 20.11.05
kosdaq 20.10.23 저장 안함
kosdaq 20.10.26 저장 안함
kosdaq 20.10.27 저장 안함
kosdaq 20.10.28 저장 안함
kosdaq 20.10.29 저장 안함
kosdaq 20.10.30 저장 안함
kosdaq 20.11.02 저장 안함
kosdaq 20.11.03 저장 안함
kosdaq 20.11.04 저장 안함
kosdaq 20.11.05 저장 안함
종료
디비에 저장된 가장 최근 날자 20.11.05
kospi 20.10.23 저장 안함
kospi 20.10.26 저장 안함
kospi 20.10.27 저장 안함
kospi 20.10.28 저장 안함
kospi 20.10.29 저장 안함
kospi 20.10.30 저장 안함
kospi 20.11.02 저장 안함
kospi 20.11.03 저장 안함
kospi 20.11.04 저장 안함
kospi 20.11.05 저장 안함
종료
디비에 저장된 가장 최근 날자 20.11.03
kospi200 20.10.23 저장 안함
kospi200 20.10.26 저장 안함
kospi200 20.10.27 저장 안함
kospi200 20.10.28 저장 안함
kospi200 20.10.29 저장 안함
kospi200 20.10.30 저장 안함
kospi200 20.11.02 저장 안함
kospi200 20.11.03 저장 안함
kospi200 20.11.04 저장
kospi200 20.11.05 저장
종료
디비에 저장된 가장 최근 게시물 시간 2020-11-05 16:16:00
한국경제 2020.10.27 14:11 저장안함
한국경제 2020.10.27 17:26 저장안함
한국경제 2020.10.28 08:30 저장안함
한국경제 2020.10.28 16:42 저장안함
한국경제 2020.10.28 17:20 저장안함
한국경제 2020.10.28 17:31 저장안함
한국경제 2020.10.29 08:32 저장안함
한국경제 2020.10.30 08:12 저장안함
한국경제 2020.10.30 10:18 저장안함
한국경제 2020.11.02 08:27 저장안함
한국경제 2020.11.02 09:15 저장안함
한국경제 2020.11.02 13:38 저장안함
한국경제 2020.11.02 17:03 저장안함
한국경제 2020.11.03 17:03 저장안함
한국경제 2020.11.03 18:27 저장안함
한국경제 2020.11.04 11:52 저장안함
한국경제 2020.11.04 14:01 저장안함
한국경제 2020.11.04 17:01 저장안함
한국경제 2020.11.05 09:55 저장안함
한국경제 2020.11.05 16:16 저장안함
종료
디비에 저장된 가장 최근 게시물 시간 2020-11-05 23:33:00
머니투데이 2020.11.05 17:12 저장안함
머니투데이 2020.11.05 17:12 저장안함
머니투데이 2020.11.05 17:20 저장안함
머니투데이 2020.11.05 17:20 저장안함
머니투데이 2020.11.05 17:22 저장안함
머니투데이 2020.11.05 17:22 저장안함
머니투데이 2020.11.05 17:23 저장안함
머니투데이 2020.11.05 17:23 저장안함
머니투데이 2020.11.05 17:24 저장안함
머니투데이 2020.11.05 17:25 저장안함
머니투데이 2020.11.05 17:25 저장안함
머니투데이 2020.11.05 17:26 저장안함
머니투데이 2020.11.05 17:27 저장안함
머니투데이 2020.11.05 17:30 저장안함
머니투데이 2020.11.05 17:55 저장안함
머니투데이 2020.11.05 18:06 저장안함
머니투데이 2020.11.05 18:39 저장안함
머니투데이 2020.11.05 23:20 저장안함
머니투데이 2020.11.05 23:21 저장안함
머니투데이 2020.11.05 23:33 저장안함
종료
디비에 저장된 가장 최근 게시물 시간 2020-11-05 20:39:00
연합뉴스 11-05 16:03 저장안함
연합뉴스 11-05 16:18 저장안함
연합뉴스 11-05 16:23 저장안함
연합뉴스 11-05 16:24 저장안함
연합뉴스 11-05 16:28 저장안함
연합뉴스 11-05 16:30 저장안함
연합뉴스 11-05 16:30 저장안함
연합뉴스 11-05 16:31 저장안함
연합뉴스 11-05 16:33 저장안함
연합뉴스 11-05 16:33 저장안함
연합뉴스 11-05 16:33 저장안함
연합뉴스 11-05 16:34 저장안함
연합뉴스 11-05 16:37 저장안함
연합뉴스 11-05 16:42 저장안함
연합뉴스 11-05 17:04 저장안함
연합뉴스 11-05 17:14 저장안함
연합뉴스 11-05 17:21 저장안함
연합뉴스 11-05 17:31 저장안함
연합뉴스 11-05 17:36 저장안함
연합뉴스 11-05 17:41 저장안함
연합뉴스 11-05 17:51 저장안함
연합뉴스 11-05 18:32 저장안함
연합뉴스 11-05 18:33 저장안함
연합뉴스 11-05 19:44 저장안함
연합뉴스 11-05 20:39 저장안함
종료
디비에 저장된 가장 최근 게시물 시간 2020-11-04 23:51:27.469560
종료
crawling finish
