False
디비에 저장된 가장 최근 날자 20.11.20
kosdaq 20.11.10 저장 안함
kosdaq 20.11.11 저장 안함
kosdaq 20.11.12 저장 안함
kosdaq 20.11.13 저장 안함
kosdaq 20.11.16 저장 안함
kosdaq 20.11.17 저장 안함
kosdaq 20.11.18 저장 안함
kosdaq 20.11.19 저장 안함
kosdaq 20.11.20 저장 안함
kosdaq 20.11.23 저장
종료
False
디비에 저장된 가장 최근 날자 20.11.20
kospi 20.11.10 저장 안함
kospi 20.11.11 저장 안함
kospi 20.11.12 저장 안함
kospi 20.11.13 저장 안함
kospi 20.11.16 저장 안함
kospi 20.11.17 저장 안함
kospi 20.11.18 저장 안함
kospi 20.11.19 저장 안함
kospi 20.11.20 저장 안함
kospi 20.11.23 저장
종료
False
디비에 저장된 가장 최근 날자 20.11.20
kospi200 20.11.10 저장 안함
kospi200 20.11.11 저장 안함
kospi200 20.11.12 저장 안함
kospi200 20.11.13 저장 안함
kospi200 20.11.16 저장 안함
kospi200 20.11.17 저장 안함
kospi200 20.11.18 저장 안함
kospi200 20.11.19 저장 안함
kospi200 20.11.20 저장 안함
kospi200 20.11.23 저장
종료
