디비에 저장된 가장 최근 날자 20.11.18
kosdaq 20.11.05 저장 안함
kosdaq 20.11.06 저장 안함
kosdaq 20.11.09 저장 안함
kosdaq 20.11.10 저장 안함
kosdaq 20.11.11 저장 안함
kosdaq 20.11.12 저장 안함
kosdaq 20.11.13 저장 안함
kosdaq 20.11.16 저장 안함
kosdaq 20.11.17 저장 안함
kosdaq 20.11.18 저장 안함
종료
디비에 저장된 가장 최근 날자 20.11.18
kospi 20.11.05 저장 안함
kospi 20.11.06 저장 안함
kospi 20.11.09 저장 안함
kospi 20.11.10 저장 안함
kospi 20.11.11 저장 안함
kospi 20.11.12 저장 안함
kospi 20.11.13 저장 안함
kospi 20.11.16 저장 안함
kospi 20.11.17 저장 안함
kospi 20.11.18 저장 안함
종료
디비에 저장된 가장 최근 날자 20.11.18
kospi200 20.11.05 저장 안함
kospi200 20.11.06 저장 안함
kospi200 20.11.09 저장 안함
kospi200 20.11.10 저장 안함
kospi200 20.11.11 저장 안함
kospi200 20.11.12 저장 안함
kospi200 20.11.13 저장 안함
kospi200 20.11.16 저장 안함
kospi200 20.11.17 저장 안함
kospi200 20.11.18 저장 안함
종료
