finance_analysis
False
finance_analysis 종료
(('2020-11-20',),)
False
이미 저장된 데이터
키움증권 3Q review - 순풍에 돛단배 2020-11-13 https://newpoptv.samsungpop.com/newpop/html/View.jsp?boardType=IN_INVEST_INFO&contentCd=201113101827119P98S7&outside=Y&cid=
False
이미 저장된 데이터
한솔케미칼 삼박자 행진 2020-11-16 https://newpoptv.samsungpop.com/newpop/html/View.jsp?boardType=IN_INVEST_INFO&contentCd=201116101220833ZSXVA&outside=Y&cid=
False
이미 저장된 데이터
미래에셋대우 3Q review - 질적 측면에서 우수한 실적 2020-11-16 https://newpoptv.samsungpop.com/newpop/html/View.jsp?boardType=IN_INVEST_INFO&contentCd=2011161013343244R9ZN&outside=Y&cid=
False
이미 저장된 데이터
하이트진로 술판이 점점 커진다 2020-11-16 https://newpoptv.samsungpop.com/newpop/html/View.jsp?boardType=IN_INVEST_INFO&contentCd=2011161014347863C5HX&outside=Y&cid=
False
이미 저장된 데이터
NHN 신작 흥행이 필요하다 2020-11-16 https://newpoptv.samsungpop.com/newpop/html/View.jsp?boardType=IN_INVEST_INFO&contentCd=2011161016041505PH0N&outside=Y&cid=
False
이미 저장된 데이터
리노공업 3할8푼 수위 타자 유지 2020-11-16 https://newpoptv.samsungpop.com/newpop/html/View.jsp?boardType=IN_INVEST_INFO&contentCd=201116101703500CLVPV&outside=Y&cid=
False
이미 저장된 데이터
코스맥스 뒤늦은 코로나19의 영향 2020-11-16 https://newpoptv.samsungpop.com/newpop/html/View.jsp?boardType=IN_INVEST_INFO&contentCd=20111610180824283P19&outside=Y&cid=
False
이미 저장된 데이터
HMM 큰 그림에 변화는 없다 2020-11-16 https://newpoptv.samsungpop.com/newpop/html/View.jsp?boardType=IN_INVEST_INFO&contentCd=201116101941596VOUHY&outside=Y&cid=
False
이미 저장된 데이터
SK디앤디 서프라이즈, 이제 재생에너지 디벨로퍼로 프리미엄 필요 2020-11-16 https://newpoptv.samsungpop.com/newpop/html/View.jsp?boardType=IN_INVEST_INFO&contentCd=201116102103060Z7W6Q&outside=Y&cid=
False
이미 저장된 데이터
한국자산신탁 3Q Review - 리스크 해소에도 PER 3.9배 2020-11-16 https://newpoptv.samsungpop.com/newpop/html/View.jsp?boardType=IN_INVEST_INFO&contentCd=201116102204771U1PYR&outside=Y&cid=
False
이미 저장된 데이터
롯데리츠 물류센터를 비롯, 6개 자산 추가 편입 2020-11-16 https://newpoptv.samsungpop.com/newpop/html/View.jsp?boardType=IN_INVEST_INFO&contentCd=201116102318316X6UFT&outside=Y&cid=
False
이미 저장된 데이터
메리츠화재 3Q review - 사업비율 개선이 이끈 실적 호조 2020-11-16 https://newpoptv.samsungpop.com/newpop/html/View.jsp?boardType=IN_INVEST_INFO&contentCd=201116102802151COXPN&outside=Y&cid=
False
이미 저장된 데이터
DB손해보험 3Q review - 중장기 지표 개선 가능성에 주목 2020-11-16 https://newpoptv.samsungpop.com/newpop/html/View.jsp?boardType=IN_INVEST_INFO&contentCd=201116102901587F3IPM&outside=Y&cid=
False
이미 저장된 데이터
현대해상 3Q review - 경상 매각익 축소에 따른 실적 하회 2020-11-16 https://newpoptv.samsungpop.com/newpop/html/View.jsp?boardType=IN_INVEST_INFO&contentCd=2011161030132095KZFM&outside=Y&cid=
False
이미 저장된 데이터
Tech(OVERWEIGHT) 2021 반도체 Reality checks 2020-11-17 https://newpoptv.samsungpop.com/newpop/html/View.jsp?boardType=IN_INVEST_INFO&contentCd=201117112242783H6ZP1&outside=Y&cid=
False
이미 저장된 데이터
철강/비철금속(OVERWEIGHT) 위기에서 찾은 기회 2020-11-17 https://newpoptv.samsungpop.com/newpop/html/View.jsp?boardType=IN_INVEST_INFO&contentCd=2011171124037815SQ6N&outside=Y&cid=
False
이미 저장된 데이터
디앤씨미디어 해외 시장 공략 가속화 2020-11-17 https://newpoptv.samsungpop.com/newpop/html/View.jsp?boardType=IN_INVEST_INFO&contentCd=20111711271407804L7K&outside=Y&cid=
False
이미 저장된 데이터
엔씨소프트 리니지의 힘 2020-11-17 https://newpoptv.samsungpop.com/newpop/html/View.jsp?boardType=IN_INVEST_INFO&contentCd=201117112826349JRB5F&outside=Y&cid=
False
이미 저장된 데이터
LIG넥스원 3Q20 review, 보기보다 괜찮은 실적 2020-11-17 https://newpoptv.samsungpop.com/newpop/html/View.jsp?boardType=IN_INVEST_INFO&contentCd=201117112927176YNSKI&outside=Y&cid=
False
이미 저장된 데이터
대우조선해양 3Q20 review 업종 평균으로 회귀 2020-11-17 https://newpoptv.samsungpop.com/newpop/html/View.jsp?boardType=IN_INVEST_INFO&contentCd=2011171130539844SV46&outside=Y&cid=
False
이미 저장된 데이터
삼성화재 3Q review - 일회성 손실에 따른 손해율 상승 2020-11-17 https://newpoptv.samsungpop.com/newpop/html/View.jsp?boardType=IN_INVEST_INFO&contentCd=201117113211318XGKWN&outside=Y&cid=
False
이미 저장된 데이터
농심 해외 이익 기여 상승에 주목할 때 2020-11-17 https://newpoptv.samsungpop.com/newpop/html/View.jsp?boardType=IN_INVEST_INFO&contentCd=2011171133369626Z0WT&outside=Y&cid=
False
이미 저장된 데이터
풀무원 코로나 때문이 아니다 2020-11-17 https://newpoptv.samsungpop.com/newpop/html/View.jsp?boardType=IN_INVEST_INFO&contentCd=201117113513586FNIQU&outside=Y&cid=
False
이미 저장된 데이터
우리산업 3Q20 Review: 상대적 매력을 갖추기까지 시간이 필요 2020-11-17 https://newpoptv.samsungpop.com/newpop/html/View.jsp?boardType=IN_INVEST_INFO&contentCd=201117113628530ZPVQT&outside=Y&cid=
False
이미 저장된 데이터
셀트리온헬스케어 미국 트룩시마 이익 배분 효과로 호실적 기록 2020-11-17 https://newpoptv.samsungpop.com/newpop/html/View.jsp?boardType=IN_INVEST_INFO&contentCd=2011171137527546OAVH&outside=Y&cid=
False
이미 저장된 데이터
에스엘 3Q20 Review: 글로벌 램프회사로서 자신감 회복 2020-11-17 https://newpoptv.samsungpop.com/newpop/html/View.jsp?boardType=IN_INVEST_INFO&contentCd=201117113903705W8UFK&outside=Y&cid=
False
이미 저장된 데이터
에스에프에이 꿈과 현실 2020-11-17 https://newpoptv.samsungpop.com/newpop/html/View.jsp?boardType=IN_INVEST_INFO&contentCd=20111711400882787HCJ&outside=Y&cid=
False
이미 저장된 데이터
이지웰 탄탄한 비즈니스 모델로 성장 지속 2020-11-17 https://newpoptv.samsungpop.com/newpop/html/View.jsp?boardType=IN_INVEST_INFO&contentCd=201117114109590COR9L&outside=Y&cid=
False
이미 저장된 데이터
일진머티리얼즈 구매와 판매가 산정 시점의 차이 2020-11-17 https://newpoptv.samsungpop.com/newpop/html/View.jsp?boardType=IN_INVEST_INFO&contentCd=201117114209614QW4CT&outside=Y&cid=
False
이미 저장된 데이터
JYP Ent. 탄탄한 포트폴리오, 이번에도 호실적 2020-11-17 https://newpoptv.samsungpop.com/newpop/html/View.jsp?boardType=IN_INVEST_INFO&contentCd=201117114315557IXN0K&outside=Y&cid=
False
이미 저장된 데이터
신흥에스이씨 저평가된 고성장 부품주 2020-11-17 https://newpoptv.samsungpop.com/newpop/html/View.jsp?boardType=IN_INVEST_INFO&contentCd=2011171144131914GHL6&outside=Y&cid=
False
이미 저장된 데이터
빅히트 독보적인 이익 체력을 과시 2020-11-18 https://newpoptv.samsungpop.com/newpop/html/View.jsp?boardType=IN_INVEST_INFO&contentCd=201118092918007WXT2Y&outside=Y&cid=
False
이미 저장된 데이터
한국금융지주 3Q review - 충당금 적립을 감안하면 양호한 실적 2020-11-18 https://newpoptv.samsungpop.com/newpop/html/View.jsp?boardType=IN_INVEST_INFO&contentCd=201118093446443PGID1&outside=Y&cid=
False
이미 저장된 데이터
맥쿼리인프라 자산별 현금흐름과 NPV 분석 2020-11-18 https://newpoptv.samsungpop.com/newpop/html/View.jsp?boardType=IN_INVEST_INFO&contentCd=201118093545715VFO4H&outside=Y&cid=
False
이미 저장된 데이터
정유/화학(OVERWEIGHT) 2021 정유/화학 전망 - Silver Lining 2020-11-18 https://newpoptv.samsungpop.com/newpop/html/View.jsp?boardType=IN_INVEST_INFO&contentCd=201118093738686ACKBM&outside=Y&cid=
False
이미 저장된 데이터
Tech(OVERWEIGHT) 칭화유니의 채무 불이행과 YMTC 2020-11-18 https://newpoptv.samsungpop.com/newpop/html/View.jsp?boardType=IN_INVEST_INFO&contentCd=20111809390047711N0M&outside=Y&cid=
False
이미 저장된 데이터
SK이노베이션 2021년 전망 - 주식의 성격이 바뀔 전망 2020-11-18 https://newpoptv.samsungpop.com/newpop/html/View.jsp?boardType=IN_INVEST_INFO&contentCd=201118094002416Q1DE5&outside=Y&cid=
False
이미 저장된 데이터
S-Oil 2021년 전망 - 믿을 건 백신 2020-11-18 https://newpoptv.samsungpop.com/newpop/html/View.jsp?boardType=IN_INVEST_INFO&contentCd=201118094102008VC9V2&outside=Y&cid=
False
이미 저장된 데이터
LG화학 2021년 전망 - 최대 매출 창출원이 바뀌는 원년 2020-11-18 https://newpoptv.samsungpop.com/newpop/html/View.jsp?boardType=IN_INVEST_INFO&contentCd=20111809415983165A3U&outside=Y&cid=
False
이미 저장된 데이터
롯데케미칼 2021년 전망 - 전 사업부의 가파른 회복 2020-11-18 https://newpoptv.samsungpop.com/newpop/html/View.jsp?boardType=IN_INVEST_INFO&contentCd=201118094256602ABJU7&outside=Y&cid=
False
이미 저장된 데이터
한화솔루션 2021년 전망 - Green과 Green이 만나다 2020-11-18 https://newpoptv.samsungpop.com/newpop/html/View.jsp?boardType=IN_INVEST_INFO&contentCd=201118094349696BSU3D&outside=Y&cid=
False
이미 저장된 데이터
대한유화 2021년 전망 - ROE 개선세 지속 전망 2020-11-18 https://newpoptv.samsungpop.com/newpop/html/View.jsp?boardType=IN_INVEST_INFO&contentCd=201118094446546AE1XE&outside=Y&cid=
False
이미 저장된 데이터
신한알파리츠 판교 오피스 가치 상승 반영해 목표주가 상향 2020-11-20 https://newpoptv.samsungpop.com/newpop/html/View.jsp?boardType=IN_INVEST_INFO&contentCd=201120091904222IK7DT&outside=Y&cid=
False
이미 저장된 데이터
부동산 전세대책보다 공급규제 완화 신호가 더 중요 2020-11-20 https://newpoptv.samsungpop.com/newpop/html/View.jsp?boardType=IN_INVEST_INFO&contentCd=201120092013246BBDF0&outside=Y&cid=
False
이미 저장된 데이터
한국타이어앤테크놀로지 투자의 결실을 맛볼 시점 2020-11-20 https://newpoptv.samsungpop.com/newpop/html/View.jsp?boardType=IN_INVEST_INFO&contentCd=201120092109088KE4TM&outside=Y&cid=
finance_analysis finish
finance_analysis
False
finance_analysis 종료
(('2020-11-20',),)
False
이미 저장된 데이터
키움증권 3Q review - 순풍에 돛단배 2020-11-13 https://newpoptv.samsungpop.com/newpop/html/View.jsp?boardType=IN_INVEST_INFO&contentCd=201113101827119P98S7&outside=Y&cid=
False
이미 저장된 데이터
한솔케미칼 삼박자 행진 2020-11-16 https://newpoptv.samsungpop.com/newpop/html/View.jsp?boardType=IN_INVEST_INFO&contentCd=201116101220833ZSXVA&outside=Y&cid=
False
이미 저장된 데이터
미래에셋대우 3Q review - 질적 측면에서 우수한 실적 2020-11-16 https://newpoptv.samsungpop.com/newpop/html/View.jsp?boardType=IN_INVEST_INFO&contentCd=2011161013343244R9ZN&outside=Y&cid=
False
이미 저장된 데이터
하이트진로 술판이 점점 커진다 2020-11-16 https://newpoptv.samsungpop.com/newpop/html/View.jsp?boardType=IN_INVEST_INFO&contentCd=2011161014347863C5HX&outside=Y&cid=
False
이미 저장된 데이터
NHN 신작 흥행이 필요하다 2020-11-16 https://newpoptv.samsungpop.com/newpop/html/View.jsp?boardType=IN_INVEST_INFO&contentCd=2011161016041505PH0N&outside=Y&cid=
False
이미 저장된 데이터
리노공업 3할8푼 수위 타자 유지 2020-11-16 https://newpoptv.samsungpop.com/newpop/html/View.jsp?boardType=IN_INVEST_INFO&contentCd=201116101703500CLVPV&outside=Y&cid=
False
이미 저장된 데이터
코스맥스 뒤늦은 코로나19의 영향 2020-11-16 https://newpoptv.samsungpop.com/newpop/html/View.jsp?boardType=IN_INVEST_INFO&contentCd=20111610180824283P19&outside=Y&cid=
False
이미 저장된 데이터
HMM 큰 그림에 변화는 없다 2020-11-16 https://newpoptv.samsungpop.com/newpop/html/View.jsp?boardType=IN_INVEST_INFO&contentCd=201116101941596VOUHY&outside=Y&cid=
False
이미 저장된 데이터
SK디앤디 서프라이즈, 이제 재생에너지 디벨로퍼로 프리미엄 필요 2020-11-16 https://newpoptv.samsungpop.com/newpop/html/View.jsp?boardType=IN_INVEST_INFO&contentCd=201116102103060Z7W6Q&outside=Y&cid=
False
이미 저장된 데이터
한국자산신탁 3Q Review - 리스크 해소에도 PER 3.9배 2020-11-16 https://newpoptv.samsungpop.com/newpop/html/View.jsp?boardType=IN_INVEST_INFO&contentCd=201116102204771U1PYR&outside=Y&cid=
False
이미 저장된 데이터
롯데리츠 물류센터를 비롯, 6개 자산 추가 편입 2020-11-16 https://newpoptv.samsungpop.com/newpop/html/View.jsp?boardType=IN_INVEST_INFO&contentCd=201116102318316X6UFT&outside=Y&cid=
False
이미 저장된 데이터
메리츠화재 3Q review - 사업비율 개선이 이끈 실적 호조 2020-11-16 https://newpoptv.samsungpop.com/newpop/html/View.jsp?boardType=IN_INVEST_INFO&contentCd=201116102802151COXPN&outside=Y&cid=
False
이미 저장된 데이터
DB손해보험 3Q review - 중장기 지표 개선 가능성에 주목 2020-11-16 https://newpoptv.samsungpop.com/newpop/html/View.jsp?boardType=IN_INVEST_INFO&contentCd=201116102901587F3IPM&outside=Y&cid=
False
이미 저장된 데이터
현대해상 3Q review - 경상 매각익 축소에 따른 실적 하회 2020-11-16 https://newpoptv.samsungpop.com/newpop/html/View.jsp?boardType=IN_INVEST_INFO&contentCd=2011161030132095KZFM&outside=Y&cid=
False
이미 저장된 데이터
Tech(OVERWEIGHT) 2021 반도체 Reality checks 2020-11-17 https://newpoptv.samsungpop.com/newpop/html/View.jsp?boardType=IN_INVEST_INFO&contentCd=201117112242783H6ZP1&outside=Y&cid=
False
이미 저장된 데이터
철강/비철금속(OVERWEIGHT) 위기에서 찾은 기회 2020-11-17 https://newpoptv.samsungpop.com/newpop/html/View.jsp?boardType=IN_INVEST_INFO&contentCd=2011171124037815SQ6N&outside=Y&cid=
False
이미 저장된 데이터
디앤씨미디어 해외 시장 공략 가속화 2020-11-17 https://newpoptv.samsungpop.com/newpop/html/View.jsp?boardType=IN_INVEST_INFO&contentCd=20111711271407804L7K&outside=Y&cid=
False
이미 저장된 데이터
엔씨소프트 리니지의 힘 2020-11-17 https://newpoptv.samsungpop.com/newpop/html/View.jsp?boardType=IN_INVEST_INFO&contentCd=201117112826349JRB5F&outside=Y&cid=
False
이미 저장된 데이터
LIG넥스원 3Q20 review, 보기보다 괜찮은 실적 2020-11-17 https://newpoptv.samsungpop.com/newpop/html/View.jsp?boardType=IN_INVEST_INFO&contentCd=201117112927176YNSKI&outside=Y&cid=
False
이미 저장된 데이터
대우조선해양 3Q20 review 업종 평균으로 회귀 2020-11-17 https://newpoptv.samsungpop.com/newpop/html/View.jsp?boardType=IN_INVEST_INFO&contentCd=2011171130539844SV46&outside=Y&cid=
False
이미 저장된 데이터
삼성화재 3Q review - 일회성 손실에 따른 손해율 상승 2020-11-17 https://newpoptv.samsungpop.com/newpop/html/View.jsp?boardType=IN_INVEST_INFO&contentCd=201117113211318XGKWN&outside=Y&cid=
False
이미 저장된 데이터
농심 해외 이익 기여 상승에 주목할 때 2020-11-17 https://newpoptv.samsungpop.com/newpop/html/View.jsp?boardType=IN_INVEST_INFO&contentCd=2011171133369626Z0WT&outside=Y&cid=
False
이미 저장된 데이터
풀무원 코로나 때문이 아니다 2020-11-17 https://newpoptv.samsungpop.com/newpop/html/View.jsp?boardType=IN_INVEST_INFO&contentCd=201117113513586FNIQU&outside=Y&cid=
False
이미 저장된 데이터
우리산업 3Q20 Review: 상대적 매력을 갖추기까지 시간이 필요 2020-11-17 https://newpoptv.samsungpop.com/newpop/html/View.jsp?boardType=IN_INVEST_INFO&contentCd=201117113628530ZPVQT&outside=Y&cid=
False
이미 저장된 데이터
셀트리온헬스케어 미국 트룩시마 이익 배분 효과로 호실적 기록 2020-11-17 https://newpoptv.samsungpop.com/newpop/html/View.jsp?boardType=IN_INVEST_INFO&contentCd=2011171137527546OAVH&outside=Y&cid=
False
이미 저장된 데이터
에스엘 3Q20 Review: 글로벌 램프회사로서 자신감 회복 2020-11-17 https://newpoptv.samsungpop.com/newpop/html/View.jsp?boardType=IN_INVEST_INFO&contentCd=201117113903705W8UFK&outside=Y&cid=
False
이미 저장된 데이터
에스에프에이 꿈과 현실 2020-11-17 https://newpoptv.samsungpop.com/newpop/html/View.jsp?boardType=IN_INVEST_INFO&contentCd=20111711400882787HCJ&outside=Y&cid=
False
이미 저장된 데이터
이지웰 탄탄한 비즈니스 모델로 성장 지속 2020-11-17 https://newpoptv.samsungpop.com/newpop/html/View.jsp?boardType=IN_INVEST_INFO&contentCd=201117114109590COR9L&outside=Y&cid=
False
이미 저장된 데이터
일진머티리얼즈 구매와 판매가 산정 시점의 차이 2020-11-17 https://newpoptv.samsungpop.com/newpop/html/View.jsp?boardType=IN_INVEST_INFO&contentCd=201117114209614QW4CT&outside=Y&cid=
False
이미 저장된 데이터
JYP Ent. 탄탄한 포트폴리오, 이번에도 호실적 2020-11-17 https://newpoptv.samsungpop.com/newpop/html/View.jsp?boardType=IN_INVEST_INFO&contentCd=201117114315557IXN0K&outside=Y&cid=
False
이미 저장된 데이터
신흥에스이씨 저평가된 고성장 부품주 2020-11-17 https://newpoptv.samsungpop.com/newpop/html/View.jsp?boardType=IN_INVEST_INFO&contentCd=2011171144131914GHL6&outside=Y&cid=
False
이미 저장된 데이터
빅히트 독보적인 이익 체력을 과시 2020-11-18 https://newpoptv.samsungpop.com/newpop/html/View.jsp?boardType=IN_INVEST_INFO&contentCd=201118092918007WXT2Y&outside=Y&cid=
False
이미 저장된 데이터
한국금융지주 3Q review - 충당금 적립을 감안하면 양호한 실적 2020-11-18 https://newpoptv.samsungpop.com/newpop/html/View.jsp?boardType=IN_INVEST_INFO&contentCd=201118093446443PGID1&outside=Y&cid=
False
이미 저장된 데이터
맥쿼리인프라 자산별 현금흐름과 NPV 분석 2020-11-18 https://newpoptv.samsungpop.com/newpop/html/View.jsp?boardType=IN_INVEST_INFO&contentCd=201118093545715VFO4H&outside=Y&cid=
False
이미 저장된 데이터
정유/화학(OVERWEIGHT) 2021 정유/화학 전망 - Silver Lining 2020-11-18 https://newpoptv.samsungpop.com/newpop/html/View.jsp?boardType=IN_INVEST_INFO&contentCd=201118093738686ACKBM&outside=Y&cid=
False
이미 저장된 데이터
Tech(OVERWEIGHT) 칭화유니의 채무 불이행과 YMTC 2020-11-18 https://newpoptv.samsungpop.com/newpop/html/View.jsp?boardType=IN_INVEST_INFO&contentCd=20111809390047711N0M&outside=Y&cid=
False
이미 저장된 데이터
SK이노베이션 2021년 전망 - 주식의 성격이 바뀔 전망 2020-11-18 https://newpoptv.samsungpop.com/newpop/html/View.jsp?boardType=IN_INVEST_INFO&contentCd=201118094002416Q1DE5&outside=Y&cid=
False
이미 저장된 데이터
S-Oil 2021년 전망 - 믿을 건 백신 2020-11-18 https://newpoptv.samsungpop.com/newpop/html/View.jsp?boardType=IN_INVEST_INFO&contentCd=201118094102008VC9V2&outside=Y&cid=
False
이미 저장된 데이터
LG화학 2021년 전망 - 최대 매출 창출원이 바뀌는 원년 2020-11-18 https://newpoptv.samsungpop.com/newpop/html/View.jsp?boardType=IN_INVEST_INFO&contentCd=20111809415983165A3U&outside=Y&cid=
False
이미 저장된 데이터
롯데케미칼 2021년 전망 - 전 사업부의 가파른 회복 2020-11-18 https://newpoptv.samsungpop.com/newpop/html/View.jsp?boardType=IN_INVEST_INFO&contentCd=201118094256602ABJU7&outside=Y&cid=
False
이미 저장된 데이터
한화솔루션 2021년 전망 - Green과 Green이 만나다 2020-11-18 https://newpoptv.samsungpop.com/newpop/html/View.jsp?boardType=IN_INVEST_INFO&contentCd=201118094349696BSU3D&outside=Y&cid=
False
이미 저장된 데이터
대한유화 2021년 전망 - ROE 개선세 지속 전망 2020-11-18 https://newpoptv.samsungpop.com/newpop/html/View.jsp?boardType=IN_INVEST_INFO&contentCd=201118094446546AE1XE&outside=Y&cid=
False
이미 저장된 데이터
신한알파리츠 판교 오피스 가치 상승 반영해 목표주가 상향 2020-11-20 https://newpoptv.samsungpop.com/newpop/html/View.jsp?boardType=IN_INVEST_INFO&contentCd=201120091904222IK7DT&outside=Y&cid=
False
이미 저장된 데이터
부동산 전세대책보다 공급규제 완화 신호가 더 중요 2020-11-20 https://newpoptv.samsungpop.com/newpop/html/View.jsp?boardType=IN_INVEST_INFO&contentCd=201120092013246BBDF0&outside=Y&cid=
False
이미 저장된 데이터
한국타이어앤테크놀로지 투자의 결실을 맛볼 시점 2020-11-20 https://newpoptv.samsungpop.com/newpop/html/View.jsp?boardType=IN_INVEST_INFO&contentCd=201120092109088KE4TM&outside=Y&cid=
finance_analysis finish
finance_analysis
False
finance_analysis 종료
(('2020-11-20',),)
False
이미 저장된 데이터
키움증권 3Q review - 순풍에 돛단배 2020-11-13 https://newpoptv.samsungpop.com/newpop/html/View.jsp?boardType=IN_INVEST_INFO&contentCd=201113101827119P98S7&outside=Y&cid=
False
이미 저장된 데이터
한솔케미칼 삼박자 행진 2020-11-16 https://newpoptv.samsungpop.com/newpop/html/View.jsp?boardType=IN_INVEST_INFO&contentCd=201116101220833ZSXVA&outside=Y&cid=
False
이미 저장된 데이터
미래에셋대우 3Q review - 질적 측면에서 우수한 실적 2020-11-16 https://newpoptv.samsungpop.com/newpop/html/View.jsp?boardType=IN_INVEST_INFO&contentCd=2011161013343244R9ZN&outside=Y&cid=
False
이미 저장된 데이터
하이트진로 술판이 점점 커진다 2020-11-16 https://newpoptv.samsungpop.com/newpop/html/View.jsp?boardType=IN_INVEST_INFO&contentCd=2011161014347863C5HX&outside=Y&cid=
False
이미 저장된 데이터
NHN 신작 흥행이 필요하다 2020-11-16 https://newpoptv.samsungpop.com/newpop/html/View.jsp?boardType=IN_INVEST_INFO&contentCd=2011161016041505PH0N&outside=Y&cid=
False
이미 저장된 데이터
리노공업 3할8푼 수위 타자 유지 2020-11-16 https://newpoptv.samsungpop.com/newpop/html/View.jsp?boardType=IN_INVEST_INFO&contentCd=201116101703500CLVPV&outside=Y&cid=
False
이미 저장된 데이터
코스맥스 뒤늦은 코로나19의 영향 2020-11-16 https://newpoptv.samsungpop.com/newpop/html/View.jsp?boardType=IN_INVEST_INFO&contentCd=20111610180824283P19&outside=Y&cid=
False
이미 저장된 데이터
HMM 큰 그림에 변화는 없다 2020-11-16 https://newpoptv.samsungpop.com/newpop/html/View.jsp?boardType=IN_INVEST_INFO&contentCd=201116101941596VOUHY&outside=Y&cid=
False
이미 저장된 데이터
SK디앤디 서프라이즈, 이제 재생에너지 디벨로퍼로 프리미엄 필요 2020-11-16 https://newpoptv.samsungpop.com/newpop/html/View.jsp?boardType=IN_INVEST_INFO&contentCd=201116102103060Z7W6Q&outside=Y&cid=
False
이미 저장된 데이터
한국자산신탁 3Q Review - 리스크 해소에도 PER 3.9배 2020-11-16 https://newpoptv.samsungpop.com/newpop/html/View.jsp?boardType=IN_INVEST_INFO&contentCd=201116102204771U1PYR&outside=Y&cid=
False
이미 저장된 데이터
롯데리츠 물류센터를 비롯, 6개 자산 추가 편입 2020-11-16 https://newpoptv.samsungpop.com/newpop/html/View.jsp?boardType=IN_INVEST_INFO&contentCd=201116102318316X6UFT&outside=Y&cid=
False
이미 저장된 데이터
메리츠화재 3Q review - 사업비율 개선이 이끈 실적 호조 2020-11-16 https://newpoptv.samsungpop.com/newpop/html/View.jsp?boardType=IN_INVEST_INFO&contentCd=201116102802151COXPN&outside=Y&cid=
False
이미 저장된 데이터
DB손해보험 3Q review - 중장기 지표 개선 가능성에 주목 2020-11-16 https://newpoptv.samsungpop.com/newpop/html/View.jsp?boardType=IN_INVEST_INFO&contentCd=201116102901587F3IPM&outside=Y&cid=
False
이미 저장된 데이터
현대해상 3Q review - 경상 매각익 축소에 따른 실적 하회 2020-11-16 https://newpoptv.samsungpop.com/newpop/html/View.jsp?boardType=IN_INVEST_INFO&contentCd=2011161030132095KZFM&outside=Y&cid=
False
이미 저장된 데이터
Tech(OVERWEIGHT) 2021 반도체 Reality checks 2020-11-17 https://newpoptv.samsungpop.com/newpop/html/View.jsp?boardType=IN_INVEST_INFO&contentCd=201117112242783H6ZP1&outside=Y&cid=
False
이미 저장된 데이터
철강/비철금속(OVERWEIGHT) 위기에서 찾은 기회 2020-11-17 https://newpoptv.samsungpop.com/newpop/html/View.jsp?boardType=IN_INVEST_INFO&contentCd=2011171124037815SQ6N&outside=Y&cid=
False
이미 저장된 데이터
디앤씨미디어 해외 시장 공략 가속화 2020-11-17 https://newpoptv.samsungpop.com/newpop/html/View.jsp?boardType=IN_INVEST_INFO&contentCd=20111711271407804L7K&outside=Y&cid=
False
이미 저장된 데이터
엔씨소프트 리니지의 힘 2020-11-17 https://newpoptv.samsungpop.com/newpop/html/View.jsp?boardType=IN_INVEST_INFO&contentCd=201117112826349JRB5F&outside=Y&cid=
False
이미 저장된 데이터
LIG넥스원 3Q20 review, 보기보다 괜찮은 실적 2020-11-17 https://newpoptv.samsungpop.com/newpop/html/View.jsp?boardType=IN_INVEST_INFO&contentCd=201117112927176YNSKI&outside=Y&cid=
False
이미 저장된 데이터
대우조선해양 3Q20 review 업종 평균으로 회귀 2020-11-17 https://newpoptv.samsungpop.com/newpop/html/View.jsp?boardType=IN_INVEST_INFO&contentCd=2011171130539844SV46&outside=Y&cid=
False
이미 저장된 데이터
삼성화재 3Q review - 일회성 손실에 따른 손해율 상승 2020-11-17 https://newpoptv.samsungpop.com/newpop/html/View.jsp?boardType=IN_INVEST_INFO&contentCd=201117113211318XGKWN&outside=Y&cid=
False
이미 저장된 데이터
농심 해외 이익 기여 상승에 주목할 때 2020-11-17 https://newpoptv.samsungpop.com/newpop/html/View.jsp?boardType=IN_INVEST_INFO&contentCd=2011171133369626Z0WT&outside=Y&cid=
False
이미 저장된 데이터
풀무원 코로나 때문이 아니다 2020-11-17 https://newpoptv.samsungpop.com/newpop/html/View.jsp?boardType=IN_INVEST_INFO&contentCd=201117113513586FNIQU&outside=Y&cid=
False
이미 저장된 데이터
우리산업 3Q20 Review: 상대적 매력을 갖추기까지 시간이 필요 2020-11-17 https://newpoptv.samsungpop.com/newpop/html/View.jsp?boardType=IN_INVEST_INFO&contentCd=201117113628530ZPVQT&outside=Y&cid=
False
이미 저장된 데이터
셀트리온헬스케어 미국 트룩시마 이익 배분 효과로 호실적 기록 2020-11-17 https://newpoptv.samsungpop.com/newpop/html/View.jsp?boardType=IN_INVEST_INFO&contentCd=2011171137527546OAVH&outside=Y&cid=
False
이미 저장된 데이터
에스엘 3Q20 Review: 글로벌 램프회사로서 자신감 회복 2020-11-17 https://newpoptv.samsungpop.com/newpop/html/View.jsp?boardType=IN_INVEST_INFO&contentCd=201117113903705W8UFK&outside=Y&cid=
False
이미 저장된 데이터
에스에프에이 꿈과 현실 2020-11-17 https://newpoptv.samsungpop.com/newpop/html/View.jsp?boardType=IN_INVEST_INFO&contentCd=20111711400882787HCJ&outside=Y&cid=
False
이미 저장된 데이터
이지웰 탄탄한 비즈니스 모델로 성장 지속 2020-11-17 https://newpoptv.samsungpop.com/newpop/html/View.jsp?boardType=IN_INVEST_INFO&contentCd=201117114109590COR9L&outside=Y&cid=
False
이미 저장된 데이터
일진머티리얼즈 구매와 판매가 산정 시점의 차이 2020-11-17 https://newpoptv.samsungpop.com/newpop/html/View.jsp?boardType=IN_INVEST_INFO&contentCd=201117114209614QW4CT&outside=Y&cid=
False
이미 저장된 데이터
JYP Ent. 탄탄한 포트폴리오, 이번에도 호실적 2020-11-17 https://newpoptv.samsungpop.com/newpop/html/View.jsp?boardType=IN_INVEST_INFO&contentCd=201117114315557IXN0K&outside=Y&cid=
False
이미 저장된 데이터
신흥에스이씨 저평가된 고성장 부품주 2020-11-17 https://newpoptv.samsungpop.com/newpop/html/View.jsp?boardType=IN_INVEST_INFO&contentCd=2011171144131914GHL6&outside=Y&cid=
False
이미 저장된 데이터
빅히트 독보적인 이익 체력을 과시 2020-11-18 https://newpoptv.samsungpop.com/newpop/html/View.jsp?boardType=IN_INVEST_INFO&contentCd=201118092918007WXT2Y&outside=Y&cid=
False
이미 저장된 데이터
한국금융지주 3Q review - 충당금 적립을 감안하면 양호한 실적 2020-11-18 https://newpoptv.samsungpop.com/newpop/html/View.jsp?boardType=IN_INVEST_INFO&contentCd=201118093446443PGID1&outside=Y&cid=
False
이미 저장된 데이터
맥쿼리인프라 자산별 현금흐름과 NPV 분석 2020-11-18 https://newpoptv.samsungpop.com/newpop/html/View.jsp?boardType=IN_INVEST_INFO&contentCd=201118093545715VFO4H&outside=Y&cid=
False
이미 저장된 데이터
정유/화학(OVERWEIGHT) 2021 정유/화학 전망 - Silver Lining 2020-11-18 https://newpoptv.samsungpop.com/newpop/html/View.jsp?boardType=IN_INVEST_INFO&contentCd=201118093738686ACKBM&outside=Y&cid=
False
이미 저장된 데이터
Tech(OVERWEIGHT) 칭화유니의 채무 불이행과 YMTC 2020-11-18 https://newpoptv.samsungpop.com/newpop/html/View.jsp?boardType=IN_INVEST_INFO&contentCd=20111809390047711N0M&outside=Y&cid=
False
이미 저장된 데이터
SK이노베이션 2021년 전망 - 주식의 성격이 바뀔 전망 2020-11-18 https://newpoptv.samsungpop.com/newpop/html/View.jsp?boardType=IN_INVEST_INFO&contentCd=201118094002416Q1DE5&outside=Y&cid=
False
이미 저장된 데이터
S-Oil 2021년 전망 - 믿을 건 백신 2020-11-18 https://newpoptv.samsungpop.com/newpop/html/View.jsp?boardType=IN_INVEST_INFO&contentCd=201118094102008VC9V2&outside=Y&cid=
False
이미 저장된 데이터
LG화학 2021년 전망 - 최대 매출 창출원이 바뀌는 원년 2020-11-18 https://newpoptv.samsungpop.com/newpop/html/View.jsp?boardType=IN_INVEST_INFO&contentCd=20111809415983165A3U&outside=Y&cid=
False
이미 저장된 데이터
롯데케미칼 2021년 전망 - 전 사업부의 가파른 회복 2020-11-18 https://newpoptv.samsungpop.com/newpop/html/View.jsp?boardType=IN_INVEST_INFO&contentCd=201118094256602ABJU7&outside=Y&cid=
False
이미 저장된 데이터
한화솔루션 2021년 전망 - Green과 Green이 만나다 2020-11-18 https://newpoptv.samsungpop.com/newpop/html/View.jsp?boardType=IN_INVEST_INFO&contentCd=201118094349696BSU3D&outside=Y&cid=
False
이미 저장된 데이터
대한유화 2021년 전망 - ROE 개선세 지속 전망 2020-11-18 https://newpoptv.samsungpop.com/newpop/html/View.jsp?boardType=IN_INVEST_INFO&contentCd=201118094446546AE1XE&outside=Y&cid=
False
이미 저장된 데이터
신한알파리츠 판교 오피스 가치 상승 반영해 목표주가 상향 2020-11-20 https://newpoptv.samsungpop.com/newpop/html/View.jsp?boardType=IN_INVEST_INFO&contentCd=201120091904222IK7DT&outside=Y&cid=
False
이미 저장된 데이터
부동산 전세대책보다 공급규제 완화 신호가 더 중요 2020-11-20 https://newpoptv.samsungpop.com/newpop/html/View.jsp?boardType=IN_INVEST_INFO&contentCd=201120092013246BBDF0&outside=Y&cid=
False
이미 저장된 데이터
한국타이어앤테크놀로지 투자의 결실을 맛볼 시점 2020-11-20 https://newpoptv.samsungpop.com/newpop/html/View.jsp?boardType=IN_INVEST_INFO&contentCd=201120092109088KE4TM&outside=Y&cid=
finance_analysis finish
