False
버튼 누르기 전
db에 중복된 title 체크 시작
1
종료
db에 중복된 title 체크 종료
결과 :1
파일다운로드 준비중
이미 다운로드한 파일있음
이메일 전송 안함
kiwoom_daily_report finish
False
버튼 누르기 전
db에 중복된 title 체크 시작
1
종료
db에 중복된 title 체크 종료
결과 :1
파일다운로드 준비중
이미 다운로드한 파일있음
이메일 전송 안함
kiwoom_daily_report finish
False
버튼 누르기 전
db에 중복된 title 체크 시작
1
종료
db에 중복된 title 체크 종료
결과 :1
파일다운로드 준비중
이미 다운로드한 파일있음
이메일 전송 안함
kiwoom_daily_report finish
False
버튼 누르기 전
db에 중복된 title 체크 시작
1
종료
db에 중복된 title 체크 종료
결과 :1
파일다운로드 준비중
이미 다운로드한 파일있음
이메일 전송 안함
kiwoom_daily_report finish
False
버튼 누르기 전
db에 중복된 title 체크 시작
1
종료
db에 중복된 title 체크 종료
결과 :1
파일다운로드 준비중
이미 다운로드한 파일있음
이메일 전송 안함
kiwoom_daily_report finish
False
버튼 누르기 전
db에 중복된 title 체크 시작
1
종료
db에 중복된 title 체크 종료
결과 :1
파일다운로드 준비중
이미 다운로드한 파일있음
이메일 전송 안함
kiwoom_daily_report finish
False
버튼 누르기 전
db에 중복된 title 체크 시작
1
종료
db에 중복된 title 체크 종료
결과 :1
파일다운로드 준비중
이미 다운로드한 파일있음
이메일 전송 안함
kiwoom_daily_report finish
False
버튼 누르기 전
db에 중복된 title 체크 시작
1
종료
db에 중복된 title 체크 종료
결과 :1
파일다운로드 준비중
이미 다운로드한 파일있음
이메일 전송 안함
kiwoom_daily_report finish
False
버튼 누르기 전
db에 중복된 title 체크 시작
1
종료
db에 중복된 title 체크 종료
결과 :1
파일다운로드 준비중
이미 다운로드한 파일있음
이메일 전송 안함
kiwoom_daily_report finish
False
버튼 누르기 전
db에 중복된 title 체크 시작
1
종료
db에 중복된 title 체크 종료
결과 :1
파일다운로드 준비중
이미 다운로드한 파일있음
이메일 전송 안함
kiwoom_daily_report finish
False
버튼 누르기 전
db에 중복된 title 체크 시작
1
종료
db에 중복된 title 체크 종료
결과 :1
파일다운로드 준비중
이미 다운로드한 파일있음
이메일 전송 안함
kiwoom_daily_report finish
False
버튼 누르기 전
db에 중복된 title 체크 시작
1
종료
db에 중복된 title 체크 종료
결과 :1
파일다운로드 준비중
이미 다운로드한 파일있음
이메일 전송 안함
kiwoom_daily_report finish
