news_crawling
디비에 저장된 가장 최근 게시물 시간 2020-11-18 17:26:00
한국경제 2020-11-13 16:22:00 저장안함
한국경제 2020-11-13 17:27:00 저장안함
한국경제 2020-11-13 17:28:00 저장안함
한국경제 2020-11-15 17:21:00 저장안함
한국경제 2020-11-15 17:56:00 저장안함
한국경제 2020-11-16 08:08:00 저장안함
한국경제 2020-11-16 09:35:00 저장안함
한국경제 2020-11-16 10:01:00 저장안함
한국경제 2020-11-16 15:12:00 저장안함
한국경제 2020-11-16 17:20:00 저장안함
한국경제 2020-11-17 08:30:00 저장안함
한국경제 2020-11-17 09:23:00 저장안함
한국경제 2020-11-17 13:52:00 저장안함
한국경제 2020-11-17 15:43:00 저장안함
한국경제 2020-11-17 17:34:00 저장안함
한국경제 2020-11-18 14:15:00 저장안함
한국경제 2020-11-18 15:54:00 저장안함
한국경제 2020-11-18 17:11:00 저장안함
한국경제 2020-11-18 17:25:00 저장안함
한국경제 2020-11-18 17:26:00 저장안함
종료
디비에 저장된 가장 최근 게시물 시간 2020-11-19 12:42:00
머니투데이 2020-11-19 11:11:00 저장안함
머니투데이 2020-11-19 11:25:00 저장안함
머니투데이 2020-11-19 11:43:00 저장안함
머니투데이 2020-11-19 11:43:00 저장안함
머니투데이 2020-11-19 11:45:00 저장안함
머니투데이 2020-11-19 11:47:00 저장안함
머니투데이 2020-11-19 11:51:00 저장안함
머니투데이 2020-11-19 12:00:00 저장안함
머니투데이 2020-11-19 12:00:00 저장안함
머니투데이 2020-11-19 12:42:00 저장안함
머니투데이 2020-11-19 13:46:00 저장
머니투데이 2020-11-19 13:46:00 저장
머니투데이 2020-11-19 14:04:00 저장
머니투데이 2020-11-19 14:08:00 저장
머니투데이 2020-11-19 14:10:00 저장
머니투데이 2020-11-19 14:11:00 저장
머니투데이 2020-11-19 14:12:00 저장
머니투데이 2020-11-19 14:16:00 저장
머니투데이 2020-11-19 14:52:00 저장
머니투데이 2020-11-19 14:52:00 저장
종료
디비에 저장된 가장 최근 게시물 시간 2020-11-19 10:13:00
한국증권신문-국내 2020-11-17 09:51:00 저장안함
한국증권신문-국내 2020-11-17 09:52:00 저장안함
한국증권신문-국내 2020-11-17 09:52:00 저장안함
한국증권신문-국내 2020-11-17 09:52:00 저장안함
한국증권신문-국내 2020-11-17 09:52:00 저장안함
한국증권신문-국내 2020-11-17 09:52:00 저장안함
한국증권신문-국내 2020-11-17 09:52:00 저장안함
한국증권신문-국내 2020-11-18 08:20:00 저장안함
한국증권신문-국내 2020-11-18 09:42:00 저장안함
한국증권신문-국내 2020-11-18 09:42:00 저장안함
한국증권신문-국내 2020-11-18 09:42:00 저장안함
한국증권신문-국내 2020-11-18 09:42:00 저장안함
한국증권신문-국내 2020-11-18 09:43:00 저장안함
한국증권신문-국내 2020-11-18 10:06:00 저장안함
한국증권신문-국내 2020-11-19 07:42:00 저장안함
한국증권신문-국내 2020-11-19 10:06:00 저장안함
한국증권신문-국내 2020-11-19 10:13:00 저장안함
한국증권신문-국내 2020-11-19 10:13:00 저장안함
한국증권신문-국내 2020-11-19 10:13:00 저장안함
한국증권신문-국내 2020-11-19 10:13:00 저장안함
종료
디비에 저장된 가장 최근 게시물 시간 2020-11-19 07:38:00
한국증권신문-해외 2020-10-23 07:15:00 저장안함
한국증권신문-해외 2020-10-27 06:41:00 저장안함
한국증권신문-해외 2020-10-28 07:19:00 저장안함
한국증권신문-해외 2020-10-29 07:46:00 저장안함
한국증권신문-해외 2020-10-29 07:47:00 저장안함
한국증권신문-해외 2020-10-30 06:35:00 저장안함
한국증권신문-해외 2020-11-04 07:40:00 저장안함
한국증권신문-해외 2020-11-05 07:21:00 저장안함
한국증권신문-해외 2020-11-06 09:06:00 저장안함
한국증권신문-해외 2020-11-06 09:10:00 저장안함
한국증권신문-해외 2020-11-10 07:41:00 저장안함
한국증권신문-해외 2020-11-11 07:32:00 저장안함
한국증권신문-해외 2020-11-12 08:15:00 저장안함
한국증권신문-해외 2020-11-13 09:00:00 저장안함
한국증권신문-해외 2020-11-13 09:03:00 저장안함
한국증권신문-해외 2020-11-17 07:20:00 저장안함
한국증권신문-해외 2020-11-17 07:20:00 저장안함
한국증권신문-해외 2020-11-18 07:52:00 저장안함
한국증권신문-해외 2020-11-18 07:53:00 저장안함
한국증권신문-해외 2020-11-19 07:38:00 저장안함
종료
디비에 저장된 가장 최근 게시물 시간 2020-11-19 11:48:00
연합뉴스 2020-11-18 15:35:00 저장안함
연합뉴스 2020-11-18 15:57:00 저장안함
연합뉴스 2020-11-18 16:21:00 저장안함
연합뉴스 2020-11-18 16:30:00 저장안함
연합뉴스 2020-11-18 16:30:00 저장안함
연합뉴스 2020-11-18 16:30:00 저장안함
연합뉴스 2020-11-18 16:30:00 저장안함
연합뉴스 2020-11-18 16:31:00 저장안함
연합뉴스 2020-11-18 16:31:00 저장안함
연합뉴스 2020-11-18 16:31:00 저장안함
연합뉴스 2020-11-18 16:54:00 저장안함
연합뉴스 2020-11-18 17:33:00 저장안함
연합뉴스 2020-11-19 00:00:00 저장안함
연합뉴스 2020-11-19 02:34:00 저장안함
연합뉴스 2020-11-19 06:00:00 저장안함
연합뉴스 2020-11-19 06:05:00 저장안함
연합뉴스 2020-11-19 06:07:00 저장안함
연합뉴스 2020-11-19 06:40:00 저장안함
연합뉴스 2020-11-19 07:45:00 저장안함
연합뉴스 2020-11-19 09:01:00 저장안함
연합뉴스 2020-11-19 09:01:00 저장안함
연합뉴스 2020-11-19 09:27:00 저장안함
연합뉴스 2020-11-19 09:55:00 저장안함
연합뉴스 2020-11-19 11:22:00 저장안함
연합뉴스 2020-11-19 11:48:00 저장안함
종료
디비에 저장된 가장 최근 게시물 시간 2020-11-19 10:22:00
서울경제 2020-11-19 09:03:00 저장안함
서울경제 2020-11-19 09:19:00 저장안함
서울경제 2020-11-19 09:21:00 저장안함
서울경제 2020-11-19 09:23:00 저장안함
서울경제 2020-11-19 09:24:00 저장안함
서울경제 2020-11-19 09:28:00 저장안함
서울경제 2020-11-19 09:36:00 저장안함
서울경제 2020-11-19 09:44:00 저장안함
서울경제 2020-11-19 09:47:00 저장안함
서울경제 2020-11-19 09:56:00 저장안함
서울경제 2020-11-19 10:01:00 저장안함
서울경제 2020-11-19 10:22:00 저장안함
서울경제 2020-11-19 13:32:00 저장
서울경제 2020-11-19 13:46:00 저장
서울경제 2020-11-19 14:39:05 저장
종료
news_crawling finish
news_crawling
디비에 저장된 가장 최근 게시물 시간 2020-11-18 17:26:00
한국경제 2020-11-13 16:22:00 저장안함
한국경제 2020-11-13 17:27:00 저장안함
한국경제 2020-11-13 17:28:00 저장안함
한국경제 2020-11-15 17:21:00 저장안함
한국경제 2020-11-15 17:56:00 저장안함
한국경제 2020-11-16 08:08:00 저장안함
한국경제 2020-11-16 09:35:00 저장안함
한국경제 2020-11-16 10:01:00 저장안함
한국경제 2020-11-16 15:12:00 저장안함
한국경제 2020-11-16 17:20:00 저장안함
한국경제 2020-11-17 08:30:00 저장안함
한국경제 2020-11-17 09:23:00 저장안함
한국경제 2020-11-17 13:52:00 저장안함
한국경제 2020-11-17 15:43:00 저장안함
한국경제 2020-11-17 17:34:00 저장안함
한국경제 2020-11-18 14:15:00 저장안함
한국경제 2020-11-18 15:54:00 저장안함
한국경제 2020-11-18 17:11:00 저장안함
한국경제 2020-11-18 17:25:00 저장안함
한국경제 2020-11-18 17:26:00 저장안함
종료
디비에 저장된 가장 최근 게시물 시간 2020-11-19 14:52:00
머니투데이 2020-11-19 13:46:00 저장안함
머니투데이 2020-11-19 13:46:00 저장안함
머니투데이 2020-11-19 14:04:00 저장안함
머니투데이 2020-11-19 14:08:00 저장안함
머니투데이 2020-11-19 14:10:00 저장안함
머니투데이 2020-11-19 14:11:00 저장안함
머니투데이 2020-11-19 14:12:00 저장안함
머니투데이 2020-11-19 14:16:00 저장안함
머니투데이 2020-11-19 14:52:00 저장안함
머니투데이 2020-11-19 14:52:00 저장안함
머니투데이 2020-11-19 15:20:00 저장
머니투데이 2020-11-19 15:22:00 저장
머니투데이 2020-11-19 15:24:00 저장
머니투데이 2020-11-19 15:29:00 저장
머니투데이 2020-11-19 15:33:00 저장
머니투데이 2020-11-19 15:34:00 저장
머니투데이 2020-11-19 15:34:00 저장
머니투데이 2020-11-19 15:37:00 저장
머니투데이 2020-11-19 15:53:00 저장
머니투데이 2020-11-19 15:58:00 저장
종료
디비에 저장된 가장 최근 게시물 시간 2020-11-19 10:13:00
한국증권신문-국내 2020-11-17 09:51:00 저장안함
한국증권신문-국내 2020-11-17 09:52:00 저장안함
한국증권신문-국내 2020-11-17 09:52:00 저장안함
한국증권신문-국내 2020-11-17 09:52:00 저장안함
한국증권신문-국내 2020-11-17 09:52:00 저장안함
한국증권신문-국내 2020-11-17 09:52:00 저장안함
한국증권신문-국내 2020-11-17 09:52:00 저장안함
한국증권신문-국내 2020-11-18 08:20:00 저장안함
한국증권신문-국내 2020-11-18 09:42:00 저장안함
한국증권신문-국내 2020-11-18 09:42:00 저장안함
한국증권신문-국내 2020-11-18 09:42:00 저장안함
한국증권신문-국내 2020-11-18 09:42:00 저장안함
한국증권신문-국내 2020-11-18 09:43:00 저장안함
한국증권신문-국내 2020-11-18 10:06:00 저장안함
한국증권신문-국내 2020-11-19 07:42:00 저장안함
한국증권신문-국내 2020-11-19 10:06:00 저장안함
한국증권신문-국내 2020-11-19 10:13:00 저장안함
한국증권신문-국내 2020-11-19 10:13:00 저장안함
한국증권신문-국내 2020-11-19 10:13:00 저장안함
한국증권신문-국내 2020-11-19 10:13:00 저장안함
종료
디비에 저장된 가장 최근 게시물 시간 2020-11-19 07:38:00
한국증권신문-해외 2020-10-23 07:15:00 저장안함
한국증권신문-해외 2020-10-27 06:41:00 저장안함
한국증권신문-해외 2020-10-28 07:19:00 저장안함
한국증권신문-해외 2020-10-29 07:46:00 저장안함
한국증권신문-해외 2020-10-29 07:47:00 저장안함
한국증권신문-해외 2020-10-30 06:35:00 저장안함
한국증권신문-해외 2020-11-04 07:40:00 저장안함
한국증권신문-해외 2020-11-05 07:21:00 저장안함
한국증권신문-해외 2020-11-06 09:06:00 저장안함
한국증권신문-해외 2020-11-06 09:10:00 저장안함
한국증권신문-해외 2020-11-10 07:41:00 저장안함
한국증권신문-해외 2020-11-11 07:32:00 저장안함
한국증권신문-해외 2020-11-12 08:15:00 저장안함
한국증권신문-해외 2020-11-13 09:00:00 저장안함
한국증권신문-해외 2020-11-13 09:03:00 저장안함
한국증권신문-해외 2020-11-17 07:20:00 저장안함
한국증권신문-해외 2020-11-17 07:20:00 저장안함
한국증권신문-해외 2020-11-18 07:52:00 저장안함
한국증권신문-해외 2020-11-18 07:53:00 저장안함
한국증권신문-해외 2020-11-19 07:38:00 저장안함
종료
디비에 저장된 가장 최근 게시물 시간 2020-11-19 11:48:00
연합뉴스 2020-11-18 16:30:00 저장안함
연합뉴스 2020-11-18 16:30:00 저장안함
연합뉴스 2020-11-18 16:31:00 저장안함
연합뉴스 2020-11-18 16:31:00 저장안함
연합뉴스 2020-11-18 16:31:00 저장안함
연합뉴스 2020-11-18 16:54:00 저장안함
연합뉴스 2020-11-18 17:33:00 저장안함
연합뉴스 2020-11-19 00:00:00 저장안함
연합뉴스 2020-11-19 02:34:00 저장안함
연합뉴스 2020-11-19 06:00:00 저장안함
연합뉴스 2020-11-19 06:05:00 저장안함
연합뉴스 2020-11-19 06:07:00 저장안함
연합뉴스 2020-11-19 06:40:00 저장안함
연합뉴스 2020-11-19 07:45:00 저장안함
연합뉴스 2020-11-19 09:01:00 저장안함
연합뉴스 2020-11-19 09:01:00 저장안함
연합뉴스 2020-11-19 09:27:00 저장안함
연합뉴스 2020-11-19 09:55:00 저장안함
연합뉴스 2020-11-19 11:22:00 저장안함
연합뉴스 2020-11-19 11:48:00 저장안함
연합뉴스 2020-11-19 15:21:00 저장
연합뉴스 2020-11-19 15:33:00 저장
연합뉴스 2020-11-19 15:33:00 저장
연합뉴스 2020-11-19 15:35:00 저장
연합뉴스 2020-11-19 15:45:00 저장
종료
디비에 저장된 가장 최근 게시물 시간 2020-11-19 14:39:05
서울경제 2020-11-19 09:19:00 저장안함
서울경제 2020-11-19 09:21:00 저장안함
서울경제 2020-11-19 09:23:00 저장안함
서울경제 2020-11-19 09:24:00 저장안함
서울경제 2020-11-19 09:28:00 저장안함
서울경제 2020-11-19 09:36:00 저장안함
서울경제 2020-11-19 09:44:00 저장안함
서울경제 2020-11-19 09:47:00 저장안함
서울경제 2020-11-19 09:56:00 저장안함
서울경제 2020-11-19 10:01:00 저장안함
서울경제 2020-11-19 10:22:00 저장안함
서울경제 2020-11-19 13:32:00 저장안함
서울경제 2020-11-19 13:46:00 저장안함
서울경제 2020-11-19 14:39:00 저장안함
서울경제 2020-11-19 15:31:09 저장
종료
news_crawling finish
news_crawling
디비에 저장된 가장 최근 게시물 시간 2020-11-18 17:26:00
한국경제 2020-11-13 17:28:00 저장안함
한국경제 2020-11-15 17:21:00 저장안함
한국경제 2020-11-15 17:56:00 저장안함
한국경제 2020-11-16 08:08:00 저장안함
한국경제 2020-11-16 09:35:00 저장안함
한국경제 2020-11-16 10:01:00 저장안함
한국경제 2020-11-16 15:12:00 저장안함
한국경제 2020-11-16 17:20:00 저장안함
한국경제 2020-11-17 08:30:00 저장안함
한국경제 2020-11-17 09:23:00 저장안함
한국경제 2020-11-17 13:52:00 저장안함
한국경제 2020-11-17 15:43:00 저장안함
한국경제 2020-11-17 17:34:00 저장안함
한국경제 2020-11-18 14:15:00 저장안함
한국경제 2020-11-18 15:54:00 저장안함
한국경제 2020-11-18 17:11:00 저장안함
한국경제 2020-11-18 17:25:00 저장안함
한국경제 2020-11-18 17:26:00 저장안함
한국경제 2020-11-19 15:57:00 저장
한국경제 2020-11-19 15:57:00 저장
종료
디비에 저장된 가장 최근 게시물 시간 2020-11-19 15:58:00
머니투데이 2020-11-19 15:33:00 저장안함
머니투데이 2020-11-19 15:34:00 저장안함
머니투데이 2020-11-19 15:34:00 저장안함
머니투데이 2020-11-19 15:37:00 저장안함
머니투데이 2020-11-19 15:53:00 저장안함
머니투데이 2020-11-19 15:58:00 저장안함
머니투데이 2020-11-19 16:05:00 저장
머니투데이 2020-11-19 16:05:00 저장
머니투데이 2020-11-19 16:13:00 저장
머니투데이 2020-11-19 16:25:00 저장
머니투데이 2020-11-19 16:25:00 저장
머니투데이 2020-11-19 16:29:00 저장
머니투데이 2020-11-19 16:30:00 저장
머니투데이 2020-11-19 16:37:00 저장
머니투데이 2020-11-19 16:42:00 저장
머니투데이 2020-11-19 16:43:00 저장
머니투데이 2020-11-19 16:47:00 저장
머니투데이 2020-11-19 16:48:00 저장
머니투데이 2020-11-19 16:50:00 저장
머니투데이 2020-11-19 16:57:00 저장
종료
디비에 저장된 가장 최근 게시물 시간 2020-11-19 10:13:00
한국증권신문-국내 2020-11-17 09:51:00 저장안함
한국증권신문-국내 2020-11-17 09:52:00 저장안함
한국증권신문-국내 2020-11-17 09:52:00 저장안함
한국증권신문-국내 2020-11-17 09:52:00 저장안함
한국증권신문-국내 2020-11-17 09:52:00 저장안함
한국증권신문-국내 2020-11-17 09:52:00 저장안함
한국증권신문-국내 2020-11-17 09:52:00 저장안함
한국증권신문-국내 2020-11-18 08:20:00 저장안함
한국증권신문-국내 2020-11-18 09:42:00 저장안함
한국증권신문-국내 2020-11-18 09:42:00 저장안함
한국증권신문-국내 2020-11-18 09:42:00 저장안함
한국증권신문-국내 2020-11-18 09:42:00 저장안함
한국증권신문-국내 2020-11-18 09:43:00 저장안함
한국증권신문-국내 2020-11-18 10:06:00 저장안함
한국증권신문-국내 2020-11-19 07:42:00 저장안함
한국증권신문-국내 2020-11-19 10:06:00 저장안함
한국증권신문-국내 2020-11-19 10:13:00 저장안함
한국증권신문-국내 2020-11-19 10:13:00 저장안함
한국증권신문-국내 2020-11-19 10:13:00 저장안함
한국증권신문-국내 2020-11-19 10:13:00 저장안함
종료
디비에 저장된 가장 최근 게시물 시간 2020-11-19 07:38:00
한국증권신문-해외 2020-10-23 07:15:00 저장안함
한국증권신문-해외 2020-10-27 06:41:00 저장안함
한국증권신문-해외 2020-10-28 07:19:00 저장안함
한국증권신문-해외 2020-10-29 07:46:00 저장안함
한국증권신문-해외 2020-10-29 07:47:00 저장안함
한국증권신문-해외 2020-10-30 06:35:00 저장안함
한국증권신문-해외 2020-11-04 07:40:00 저장안함
한국증권신문-해외 2020-11-05 07:21:00 저장안함
한국증권신문-해외 2020-11-06 09:06:00 저장안함
한국증권신문-해외 2020-11-06 09:10:00 저장안함
한국증권신문-해외 2020-11-10 07:41:00 저장안함
한국증권신문-해외 2020-11-11 07:32:00 저장안함
한국증권신문-해외 2020-11-12 08:15:00 저장안함
한국증권신문-해외 2020-11-13 09:00:00 저장안함
한국증권신문-해외 2020-11-13 09:03:00 저장안함
한국증권신문-해외 2020-11-17 07:20:00 저장안함
한국증권신문-해외 2020-11-17 07:20:00 저장안함
한국증권신문-해외 2020-11-18 07:52:00 저장안함
한국증권신문-해외 2020-11-18 07:53:00 저장안함
한국증권신문-해외 2020-11-19 07:38:00 저장안함
종료
디비에 저장된 가장 최근 게시물 시간 2020-11-19 15:45:00
연합뉴스 2020-11-19 06:07:00 저장안함
연합뉴스 2020-11-19 06:40:00 저장안함
연합뉴스 2020-11-19 07:45:00 저장안함
연합뉴스 2020-11-19 09:01:00 저장안함
연합뉴스 2020-11-19 09:01:00 저장안함
연합뉴스 2020-11-19 09:27:00 저장안함
연합뉴스 2020-11-19 09:55:00 저장안함
연합뉴스 2020-11-19 11:22:00 저장안함
연합뉴스 2020-11-19 11:48:00 저장안함
연합뉴스 2020-11-19 15:21:00 저장안함
연합뉴스 2020-11-19 15:33:00 저장안함
연합뉴스 2020-11-19 15:33:00 저장안함
연합뉴스 2020-11-19 15:35:00 저장안함
연합뉴스 2020-11-19 15:45:00 저장안함
연합뉴스 2020-11-19 16:09:00 저장
연합뉴스 2020-11-19 16:20:00 저장
연합뉴스 2020-11-19 16:21:00 저장
연합뉴스 2020-11-19 16:30:00 저장
연합뉴스 2020-11-19 16:31:00 저장
연합뉴스 2020-11-19 16:31:00 저장
연합뉴스 2020-11-19 16:32:00 저장
연합뉴스 2020-11-19 16:32:00 저장
연합뉴스 2020-11-19 16:32:00 저장
연합뉴스 2020-11-19 16:33:00 저장
연합뉴스 2020-11-19 16:34:00 저장
종료
디비에 저장된 가장 최근 게시물 시간 2020-11-19 15:31:09
서울경제 2020-11-19 09:23:00 저장안함
서울경제 2020-11-19 09:24:00 저장안함
서울경제 2020-11-19 09:28:00 저장안함
서울경제 2020-11-19 09:36:00 저장안함
서울경제 2020-11-19 09:44:00 저장안함
서울경제 2020-11-19 09:47:00 저장안함
서울경제 2020-11-19 09:56:00 저장안함
서울경제 2020-11-19 10:01:00 저장안함
서울경제 2020-11-19 10:22:00 저장안함
서울경제 2020-11-19 13:32:00 저장안함
서울경제 2020-11-19 13:46:00 저장안함
서울경제 2020-11-19 14:39:00 저장안함
서울경제 2020-11-19 16:08:00 저장
서울경제 2020-11-19 16:53:06 저장
서울경제 2020-11-19 17:00:06 저장
종료
news_crawling finish
news_crawling
디비에 저장된 가장 최근 게시물 시간 2020-11-19 15:57:00
한국경제 2020-11-15 17:21:00 저장안함
한국경제 2020-11-15 17:56:00 저장안함
한국경제 2020-11-16 08:08:00 저장안함
한국경제 2020-11-16 09:35:00 저장안함
한국경제 2020-11-16 10:01:00 저장안함
한국경제 2020-11-16 15:12:00 저장안함
한국경제 2020-11-16 17:20:00 저장안함
한국경제 2020-11-17 08:30:00 저장안함
한국경제 2020-11-17 09:23:00 저장안함
한국경제 2020-11-17 13:52:00 저장안함
한국경제 2020-11-17 15:43:00 저장안함
한국경제 2020-11-17 17:34:00 저장안함
한국경제 2020-11-18 14:15:00 저장안함
한국경제 2020-11-18 15:54:00 저장안함
한국경제 2020-11-18 17:11:00 저장안함
한국경제 2020-11-18 17:25:00 저장안함
한국경제 2020-11-18 17:26:00 저장안함
한국경제 2020-11-19 15:57:00 저장안함
한국경제 2020-11-19 15:57:00 저장안함
한국경제 2020-11-19 17:29:00 저장
종료
디비에 저장된 가장 최근 게시물 시간 2020-11-19 16:57:00
머니투데이 2020-11-19 16:05:00 저장안함
머니투데이 2020-11-19 16:05:00 저장안함
머니투데이 2020-11-19 16:13:00 저장안함
머니투데이 2020-11-19 16:25:00 저장안함
머니투데이 2020-11-19 16:25:00 저장안함
머니투데이 2020-11-19 16:29:00 저장안함
머니투데이 2020-11-19 16:30:00 저장안함
머니투데이 2020-11-19 16:37:00 저장안함
머니투데이 2020-11-19 16:42:00 저장안함
머니투데이 2020-11-19 16:43:00 저장안함
머니투데이 2020-11-19 16:47:00 저장안함
머니투데이 2020-11-19 16:48:00 저장안함
머니투데이 2020-11-19 16:50:00 저장안함
머니투데이 2020-11-19 16:57:00 저장안함
머니투데이 2020-11-19 17:01:00 저장
머니투데이 2020-11-19 17:08:00 저장
머니투데이 2020-11-19 17:10:00 저장
머니투데이 2020-11-19 17:15:00 저장
머니투데이 2020-11-19 17:16:00 저장
머니투데이 2020-11-19 17:18:00 저장
종료
디비에 저장된 가장 최근 게시물 시간 2020-11-19 10:13:00
한국증권신문-국내 2020-11-17 09:51:00 저장안함
한국증권신문-국내 2020-11-17 09:52:00 저장안함
한국증권신문-국내 2020-11-17 09:52:00 저장안함
한국증권신문-국내 2020-11-17 09:52:00 저장안함
한국증권신문-국내 2020-11-17 09:52:00 저장안함
한국증권신문-국내 2020-11-17 09:52:00 저장안함
한국증권신문-국내 2020-11-17 09:52:00 저장안함
한국증권신문-국내 2020-11-18 08:20:00 저장안함
한국증권신문-국내 2020-11-18 09:42:00 저장안함
한국증권신문-국내 2020-11-18 09:42:00 저장안함
한국증권신문-국내 2020-11-18 09:42:00 저장안함
한국증권신문-국내 2020-11-18 09:42:00 저장안함
한국증권신문-국내 2020-11-18 09:43:00 저장안함
한국증권신문-국내 2020-11-18 10:06:00 저장안함
한국증권신문-국내 2020-11-19 07:42:00 저장안함
한국증권신문-국내 2020-11-19 10:06:00 저장안함
한국증권신문-국내 2020-11-19 10:13:00 저장안함
한국증권신문-국내 2020-11-19 10:13:00 저장안함
한국증권신문-국내 2020-11-19 10:13:00 저장안함
한국증권신문-국내 2020-11-19 10:13:00 저장안함
종료
디비에 저장된 가장 최근 게시물 시간 2020-11-19 07:38:00
한국증권신문-해외 2020-10-23 07:15:00 저장안함
한국증권신문-해외 2020-10-27 06:41:00 저장안함
한국증권신문-해외 2020-10-28 07:19:00 저장안함
한국증권신문-해외 2020-10-29 07:46:00 저장안함
한국증권신문-해외 2020-10-29 07:47:00 저장안함
한국증권신문-해외 2020-10-30 06:35:00 저장안함
한국증권신문-해외 2020-11-04 07:40:00 저장안함
한국증권신문-해외 2020-11-05 07:21:00 저장안함
한국증권신문-해외 2020-11-06 09:06:00 저장안함
한국증권신문-해외 2020-11-06 09:10:00 저장안함
한국증권신문-해외 2020-11-10 07:41:00 저장안함
한국증권신문-해외 2020-11-11 07:32:00 저장안함
한국증권신문-해외 2020-11-12 08:15:00 저장안함
한국증권신문-해외 2020-11-13 09:00:00 저장안함
한국증권신문-해외 2020-11-13 09:03:00 저장안함
한국증권신문-해외 2020-11-17 07:20:00 저장안함
한국증권신문-해외 2020-11-17 07:20:00 저장안함
한국증권신문-해외 2020-11-18 07:52:00 저장안함
한국증권신문-해외 2020-11-18 07:53:00 저장안함
한국증권신문-해외 2020-11-19 07:38:00 저장안함
종료
디비에 저장된 가장 최근 게시물 시간 2020-11-19 16:34:00
연합뉴스 2020-11-19 09:01:00 저장안함
연합뉴스 2020-11-19 09:01:00 저장안함
연합뉴스 2020-11-19 09:27:00 저장안함
연합뉴스 2020-11-19 09:55:00 저장안함
연합뉴스 2020-11-19 11:22:00 저장안함
연합뉴스 2020-11-19 11:48:00 저장안함
연합뉴스 2020-11-19 15:21:00 저장안함
연합뉴스 2020-11-19 15:33:00 저장안함
연합뉴스 2020-11-19 15:33:00 저장안함
연합뉴스 2020-11-19 15:35:00 저장안함
연합뉴스 2020-11-19 15:45:00 저장안함
연합뉴스 2020-11-19 16:09:00 저장안함
연합뉴스 2020-11-19 16:20:00 저장안함
연합뉴스 2020-11-19 16:21:00 저장안함
연합뉴스 2020-11-19 16:30:00 저장안함
연합뉴스 2020-11-19 16:31:00 저장안함
연합뉴스 2020-11-19 16:31:00 저장안함
연합뉴스 2020-11-19 16:32:00 저장안함
연합뉴스 2020-11-19 16:32:00 저장안함
연합뉴스 2020-11-19 16:32:00 저장안함
연합뉴스 2020-11-19 16:33:00 저장안함
연합뉴스 2020-11-19 16:34:00 저장안함
연합뉴스 2020-11-19 17:24:00 저장
연합뉴스 2020-11-19 17:28:00 저장
연합뉴스 2020-11-19 17:28:00 저장
종료
디비에 저장된 가장 최근 게시물 시간 2020-11-19 17:00:06
서울경제 2020-11-19 09:44:00 저장안함
서울경제 2020-11-19 09:47:00 저장안함
서울경제 2020-11-19 09:56:00 저장안함
서울경제 2020-11-19 10:01:00 저장안함
서울경제 2020-11-19 10:22:00 저장안함
서울경제 2020-11-19 13:32:00 저장안함
서울경제 2020-11-19 13:46:00 저장안함
서울경제 2020-11-19 14:39:00 저장안함
서울경제 2020-11-19 16:08:00 저장안함
서울경제 2020-11-19 16:53:00 저장안함
서울경제 2020-11-19 17:00:00 저장안함
서울경제 2020-11-19 17:12:00 저장
서울경제 2020-11-19 17:39:41 저장
서울경제 2020-11-19 17:41:41 저장
서울경제 2020-11-19 17:50:41 저장
종료
news_crawling finish
news_crawling
디비에 저장된 가장 최근 게시물 시간 2020-11-19 17:29:00
한국경제 2020-11-15 17:21:00 저장안함
한국경제 2020-11-15 17:56:00 저장안함
한국경제 2020-11-16 08:08:00 저장안함
한국경제 2020-11-16 09:35:00 저장안함
한국경제 2020-11-16 10:01:00 저장안함
한국경제 2020-11-16 15:12:00 저장안함
한국경제 2020-11-16 17:20:00 저장안함
한국경제 2020-11-17 08:30:00 저장안함
한국경제 2020-11-17 09:23:00 저장안함
한국경제 2020-11-17 13:52:00 저장안함
한국경제 2020-11-17 15:43:00 저장안함
한국경제 2020-11-17 17:34:00 저장안함
한국경제 2020-11-18 14:15:00 저장안함
한국경제 2020-11-18 15:54:00 저장안함
한국경제 2020-11-18 17:11:00 저장안함
한국경제 2020-11-18 17:25:00 저장안함
한국경제 2020-11-18 17:26:00 저장안함
한국경제 2020-11-19 15:57:00 저장안함
한국경제 2020-11-19 15:57:00 저장안함
한국경제 2020-11-19 17:29:00 저장안함
종료
디비에 저장된 가장 최근 게시물 시간 2020-11-19 17:18:00
머니투데이 2020-11-19 16:13:00 저장안함
머니투데이 2020-11-19 16:25:00 저장안함
머니투데이 2020-11-19 16:25:00 저장안함
머니투데이 2020-11-19 16:29:00 저장안함
머니투데이 2020-11-19 16:30:00 저장안함
머니투데이 2020-11-19 16:37:00 저장안함
머니투데이 2020-11-19 16:42:00 저장안함
머니투데이 2020-11-19 16:43:00 저장안함
머니투데이 2020-11-19 16:47:00 저장안함
머니투데이 2020-11-19 16:48:00 저장안함
머니투데이 2020-11-19 16:50:00 저장안함
머니투데이 2020-11-19 16:57:00 저장안함
머니투데이 2020-11-19 17:01:00 저장안함
머니투데이 2020-11-19 17:08:00 저장안함
머니투데이 2020-11-19 17:10:00 저장안함
머니투데이 2020-11-19 17:15:00 저장안함
머니투데이 2020-11-19 17:16:00 저장안함
머니투데이 2020-11-19 17:18:00 저장안함
머니투데이 2020-11-19 18:25:00 저장
머니투데이 2020-11-19 18:44:00 저장
종료
디비에 저장된 가장 최근 게시물 시간 2020-11-19 10:13:00
한국증권신문-국내 2020-11-17 09:51:00 저장안함
한국증권신문-국내 2020-11-17 09:52:00 저장안함
한국증권신문-국내 2020-11-17 09:52:00 저장안함
한국증권신문-국내 2020-11-17 09:52:00 저장안함
한국증권신문-국내 2020-11-17 09:52:00 저장안함
한국증권신문-국내 2020-11-17 09:52:00 저장안함
한국증권신문-국내 2020-11-17 09:52:00 저장안함
한국증권신문-국내 2020-11-18 08:20:00 저장안함
한국증권신문-국내 2020-11-18 09:42:00 저장안함
한국증권신문-국내 2020-11-18 09:42:00 저장안함
한국증권신문-국내 2020-11-18 09:42:00 저장안함
한국증권신문-국내 2020-11-18 09:42:00 저장안함
한국증권신문-국내 2020-11-18 09:43:00 저장안함
한국증권신문-국내 2020-11-18 10:06:00 저장안함
한국증권신문-국내 2020-11-19 07:42:00 저장안함
한국증권신문-국내 2020-11-19 10:06:00 저장안함
한국증권신문-국내 2020-11-19 10:13:00 저장안함
한국증권신문-국내 2020-11-19 10:13:00 저장안함
한국증권신문-국내 2020-11-19 10:13:00 저장안함
한국증권신문-국내 2020-11-19 10:13:00 저장안함
종료
디비에 저장된 가장 최근 게시물 시간 2020-11-19 07:38:00
한국증권신문-해외 2020-10-23 07:15:00 저장안함
한국증권신문-해외 2020-10-27 06:41:00 저장안함
한국증권신문-해외 2020-10-28 07:19:00 저장안함
한국증권신문-해외 2020-10-29 07:46:00 저장안함
한국증권신문-해외 2020-10-29 07:47:00 저장안함
한국증권신문-해외 2020-10-30 06:35:00 저장안함
한국증권신문-해외 2020-11-04 07:40:00 저장안함
한국증권신문-해외 2020-11-05 07:21:00 저장안함
한국증권신문-해외 2020-11-06 09:06:00 저장안함
한국증권신문-해외 2020-11-06 09:10:00 저장안함
한국증권신문-해외 2020-11-10 07:41:00 저장안함
한국증권신문-해외 2020-11-11 07:32:00 저장안함
한국증권신문-해외 2020-11-12 08:15:00 저장안함
한국증권신문-해외 2020-11-13 09:00:00 저장안함
한국증권신문-해외 2020-11-13 09:03:00 저장안함
한국증권신문-해외 2020-11-17 07:20:00 저장안함
한국증권신문-해외 2020-11-17 07:20:00 저장안함
한국증권신문-해외 2020-11-18 07:52:00 저장안함
한국증권신문-해외 2020-11-18 07:53:00 저장안함
한국증권신문-해외 2020-11-19 07:38:00 저장안함
종료
디비에 저장된 가장 최근 게시물 시간 2020-11-19 17:28:00
연합뉴스 2020-11-19 09:27:00 저장안함
연합뉴스 2020-11-19 09:55:00 저장안함
연합뉴스 2020-11-19 11:22:00 저장안함
연합뉴스 2020-11-19 11:48:00 저장안함
연합뉴스 2020-11-19 15:21:00 저장안함
연합뉴스 2020-11-19 15:33:00 저장안함
연합뉴스 2020-11-19 15:33:00 저장안함
연합뉴스 2020-11-19 15:35:00 저장안함
연합뉴스 2020-11-19 15:45:00 저장안함
연합뉴스 2020-11-19 16:09:00 저장안함
연합뉴스 2020-11-19 16:20:00 저장안함
연합뉴스 2020-11-19 16:21:00 저장안함
연합뉴스 2020-11-19 16:30:00 저장안함
연합뉴스 2020-11-19 16:31:00 저장안함
연합뉴스 2020-11-19 16:31:00 저장안함
연합뉴스 2020-11-19 16:32:00 저장안함
연합뉴스 2020-11-19 16:32:00 저장안함
연합뉴스 2020-11-19 16:32:00 저장안함
연합뉴스 2020-11-19 16:33:00 저장안함
연합뉴스 2020-11-19 16:34:00 저장안함
연합뉴스 2020-11-19 17:24:00 저장안함
연합뉴스 2020-11-19 17:28:00 저장안함
연합뉴스 2020-11-19 17:28:00 저장안함
연합뉴스 2020-11-19 18:02:00 저장
연합뉴스 2020-11-19 18:02:00 저장
종료
디비에 저장된 가장 최근 게시물 시간 2020-11-19 17:50:41
서울경제 2020-11-19 09:47:00 저장안함
서울경제 2020-11-19 09:56:00 저장안함
서울경제 2020-11-19 10:01:00 저장안함
서울경제 2020-11-19 10:22:00 저장안함
서울경제 2020-11-19 13:32:00 저장안함
서울경제 2020-11-19 13:46:00 저장안함
서울경제 2020-11-19 14:39:00 저장안함
서울경제 2020-11-19 16:08:00 저장안함
서울경제 2020-11-19 16:53:00 저장안함
서울경제 2020-11-19 17:00:00 저장안함
서울경제 2020-11-19 17:12:00 저장안함
서울경제 2020-11-19 17:39:00 저장안함
서울경제 2020-11-19 17:41:00 저장안함
서울경제 2020-11-19 17:50:00 저장안함
서울경제 2020-11-19 18:42:39 저장
종료
news_crawling finish
news_crawling
디비에 저장된 가장 최근 게시물 시간 2020-11-19 17:29:00
한국경제 2020-11-15 17:21:00 저장안함
한국경제 2020-11-15 17:56:00 저장안함
한국경제 2020-11-16 08:08:00 저장안함
한국경제 2020-11-16 09:35:00 저장안함
한국경제 2020-11-16 10:01:00 저장안함
한국경제 2020-11-16 15:12:00 저장안함
한국경제 2020-11-16 17:20:00 저장안함
한국경제 2020-11-17 08:30:00 저장안함
한국경제 2020-11-17 09:23:00 저장안함
한국경제 2020-11-17 13:52:00 저장안함
한국경제 2020-11-17 15:43:00 저장안함
한국경제 2020-11-17 17:34:00 저장안함
한국경제 2020-11-18 14:15:00 저장안함
한국경제 2020-11-18 15:54:00 저장안함
한국경제 2020-11-18 17:11:00 저장안함
한국경제 2020-11-18 17:25:00 저장안함
한국경제 2020-11-18 17:26:00 저장안함
한국경제 2020-11-19 15:57:00 저장안함
한국경제 2020-11-19 15:57:00 저장안함
한국경제 2020-11-19 17:29:00 저장안함
종료
디비에 저장된 가장 최근 게시물 시간 2020-11-19 18:44:00
머니투데이 2020-11-19 16:13:00 저장안함
머니투데이 2020-11-19 16:25:00 저장안함
머니투데이 2020-11-19 16:25:00 저장안함
머니투데이 2020-11-19 16:29:00 저장안함
머니투데이 2020-11-19 16:30:00 저장안함
머니투데이 2020-11-19 16:37:00 저장안함
머니투데이 2020-11-19 16:42:00 저장안함
머니투데이 2020-11-19 16:43:00 저장안함
머니투데이 2020-11-19 16:47:00 저장안함
머니투데이 2020-11-19 16:48:00 저장안함
머니투데이 2020-11-19 16:50:00 저장안함
머니투데이 2020-11-19 16:57:00 저장안함
머니투데이 2020-11-19 17:01:00 저장안함
머니투데이 2020-11-19 17:08:00 저장안함
머니투데이 2020-11-19 17:10:00 저장안함
머니투데이 2020-11-19 17:15:00 저장안함
머니투데이 2020-11-19 17:16:00 저장안함
머니투데이 2020-11-19 17:18:00 저장안함
머니투데이 2020-11-19 18:25:00 저장안함
머니투데이 2020-11-19 18:44:00 저장안함
종료
디비에 저장된 가장 최근 게시물 시간 2020-11-19 10:13:00
한국증권신문-국내 2020-11-17 09:51:00 저장안함
한국증권신문-국내 2020-11-17 09:52:00 저장안함
한국증권신문-국내 2020-11-17 09:52:00 저장안함
한국증권신문-국내 2020-11-17 09:52:00 저장안함
한국증권신문-국내 2020-11-17 09:52:00 저장안함
한국증권신문-국내 2020-11-17 09:52:00 저장안함
한국증권신문-국내 2020-11-17 09:52:00 저장안함
한국증권신문-국내 2020-11-18 08:20:00 저장안함
한국증권신문-국내 2020-11-18 09:42:00 저장안함
한국증권신문-국내 2020-11-18 09:42:00 저장안함
한국증권신문-국내 2020-11-18 09:42:00 저장안함
한국증권신문-국내 2020-11-18 09:42:00 저장안함
한국증권신문-국내 2020-11-18 09:43:00 저장안함
한국증권신문-국내 2020-11-18 10:06:00 저장안함
한국증권신문-국내 2020-11-19 07:42:00 저장안함
한국증권신문-국내 2020-11-19 10:06:00 저장안함
한국증권신문-국내 2020-11-19 10:13:00 저장안함
한국증권신문-국내 2020-11-19 10:13:00 저장안함
한국증권신문-국내 2020-11-19 10:13:00 저장안함
한국증권신문-국내 2020-11-19 10:13:00 저장안함
종료
디비에 저장된 가장 최근 게시물 시간 2020-11-19 07:38:00
한국증권신문-해외 2020-10-23 07:15:00 저장안함
한국증권신문-해외 2020-10-27 06:41:00 저장안함
한국증권신문-해외 2020-10-28 07:19:00 저장안함
한국증권신문-해외 2020-10-29 07:46:00 저장안함
한국증권신문-해외 2020-10-29 07:47:00 저장안함
한국증권신문-해외 2020-10-30 06:35:00 저장안함
한국증권신문-해외 2020-11-04 07:40:00 저장안함
한국증권신문-해외 2020-11-05 07:21:00 저장안함
한국증권신문-해외 2020-11-06 09:06:00 저장안함
한국증권신문-해외 2020-11-06 09:10:00 저장안함
한국증권신문-해외 2020-11-10 07:41:00 저장안함
한국증권신문-해외 2020-11-11 07:32:00 저장안함
한국증권신문-해외 2020-11-12 08:15:00 저장안함
한국증권신문-해외 2020-11-13 09:00:00 저장안함
한국증권신문-해외 2020-11-13 09:03:00 저장안함
한국증권신문-해외 2020-11-17 07:20:00 저장안함
한국증권신문-해외 2020-11-17 07:20:00 저장안함
한국증권신문-해외 2020-11-18 07:52:00 저장안함
한국증권신문-해외 2020-11-18 07:53:00 저장안함
한국증권신문-해외 2020-11-19 07:38:00 저장안함
종료
디비에 저장된 가장 최근 게시물 시간 2020-11-19 18:02:00
연합뉴스 2020-11-19 09:55:00 저장안함
연합뉴스 2020-11-19 11:22:00 저장안함
연합뉴스 2020-11-19 11:48:00 저장안함
연합뉴스 2020-11-19 15:21:00 저장안함
연합뉴스 2020-11-19 15:33:00 저장안함
연합뉴스 2020-11-19 15:33:00 저장안함
연합뉴스 2020-11-19 15:35:00 저장안함
연합뉴스 2020-11-19 15:45:00 저장안함
연합뉴스 2020-11-19 16:09:00 저장안함
연합뉴스 2020-11-19 16:20:00 저장안함
연합뉴스 2020-11-19 16:21:00 저장안함
연합뉴스 2020-11-19 16:30:00 저장안함
연합뉴스 2020-11-19 16:31:00 저장안함
연합뉴스 2020-11-19 16:31:00 저장안함
연합뉴스 2020-11-19 16:32:00 저장안함
연합뉴스 2020-11-19 16:32:00 저장안함
연합뉴스 2020-11-19 16:32:00 저장안함
연합뉴스 2020-11-19 16:33:00 저장안함
연합뉴스 2020-11-19 16:34:00 저장안함
연합뉴스 2020-11-19 17:24:00 저장안함
연합뉴스 2020-11-19 17:28:00 저장안함
연합뉴스 2020-11-19 17:28:00 저장안함
연합뉴스 2020-11-19 18:02:00 저장안함
연합뉴스 2020-11-19 18:02:00 저장안함
연합뉴스 2020-11-19 19:10:00 저장
종료
디비에 저장된 가장 최근 게시물 시간 2020-11-19 18:42:39
서울경제 2020-11-19 09:47:00 저장안함
서울경제 2020-11-19 09:56:00 저장안함
서울경제 2020-11-19 10:01:00 저장안함
서울경제 2020-11-19 10:22:00 저장안함
서울경제 2020-11-19 13:32:00 저장안함
서울경제 2020-11-19 13:46:00 저장안함
서울경제 2020-11-19 14:39:00 저장안함
서울경제 2020-11-19 16:08:00 저장안함
서울경제 2020-11-19 16:53:00 저장안함
서울경제 2020-11-19 17:00:00 저장안함
서울경제 2020-11-19 17:12:00 저장안함
서울경제 2020-11-19 17:39:00 저장안함
서울경제 2020-11-19 17:41:00 저장안함
서울경제 2020-11-19 17:50:00 저장안함
서울경제 2020-11-19 18:42:00 저장안함
종료
news_crawling finish
news_crawling
디비에 저장된 가장 최근 게시물 시간 2020-11-19 17:29:00
한국경제 2020-11-15 17:21:00 저장안함
한국경제 2020-11-15 17:56:00 저장안함
한국경제 2020-11-16 08:08:00 저장안함
한국경제 2020-11-16 09:35:00 저장안함
한국경제 2020-11-16 10:01:00 저장안함
한국경제 2020-11-16 15:12:00 저장안함
한국경제 2020-11-16 17:20:00 저장안함
한국경제 2020-11-17 08:30:00 저장안함
한국경제 2020-11-17 09:23:00 저장안함
한국경제 2020-11-17 13:52:00 저장안함
한국경제 2020-11-17 15:43:00 저장안함
한국경제 2020-11-17 17:34:00 저장안함
한국경제 2020-11-18 14:15:00 저장안함
한국경제 2020-11-18 15:54:00 저장안함
한국경제 2020-11-18 17:11:00 저장안함
한국경제 2020-11-18 17:25:00 저장안함
한국경제 2020-11-18 17:26:00 저장안함
한국경제 2020-11-19 15:57:00 저장안함
한국경제 2020-11-19 15:57:00 저장안함
한국경제 2020-11-19 17:29:00 저장안함
종료
디비에 저장된 가장 최근 게시물 시간 2020-11-19 18:44:00
머니투데이 2020-11-19 16:13:00 저장안함
머니투데이 2020-11-19 16:25:00 저장안함
머니투데이 2020-11-19 16:25:00 저장안함
머니투데이 2020-11-19 16:29:00 저장안함
머니투데이 2020-11-19 16:30:00 저장안함
머니투데이 2020-11-19 16:37:00 저장안함
머니투데이 2020-11-19 16:42:00 저장안함
머니투데이 2020-11-19 16:43:00 저장안함
머니투데이 2020-11-19 16:47:00 저장안함
머니투데이 2020-11-19 16:48:00 저장안함
머니투데이 2020-11-19 16:50:00 저장안함
머니투데이 2020-11-19 16:57:00 저장안함
머니투데이 2020-11-19 17:01:00 저장안함
머니투데이 2020-11-19 17:08:00 저장안함
머니투데이 2020-11-19 17:10:00 저장안함
머니투데이 2020-11-19 17:15:00 저장안함
머니투데이 2020-11-19 17:16:00 저장안함
머니투데이 2020-11-19 17:18:00 저장안함
머니투데이 2020-11-19 18:25:00 저장안함
머니투데이 2020-11-19 18:44:00 저장안함
종료
디비에 저장된 가장 최근 게시물 시간 2020-11-19 10:13:00
한국증권신문-국내 2020-11-17 09:51:00 저장안함
한국증권신문-국내 2020-11-17 09:52:00 저장안함
한국증권신문-국내 2020-11-17 09:52:00 저장안함
한국증권신문-국내 2020-11-17 09:52:00 저장안함
한국증권신문-국내 2020-11-17 09:52:00 저장안함
한국증권신문-국내 2020-11-17 09:52:00 저장안함
한국증권신문-국내 2020-11-17 09:52:00 저장안함
한국증권신문-국내 2020-11-18 08:20:00 저장안함
한국증권신문-국내 2020-11-18 09:42:00 저장안함
한국증권신문-국내 2020-11-18 09:42:00 저장안함
한국증권신문-국내 2020-11-18 09:42:00 저장안함
한국증권신문-국내 2020-11-18 09:42:00 저장안함
한국증권신문-국내 2020-11-18 09:43:00 저장안함
한국증권신문-국내 2020-11-18 10:06:00 저장안함
한국증권신문-국내 2020-11-19 07:42:00 저장안함
한국증권신문-국내 2020-11-19 10:06:00 저장안함
한국증권신문-국내 2020-11-19 10:13:00 저장안함
한국증권신문-국내 2020-11-19 10:13:00 저장안함
한국증권신문-국내 2020-11-19 10:13:00 저장안함
한국증권신문-국내 2020-11-19 10:13:00 저장안함
종료
디비에 저장된 가장 최근 게시물 시간 2020-11-19 07:38:00
한국증권신문-해외 2020-10-23 07:15:00 저장안함
한국증권신문-해외 2020-10-27 06:41:00 저장안함
한국증권신문-해외 2020-10-28 07:19:00 저장안함
한국증권신문-해외 2020-10-29 07:46:00 저장안함
한국증권신문-해외 2020-10-29 07:47:00 저장안함
한국증권신문-해외 2020-10-30 06:35:00 저장안함
한국증권신문-해외 2020-11-04 07:40:00 저장안함
한국증권신문-해외 2020-11-05 07:21:00 저장안함
한국증권신문-해외 2020-11-06 09:06:00 저장안함
한국증권신문-해외 2020-11-06 09:10:00 저장안함
한국증권신문-해외 2020-11-10 07:41:00 저장안함
한국증권신문-해외 2020-11-11 07:32:00 저장안함
한국증권신문-해외 2020-11-12 08:15:00 저장안함
한국증권신문-해외 2020-11-13 09:00:00 저장안함
한국증권신문-해외 2020-11-13 09:03:00 저장안함
한국증권신문-해외 2020-11-17 07:20:00 저장안함
한국증권신문-해외 2020-11-17 07:20:00 저장안함
한국증권신문-해외 2020-11-18 07:52:00 저장안함
한국증권신문-해외 2020-11-18 07:53:00 저장안함
한국증권신문-해외 2020-11-19 07:38:00 저장안함
종료
디비에 저장된 가장 최근 게시물 시간 2020-11-19 19:10:00
연합뉴스 2020-11-19 09:55:00 저장안함
연합뉴스 2020-11-19 11:22:00 저장안함
연합뉴스 2020-11-19 11:48:00 저장안함
연합뉴스 2020-11-19 15:21:00 저장안함
연합뉴스 2020-11-19 15:33:00 저장안함
연합뉴스 2020-11-19 15:33:00 저장안함
연합뉴스 2020-11-19 15:35:00 저장안함
연합뉴스 2020-11-19 15:45:00 저장안함
연합뉴스 2020-11-19 16:09:00 저장안함
연합뉴스 2020-11-19 16:20:00 저장안함
연합뉴스 2020-11-19 16:21:00 저장안함
연합뉴스 2020-11-19 16:30:00 저장안함
연합뉴스 2020-11-19 16:31:00 저장안함
연합뉴스 2020-11-19 16:31:00 저장안함
연합뉴스 2020-11-19 16:32:00 저장안함
연합뉴스 2020-11-19 16:32:00 저장안함
연합뉴스 2020-11-19 16:32:00 저장안함
연합뉴스 2020-11-19 16:33:00 저장안함
연합뉴스 2020-11-19 16:34:00 저장안함
연합뉴스 2020-11-19 17:24:00 저장안함
연합뉴스 2020-11-19 17:28:00 저장안함
연합뉴스 2020-11-19 17:28:00 저장안함
연합뉴스 2020-11-19 18:02:00 저장안함
연합뉴스 2020-11-19 18:02:00 저장안함
연합뉴스 2020-11-19 19:10:00 저장안함
종료
디비에 저장된 가장 최근 게시물 시간 2020-11-19 18:42:39
서울경제 2020-11-19 09:47:00 저장안함
서울경제 2020-11-19 09:56:00 저장안함
서울경제 2020-11-19 10:01:00 저장안함
서울경제 2020-11-19 10:22:00 저장안함
서울경제 2020-11-19 13:32:00 저장안함
서울경제 2020-11-19 13:46:00 저장안함
서울경제 2020-11-19 14:39:00 저장안함
서울경제 2020-11-19 16:08:00 저장안함
서울경제 2020-11-19 16:53:00 저장안함
서울경제 2020-11-19 17:00:00 저장안함
서울경제 2020-11-19 17:12:00 저장안함
서울경제 2020-11-19 17:39:00 저장안함
서울경제 2020-11-19 17:41:00 저장안함
서울경제 2020-11-19 17:50:00 저장안함
서울경제 2020-11-19 18:42:00 저장안함
종료
news_crawling finish
news_crawling
디비에 저장된 가장 최근 게시물 시간 2020-11-19 17:29:00
한국경제 2020-11-15 17:21:00 저장안함
한국경제 2020-11-15 17:56:00 저장안함
한국경제 2020-11-16 08:08:00 저장안함
한국경제 2020-11-16 09:35:00 저장안함
한국경제 2020-11-16 10:01:00 저장안함
한국경제 2020-11-16 15:12:00 저장안함
한국경제 2020-11-16 17:20:00 저장안함
한국경제 2020-11-17 08:30:00 저장안함
한국경제 2020-11-17 09:23:00 저장안함
한국경제 2020-11-17 13:52:00 저장안함
한국경제 2020-11-17 15:43:00 저장안함
한국경제 2020-11-17 17:34:00 저장안함
한국경제 2020-11-18 14:15:00 저장안함
한국경제 2020-11-18 15:54:00 저장안함
한국경제 2020-11-18 17:11:00 저장안함
한국경제 2020-11-18 17:25:00 저장안함
한국경제 2020-11-18 17:26:00 저장안함
한국경제 2020-11-19 15:57:00 저장안함
한국경제 2020-11-19 15:57:00 저장안함
한국경제 2020-11-19 17:29:00 저장안함
종료
디비에 저장된 가장 최근 게시물 시간 2020-11-19 18:44:00
머니투데이 2020-11-19 16:13:00 저장안함
머니투데이 2020-11-19 16:25:00 저장안함
머니투데이 2020-11-19 16:25:00 저장안함
머니투데이 2020-11-19 16:29:00 저장안함
머니투데이 2020-11-19 16:30:00 저장안함
머니투데이 2020-11-19 16:37:00 저장안함
머니투데이 2020-11-19 16:42:00 저장안함
머니투데이 2020-11-19 16:43:00 저장안함
머니투데이 2020-11-19 16:47:00 저장안함
머니투데이 2020-11-19 16:48:00 저장안함
머니투데이 2020-11-19 16:50:00 저장안함
머니투데이 2020-11-19 16:57:00 저장안함
머니투데이 2020-11-19 17:01:00 저장안함
머니투데이 2020-11-19 17:08:00 저장안함
머니투데이 2020-11-19 17:10:00 저장안함
머니투데이 2020-11-19 17:15:00 저장안함
머니투데이 2020-11-19 17:16:00 저장안함
머니투데이 2020-11-19 17:18:00 저장안함
머니투데이 2020-11-19 18:25:00 저장안함
머니투데이 2020-11-19 18:44:00 저장안함
종료
디비에 저장된 가장 최근 게시물 시간 2020-11-19 10:13:00
한국증권신문-국내 2020-11-17 09:51:00 저장안함
한국증권신문-국내 2020-11-17 09:52:00 저장안함
한국증권신문-국내 2020-11-17 09:52:00 저장안함
한국증권신문-국내 2020-11-17 09:52:00 저장안함
한국증권신문-국내 2020-11-17 09:52:00 저장안함
한국증권신문-국내 2020-11-17 09:52:00 저장안함
한국증권신문-국내 2020-11-17 09:52:00 저장안함
한국증권신문-국내 2020-11-18 08:20:00 저장안함
한국증권신문-국내 2020-11-18 09:42:00 저장안함
한국증권신문-국내 2020-11-18 09:42:00 저장안함
한국증권신문-국내 2020-11-18 09:42:00 저장안함
한국증권신문-국내 2020-11-18 09:42:00 저장안함
한국증권신문-국내 2020-11-18 09:43:00 저장안함
한국증권신문-국내 2020-11-18 10:06:00 저장안함
한국증권신문-국내 2020-11-19 07:42:00 저장안함
한국증권신문-국내 2020-11-19 10:06:00 저장안함
한국증권신문-국내 2020-11-19 10:13:00 저장안함
한국증권신문-국내 2020-11-19 10:13:00 저장안함
한국증권신문-국내 2020-11-19 10:13:00 저장안함
한국증권신문-국내 2020-11-19 10:13:00 저장안함
종료
디비에 저장된 가장 최근 게시물 시간 2020-11-19 07:38:00
한국증권신문-해외 2020-10-23 07:15:00 저장안함
한국증권신문-해외 2020-10-27 06:41:00 저장안함
한국증권신문-해외 2020-10-28 07:19:00 저장안함
한국증권신문-해외 2020-10-29 07:46:00 저장안함
한국증권신문-해외 2020-10-29 07:47:00 저장안함
한국증권신문-해외 2020-10-30 06:35:00 저장안함
한국증권신문-해외 2020-11-04 07:40:00 저장안함
한국증권신문-해외 2020-11-05 07:21:00 저장안함
한국증권신문-해외 2020-11-06 09:06:00 저장안함
한국증권신문-해외 2020-11-06 09:10:00 저장안함
한국증권신문-해외 2020-11-10 07:41:00 저장안함
한국증권신문-해외 2020-11-11 07:32:00 저장안함
한국증권신문-해외 2020-11-12 08:15:00 저장안함
한국증권신문-해외 2020-11-13 09:00:00 저장안함
한국증권신문-해외 2020-11-13 09:03:00 저장안함
한국증권신문-해외 2020-11-17 07:20:00 저장안함
한국증권신문-해외 2020-11-17 07:20:00 저장안함
한국증권신문-해외 2020-11-18 07:52:00 저장안함
한국증권신문-해외 2020-11-18 07:53:00 저장안함
한국증권신문-해외 2020-11-19 07:38:00 저장안함
종료
디비에 저장된 가장 최근 게시물 시간 2020-11-19 19:10:00
연합뉴스 2020-11-19 09:55:00 저장안함
연합뉴스 2020-11-19 11:22:00 저장안함
연합뉴스 2020-11-19 11:48:00 저장안함
연합뉴스 2020-11-19 15:21:00 저장안함
연합뉴스 2020-11-19 15:33:00 저장안함
연합뉴스 2020-11-19 15:33:00 저장안함
연합뉴스 2020-11-19 15:35:00 저장안함
연합뉴스 2020-11-19 15:45:00 저장안함
연합뉴스 2020-11-19 16:09:00 저장안함
연합뉴스 2020-11-19 16:20:00 저장안함
연합뉴스 2020-11-19 16:21:00 저장안함
연합뉴스 2020-11-19 16:30:00 저장안함
연합뉴스 2020-11-19 16:31:00 저장안함
연합뉴스 2020-11-19 16:31:00 저장안함
연합뉴스 2020-11-19 16:32:00 저장안함
연합뉴스 2020-11-19 16:32:00 저장안함
연합뉴스 2020-11-19 16:32:00 저장안함
연합뉴스 2020-11-19 16:33:00 저장안함
연합뉴스 2020-11-19 16:34:00 저장안함
연합뉴스 2020-11-19 17:24:00 저장안함
연합뉴스 2020-11-19 17:28:00 저장안함
연합뉴스 2020-11-19 17:28:00 저장안함
연합뉴스 2020-11-19 18:02:00 저장안함
연합뉴스 2020-11-19 18:02:00 저장안함
연합뉴스 2020-11-19 19:10:00 저장안함
종료
디비에 저장된 가장 최근 게시물 시간 2020-11-19 18:42:39
서울경제 2020-11-19 09:47:00 저장안함
서울경제 2020-11-19 09:56:00 저장안함
서울경제 2020-11-19 10:01:00 저장안함
서울경제 2020-11-19 10:22:00 저장안함
서울경제 2020-11-19 13:32:00 저장안함
서울경제 2020-11-19 13:46:00 저장안함
서울경제 2020-11-19 14:39:00 저장안함
서울경제 2020-11-19 16:08:00 저장안함
서울경제 2020-11-19 16:53:00 저장안함
서울경제 2020-11-19 17:00:00 저장안함
서울경제 2020-11-19 17:12:00 저장안함
서울경제 2020-11-19 17:39:00 저장안함
서울경제 2020-11-19 17:41:00 저장안함
서울경제 2020-11-19 17:50:00 저장안함
서울경제 2020-11-19 18:42:00 저장안함
종료
news_crawling finish
news_crawling
디비에 저장된 가장 최근 게시물 시간 2020-11-19 17:29:00
한국경제 2020-11-15 17:21:00 저장안함
한국경제 2020-11-15 17:56:00 저장안함
한국경제 2020-11-16 08:08:00 저장안함
한국경제 2020-11-16 09:35:00 저장안함
한국경제 2020-11-16 10:01:00 저장안함
한국경제 2020-11-16 15:12:00 저장안함
한국경제 2020-11-16 17:20:00 저장안함
한국경제 2020-11-17 08:30:00 저장안함
한국경제 2020-11-17 09:23:00 저장안함
한국경제 2020-11-17 13:52:00 저장안함
한국경제 2020-11-17 15:43:00 저장안함
한국경제 2020-11-17 17:34:00 저장안함
한국경제 2020-11-18 14:15:00 저장안함
한국경제 2020-11-18 15:54:00 저장안함
한국경제 2020-11-18 17:11:00 저장안함
한국경제 2020-11-18 17:25:00 저장안함
한국경제 2020-11-18 17:26:00 저장안함
한국경제 2020-11-19 15:57:00 저장안함
한국경제 2020-11-19 15:57:00 저장안함
한국경제 2020-11-19 17:29:00 저장안함
종료
디비에 저장된 가장 최근 게시물 시간 2020-11-19 18:44:00
머니투데이 2020-11-19 16:13:00 저장안함
머니투데이 2020-11-19 16:25:00 저장안함
머니투데이 2020-11-19 16:25:00 저장안함
머니투데이 2020-11-19 16:29:00 저장안함
머니투데이 2020-11-19 16:30:00 저장안함
머니투데이 2020-11-19 16:37:00 저장안함
머니투데이 2020-11-19 16:42:00 저장안함
머니투데이 2020-11-19 16:43:00 저장안함
머니투데이 2020-11-19 16:47:00 저장안함
머니투데이 2020-11-19 16:48:00 저장안함
머니투데이 2020-11-19 16:50:00 저장안함
머니투데이 2020-11-19 16:57:00 저장안함
머니투데이 2020-11-19 17:01:00 저장안함
머니투데이 2020-11-19 17:08:00 저장안함
머니투데이 2020-11-19 17:10:00 저장안함
머니투데이 2020-11-19 17:15:00 저장안함
머니투데이 2020-11-19 17:16:00 저장안함
머니투데이 2020-11-19 17:18:00 저장안함
머니투데이 2020-11-19 18:25:00 저장안함
머니투데이 2020-11-19 18:44:00 저장안함
종료
디비에 저장된 가장 최근 게시물 시간 2020-11-19 10:13:00
한국증권신문-국내 2020-11-17 09:51:00 저장안함
한국증권신문-국내 2020-11-17 09:52:00 저장안함
한국증권신문-국내 2020-11-17 09:52:00 저장안함
한국증권신문-국내 2020-11-17 09:52:00 저장안함
한국증권신문-국내 2020-11-17 09:52:00 저장안함
한국증권신문-국내 2020-11-17 09:52:00 저장안함
한국증권신문-국내 2020-11-17 09:52:00 저장안함
한국증권신문-국내 2020-11-18 08:20:00 저장안함
한국증권신문-국내 2020-11-18 09:42:00 저장안함
한국증권신문-국내 2020-11-18 09:42:00 저장안함
한국증권신문-국내 2020-11-18 09:42:00 저장안함
한국증권신문-국내 2020-11-18 09:42:00 저장안함
한국증권신문-국내 2020-11-18 09:43:00 저장안함
한국증권신문-국내 2020-11-18 10:06:00 저장안함
한국증권신문-국내 2020-11-19 07:42:00 저장안함
한국증권신문-국내 2020-11-19 10:06:00 저장안함
한국증권신문-국내 2020-11-19 10:13:00 저장안함
한국증권신문-국내 2020-11-19 10:13:00 저장안함
한국증권신문-국내 2020-11-19 10:13:00 저장안함
한국증권신문-국내 2020-11-19 10:13:00 저장안함
종료
디비에 저장된 가장 최근 게시물 시간 2020-11-19 07:38:00
한국증권신문-해외 2020-10-23 07:15:00 저장안함
한국증권신문-해외 2020-10-27 06:41:00 저장안함
한국증권신문-해외 2020-10-28 07:19:00 저장안함
한국증권신문-해외 2020-10-29 07:46:00 저장안함
한국증권신문-해외 2020-10-29 07:47:00 저장안함
한국증권신문-해외 2020-10-30 06:35:00 저장안함
한국증권신문-해외 2020-11-04 07:40:00 저장안함
한국증권신문-해외 2020-11-05 07:21:00 저장안함
한국증권신문-해외 2020-11-06 09:06:00 저장안함
한국증권신문-해외 2020-11-06 09:10:00 저장안함
한국증권신문-해외 2020-11-10 07:41:00 저장안함
한국증권신문-해외 2020-11-11 07:32:00 저장안함
한국증권신문-해외 2020-11-12 08:15:00 저장안함
한국증권신문-해외 2020-11-13 09:00:00 저장안함
한국증권신문-해외 2020-11-13 09:03:00 저장안함
한국증권신문-해외 2020-11-17 07:20:00 저장안함
한국증권신문-해외 2020-11-17 07:20:00 저장안함
한국증권신문-해외 2020-11-18 07:52:00 저장안함
한국증권신문-해외 2020-11-18 07:53:00 저장안함
한국증권신문-해외 2020-11-19 07:38:00 저장안함
종료
디비에 저장된 가장 최근 게시물 시간 2020-11-19 19:10:00
연합뉴스 2020-11-19 09:55:00 저장안함
연합뉴스 2020-11-19 11:22:00 저장안함
연합뉴스 2020-11-19 11:48:00 저장안함
연합뉴스 2020-11-19 15:21:00 저장안함
연합뉴스 2020-11-19 15:33:00 저장안함
연합뉴스 2020-11-19 15:33:00 저장안함
연합뉴스 2020-11-19 15:35:00 저장안함
연합뉴스 2020-11-19 15:45:00 저장안함
연합뉴스 2020-11-19 16:09:00 저장안함
연합뉴스 2020-11-19 16:20:00 저장안함
연합뉴스 2020-11-19 16:21:00 저장안함
연합뉴스 2020-11-19 16:30:00 저장안함
연합뉴스 2020-11-19 16:31:00 저장안함
연합뉴스 2020-11-19 16:31:00 저장안함
연합뉴스 2020-11-19 16:32:00 저장안함
연합뉴스 2020-11-19 16:32:00 저장안함
연합뉴스 2020-11-19 16:32:00 저장안함
연합뉴스 2020-11-19 16:33:00 저장안함
연합뉴스 2020-11-19 16:34:00 저장안함
연합뉴스 2020-11-19 17:24:00 저장안함
연합뉴스 2020-11-19 17:28:00 저장안함
연합뉴스 2020-11-19 17:28:00 저장안함
연합뉴스 2020-11-19 18:02:00 저장안함
연합뉴스 2020-11-19 18:02:00 저장안함
연합뉴스 2020-11-19 19:10:00 저장안함
종료
디비에 저장된 가장 최근 게시물 시간 2020-11-19 18:42:39
서울경제 2020-11-19 09:47:00 저장안함
서울경제 2020-11-19 09:56:00 저장안함
서울경제 2020-11-19 10:01:00 저장안함
서울경제 2020-11-19 10:22:00 저장안함
서울경제 2020-11-19 13:32:00 저장안함
서울경제 2020-11-19 13:46:00 저장안함
서울경제 2020-11-19 14:39:00 저장안함
서울경제 2020-11-19 16:08:00 저장안함
서울경제 2020-11-19 16:53:00 저장안함
서울경제 2020-11-19 17:00:00 저장안함
서울경제 2020-11-19 17:12:00 저장안함
서울경제 2020-11-19 17:39:00 저장안함
서울경제 2020-11-19 17:41:00 저장안함
서울경제 2020-11-19 17:50:00 저장안함
서울경제 2020-11-19 18:42:00 저장안함
종료
news_crawling finish
