news_crawling
디비에 저장된 가장 최근 게시물 시간 2020-11-18 17:26:00
한국경제 2020-11-13 16:22:00 저장안함
한국경제 2020-11-13 17:27:00 저장안함
한국경제 2020-11-13 17:28:00 저장안함
한국경제 2020-11-15 17:21:00 저장안함
한국경제 2020-11-15 17:56:00 저장안함
한국경제 2020-11-16 08:08:00 저장안함
한국경제 2020-11-16 09:35:00 저장안함
한국경제 2020-11-16 10:01:00 저장안함
한국경제 2020-11-16 15:12:00 저장안함
한국경제 2020-11-16 17:20:00 저장안함
한국경제 2020-11-17 08:30:00 저장안함
한국경제 2020-11-17 09:23:00 저장안함
한국경제 2020-11-17 13:52:00 저장안함
한국경제 2020-11-17 15:43:00 저장안함
한국경제 2020-11-17 17:34:00 저장안함
한국경제 2020-11-18 14:15:00 저장안함
한국경제 2020-11-18 15:54:00 저장안함
한국경제 2020-11-18 17:11:00 저장안함
한국경제 2020-11-18 17:25:00 저장안함
한국경제 2020-11-18 17:26:00 저장안함
종료
디비에 저장된 가장 최근 게시물 시간 2020-11-18 19:35:00
머니투데이 2020-11-18 16:15:00 저장안함
머니투데이 2020-11-18 16:30:00 저장안함
머니투데이 2020-11-18 16:33:00 저장안함
머니투데이 2020-11-18 16:41:00 저장안함
머니투데이 2020-11-18 16:56:00 저장안함
머니투데이 2020-11-18 16:57:00 저장안함
머니투데이 2020-11-18 17:03:00 저장안함
머니투데이 2020-11-18 17:06:00 저장안함
머니투데이 2020-11-18 17:26:00 저장안함
머니투데이 2020-11-18 17:26:00 저장안함
머니투데이 2020-11-18 17:26:00 저장안함
머니투데이 2020-11-18 17:27:00 저장안함
머니투데이 2020-11-18 17:32:00 저장안함
머니투데이 2020-11-18 17:52:00 저장안함
머니투데이 2020-11-18 18:34:00 저장안함
머니투데이 2020-11-18 18:49:00 저장안함
머니투데이 2020-11-18 18:50:00 저장안함
머니투데이 2020-11-18 18:50:00 저장안함
머니투데이 2020-11-18 19:11:00 저장안함
머니투데이 2020-11-18 19:35:00 저장안함
종료
디비에 저장된 가장 최근 게시물 시간 2020-11-18 10:06:00
한국증권신문-국내 2020-11-16 09:50:00 저장안함
한국증권신문-국내 2020-11-16 09:50:00 저장안함
한국증권신문-국내 2020-11-16 10:22:00 저장안함
한국증권신문-국내 2020-11-16 12:56:00 저장안함
한국증권신문-국내 2020-11-17 07:21:00 저장안함
한국증권신문-국내 2020-11-17 09:51:00 저장안함
한국증권신문-국내 2020-11-17 09:51:00 저장안함
한국증권신문-국내 2020-11-17 09:52:00 저장안함
한국증권신문-국내 2020-11-17 09:52:00 저장안함
한국증권신문-국내 2020-11-17 09:52:00 저장안함
한국증권신문-국내 2020-11-17 09:52:00 저장안함
한국증권신문-국내 2020-11-17 09:52:00 저장안함
한국증권신문-국내 2020-11-17 09:52:00 저장안함
한국증권신문-국내 2020-11-18 08:20:00 저장안함
한국증권신문-국내 2020-11-18 09:42:00 저장안함
한국증권신문-국내 2020-11-18 09:42:00 저장안함
한국증권신문-국내 2020-11-18 09:42:00 저장안함
한국증권신문-국내 2020-11-18 09:42:00 저장안함
한국증권신문-국내 2020-11-18 09:43:00 저장안함
한국증권신문-국내 2020-11-18 10:06:00 저장안함
종료
디비에 저장된 가장 최근 게시물 시간 2020-11-18 07:53:00
한국증권신문-해외 2020-10-22 07:12:00 저장안함
한국증권신문-해외 2020-10-23 07:15:00 저장안함
한국증권신문-해외 2020-10-27 06:41:00 저장안함
한국증권신문-해외 2020-10-28 07:19:00 저장안함
한국증권신문-해외 2020-10-29 07:46:00 저장안함
한국증권신문-해외 2020-10-29 07:47:00 저장안함
한국증권신문-해외 2020-10-30 06:35:00 저장안함
한국증권신문-해외 2020-11-04 07:40:00 저장안함
한국증권신문-해외 2020-11-05 07:21:00 저장안함
한국증권신문-해외 2020-11-06 09:06:00 저장안함
한국증권신문-해외 2020-11-06 09:10:00 저장안함
한국증권신문-해외 2020-11-10 07:41:00 저장안함
한국증권신문-해외 2020-11-11 07:32:00 저장안함
한국증권신문-해외 2020-11-12 08:15:00 저장안함
한국증권신문-해외 2020-11-13 09:00:00 저장안함
한국증권신문-해외 2020-11-13 09:03:00 저장안함
한국증권신문-해외 2020-11-17 07:20:00 저장안함
한국증권신문-해외 2020-11-17 07:20:00 저장안함
한국증권신문-해외 2020-11-18 07:52:00 저장안함
한국증권신문-해외 2020-11-18 07:53:00 저장안함
종료
디비에 저장된 가장 최근 게시물 시간 2020-11-18 17:33:00
연합뉴스 2020-11-18 04:01:00 저장안함
연합뉴스 2020-11-18 05:31:00 저장안함
연합뉴스 2020-11-18 06:00:00 저장안함
연합뉴스 2020-11-18 06:05:00 저장안함
연합뉴스 2020-11-18 06:42:00 저장안함
연합뉴스 2020-11-18 09:01:00 저장안함
연합뉴스 2020-11-18 09:01:00 저장안함
연합뉴스 2020-11-18 10:26:00 저장안함
연합뉴스 2020-11-18 11:08:00 저장안함
연합뉴스 2020-11-18 13:50:00 저장안함
연합뉴스 2020-11-18 14:20:00 저장안함
연합뉴스 2020-11-18 15:32:00 저장안함
연합뉴스 2020-11-18 15:33:00 저장안함
연합뉴스 2020-11-18 15:35:00 저장안함
연합뉴스 2020-11-18 15:57:00 저장안함
연합뉴스 2020-11-18 16:21:00 저장안함
연합뉴스 2020-11-18 16:30:00 저장안함
연합뉴스 2020-11-18 16:30:00 저장안함
연합뉴스 2020-11-18 16:30:00 저장안함
연합뉴스 2020-11-18 16:30:00 저장안함
연합뉴스 2020-11-18 16:31:00 저장안함
연합뉴스 2020-11-18 16:31:00 저장안함
연합뉴스 2020-11-18 16:31:00 저장안함
연합뉴스 2020-11-18 16:54:00 저장안함
연합뉴스 2020-11-18 17:33:00 저장안함
종료
디비에 저장된 가장 최근 게시물 시간 2020-11-18 18:37:00
서울경제 2020-11-18 15:46:00 저장안함
서울경제 2020-11-18 15:47:00 저장안함
서울경제 2020-11-18 16:49:00 저장안함
서울경제 2020-11-18 17:01:00 저장안함
서울경제 2020-11-18 17:03:00 저장안함
서울경제 2020-11-18 17:11:00 저장안함
서울경제 2020-11-18 17:11:00 저장안함
서울경제 2020-11-18 17:21:00 저장안함
서울경제 2020-11-18 17:31:00 저장안함
서울경제 2020-11-18 17:32:00 저장안함
서울경제 2020-11-18 17:42:00 저장안함
서울경제 2020-11-18 17:42:00 저장안함
서울경제 2020-11-18 17:43:00 저장안함
서울경제 2020-11-18 18:17:00 저장안함
서울경제 2020-11-18 18:37:00 저장안함
종료
news_crawling finish
kiwoom_daily_report start
kiwoom_daily_report finish
kiwoom_daily_report start
kiwoom_daily_report finish
kiwoom_daily_report start
kiwoom_daily_report finish
kiwoom_daily_report start
kiwoom_daily_report finish
kiwoom_daily_report start
kiwoom_daily_report finish
kiwoom_daily_report start
kiwoom_daily_report finish
kiwoom_daily_report start
kiwoom_daily_report finish
kiwoom_daily_report start
kiwoom_daily_report finish
kiwoom_daily_report start
kiwoom_daily_report finish
kiwoom_daily_report start
kiwoom_daily_report finish
kiwoom_daily_report start
kiwoom_daily_report finish
kiwoom_daily_report start
kiwoom_daily_report finish
kiwoom_daily_report start
kiwoom_daily_report finish
kiwoom_daily_report start
kiwoom_daily_report finish
kiwoom_daily_report start
kiwoom_daily_report finish
kiwoom_daily_report start
kiwoom_daily_report finish
kiwoom_daily_report start
kiwoom_daily_report finish
kiwoom_daily_report start
kiwoom_daily_report finish
kiwoom_daily_report start
kiwoom_daily_report finish
kiwoom_daily_report start
kiwoom_daily_report finish
kiwoom_daily_report start
kiwoom_daily_report finish
kiwoom_daily_report start
kiwoom_daily_report finish
kiwoom_daily_report start
kiwoom_daily_report finish
kiwoom_daily_report start
kiwoom_daily_report finish
kiwoom_daily_report start
kiwoom_daily_report finish
kiwoom_daily_report start
kiwoom_daily_report finish
kiwoom_daily_report start
kiwoom_daily_report finish
kiwoom_daily_report start
kiwoom_daily_report start
kiwoom_daily_report finish
kiwoom_daily_report start
kiwoom_daily_report finish
kiwoom_daily_report start
kiwoom_daily_report finish
kiwoom_daily_report start
kiwoom_daily_report start
kiwoom_daily_report start
kiwoom_daily_report start
kiwoom_daily_report start
kiwoom_daily_report start
kiwoom_daily_report finish
kiwoom_daily_report start
kiwoom_daily_report finish
kiwoom_daily_report start
kiwoom_daily_report start
kiwoom_daily_report finish
kiwoom_daily_report start
kiwoom_daily_report finish
kiwoom_daily_report start
kiwoom_daily_report finish
kiwoom_daily_report start
kiwoom_daily_report finish
kiwoom_daily_report start
kiwoom_daily_report finish
kiwoom_daily_report start
kiwoom_daily_report finish
kiwoom_daily_report start
kiwoom_daily_report finish
