news_crawling
False
디비에 저장된 가장 최근 게시물 시간 2020-11-20 16:19:00
한국경제 2020-11-16 10:01:00 저장안함
한국경제 2020-11-16 15:12:00 저장안함
한국경제 2020-11-16 17:20:00 저장안함
한국경제 2020-11-17 08:30:00 저장안함
한국경제 2020-11-17 09:23:00 저장안함
한국경제 2020-11-17 13:52:00 저장안함
한국경제 2020-11-17 15:43:00 저장안함
한국경제 2020-11-17 17:34:00 저장안함
한국경제 2020-11-18 14:15:00 저장안함
한국경제 2020-11-18 15:54:00 저장안함
한국경제 2020-11-18 17:11:00 저장안함
한국경제 2020-11-18 17:25:00 저장안함
한국경제 2020-11-18 17:26:00 저장안함
한국경제 2020-11-19 15:57:00 저장안함
한국경제 2020-11-19 15:57:00 저장안함
한국경제 2020-11-19 17:29:00 저장안함
한국경제 2020-11-20 08:34:00 저장안함
한국경제 2020-11-20 13:15:00 저장안함
한국경제 2020-11-20 16:01:00 저장안함
한국경제 2020-11-20 16:19:00 저장안함
종료
False
디비에 저장된 가장 최근 게시물 시간 2020-11-23 09:51:00
머니투데이 2020-11-23 09:02:00 저장안함
머니투데이 2020-11-23 09:07:00 저장안함
머니투데이 2020-11-23 09:15:00 저장안함
머니투데이 2020-11-23 09:19:00 저장안함
머니투데이 2020-11-23 09:22:00 저장안함
머니투데이 2020-11-23 09:23:00 저장안함
머니투데이 2020-11-23 09:23:00 저장안함
머니투데이 2020-11-23 09:24:00 저장안함
머니투데이 2020-11-23 09:25:00 저장안함
머니투데이 2020-11-23 09:27:00 저장안함
머니투데이 2020-11-23 09:29:00 저장안함
머니투데이 2020-11-23 09:31:00 저장안함
머니투데이 2020-11-23 09:36:00 저장안함
머니투데이 2020-11-23 09:51:00 저장안함
머니투데이 2020-11-23 10:00:00 저장
머니투데이 2020-11-23 10:08:00 저장
머니투데이 2020-11-23 10:12:00 저장
머니투데이 2020-11-23 10:34:00 저장
머니투데이 2020-11-23 10:34:00 저장
머니투데이 2020-11-23 10:36:00 저장
종료
False
디비에 저장된 가장 최근 게시물 시간 2020-11-20 09:35:00
한국증권신문-국내 2020-11-18 09:43:00 저장안함
한국증권신문-국내 2020-11-18 10:06:00 저장안함
한국증권신문-국내 2020-11-19 07:42:00 저장안함
한국증권신문-국내 2020-11-19 10:06:00 저장안함
한국증권신문-국내 2020-11-19 10:13:00 저장안함
한국증권신문-국내 2020-11-19 10:13:00 저장안함
한국증권신문-국내 2020-11-19 10:13:00 저장안함
한국증권신문-국내 2020-11-19 10:13:00 저장안함
한국증권신문-국내 2020-11-20 09:34:00 저장안함
한국증권신문-국내 2020-11-20 09:34:00 저장안함
한국증권신문-국내 2020-11-20 09:34:00 저장안함
한국증권신문-국내 2020-11-20 09:35:00 저장안함
한국증권신문-국내 2020-11-20 09:35:00 저장안함
한국증권신문-국내 2020-11-23 10:02:00 저장
한국증권신문-국내 2020-11-23 10:08:00 저장
한국증권신문-국내 2020-11-23 10:27:00 저장
한국증권신문-국내 2020-11-23 10:27:00 저장
한국증권신문-국내 2020-11-23 10:28:00 저장
한국증권신문-국내 2020-11-23 10:29:00 저장
한국증권신문-국내 2020-11-23 10:29:00 저장
종료
False
디비에 저장된 가장 최근 게시물 시간 2020-11-20 07:57:00
한국증권신문-해외 2020-10-28 07:19:00 저장안함
한국증권신문-해외 2020-10-29 07:46:00 저장안함
한국증권신문-해외 2020-10-29 07:47:00 저장안함
한국증권신문-해외 2020-10-30 06:35:00 저장안함
한국증권신문-해외 2020-11-04 07:40:00 저장안함
한국증권신문-해외 2020-11-05 07:21:00 저장안함
한국증권신문-해외 2020-11-06 09:06:00 저장안함
한국증권신문-해외 2020-11-06 09:10:00 저장안함
한국증권신문-해외 2020-11-10 07:41:00 저장안함
한국증권신문-해외 2020-11-11 07:32:00 저장안함
한국증권신문-해외 2020-11-12 08:15:00 저장안함
한국증권신문-해외 2020-11-13 09:00:00 저장안함
한국증권신문-해외 2020-11-13 09:03:00 저장안함
한국증권신문-해외 2020-11-17 07:20:00 저장안함
한국증권신문-해외 2020-11-17 07:20:00 저장안함
한국증권신문-해외 2020-11-18 07:52:00 저장안함
한국증권신문-해외 2020-11-18 07:53:00 저장안함
한국증권신문-해외 2020-11-19 07:38:00 저장안함
한국증권신문-해외 2020-11-20 07:56:00 저장안함
한국증권신문-해외 2020-11-20 07:57:00 저장안함
종료
False
디비에 저장된 가장 최근 게시물 시간 2020-11-23 09:49:00
연합뉴스 2020-11-20 15:35:00 저장안함
연합뉴스 2020-11-20 16:30:00 저장안함
연합뉴스 2020-11-20 16:35:00 저장안함
연합뉴스 2020-11-20 16:35:00 저장안함
연합뉴스 2020-11-20 16:35:00 저장안함
연합뉴스 2020-11-20 16:35:00 저장안함
연합뉴스 2020-11-20 16:36:00 저장안함
연합뉴스 2020-11-20 16:36:00 저장안함
연합뉴스 2020-11-20 16:36:00 저장안함
연합뉴스 2020-11-20 17:23:00 저장안함
연합뉴스 2020-11-20 18:18:00 저장안함
연합뉴스 2020-11-20 18:18:00 저장안함
연합뉴스 2020-11-20 18:18:00 저장안함
연합뉴스 2020-11-20 18:19:00 저장안함
연합뉴스 2020-11-21 00:01:00 저장안함
연합뉴스 2020-11-21 02:49:00 저장안함
연합뉴스 2020-11-21 06:42:00 저장안함
연합뉴스 2020-11-22 07:00:00 저장안함
연합뉴스 2020-11-22 07:00:00 저장안함
연합뉴스 2020-11-23 06:05:00 저장안함
연합뉴스 2020-11-23 06:07:00 저장안함
연합뉴스 2020-11-23 09:01:00 저장안함
연합뉴스 2020-11-23 09:01:00 저장안함
연합뉴스 2020-11-23 09:49:00 저장안함
연합뉴스 2020-11-23 09:54:00 저장
종료
False
디비에 저장된 가장 최근 게시물 시간 2020-11-23 09:24:00
서울경제 2020-11-22 09:30:00 저장안함
서울경제 2020-11-22 10:12:00 저장안함
서울경제 2020-11-22 10:18:00 저장안함
서울경제 2020-11-22 10:38:00 저장안함
서울경제 2020-11-22 11:18:00 저장안함
서울경제 2020-11-22 14:07:00 저장안함
서울경제 2020-11-22 17:31:00 저장안함
서울경제 2020-11-23 06:20:00 저장안함
서울경제 2020-11-23 07:15:00 저장안함
서울경제 2020-11-23 09:16:00 저장안함
서울경제 2020-11-23 09:19:00 저장안함
서울경제 2020-11-23 09:19:00 저장안함
서울경제 2020-11-23 09:24:00 저장안함
서울경제 2020-11-23 09:32:00 저장
서울경제 2020-11-23 10:14:00 저장
종료
news_crawling finish
news_crawling
False
디비에 저장된 가장 최근 게시물 시간 2020-11-20 16:19:00
한국경제 2020-11-16 10:01:00 저장안함
한국경제 2020-11-16 15:12:00 저장안함
한국경제 2020-11-16 17:20:00 저장안함
한국경제 2020-11-17 08:30:00 저장안함
한국경제 2020-11-17 09:23:00 저장안함
한국경제 2020-11-17 13:52:00 저장안함
한국경제 2020-11-17 15:43:00 저장안함
한국경제 2020-11-17 17:34:00 저장안함
한국경제 2020-11-18 14:15:00 저장안함
한국경제 2020-11-18 15:54:00 저장안함
한국경제 2020-11-18 17:11:00 저장안함
한국경제 2020-11-18 17:25:00 저장안함
한국경제 2020-11-18 17:26:00 저장안함
한국경제 2020-11-19 15:57:00 저장안함
한국경제 2020-11-19 15:57:00 저장안함
한국경제 2020-11-19 17:29:00 저장안함
한국경제 2020-11-20 08:34:00 저장안함
한국경제 2020-11-20 13:15:00 저장안함
한국경제 2020-11-20 16:01:00 저장안함
한국경제 2020-11-20 16:19:00 저장안함
종료
False
디비에 저장된 가장 최근 게시물 시간 2020-11-23 10:36:00
머니투데이 2020-11-23 09:24:00 저장안함
머니투데이 2020-11-23 09:25:00 저장안함
머니투데이 2020-11-23 09:27:00 저장안함
머니투데이 2020-11-23 09:29:00 저장안함
머니투데이 2020-11-23 09:31:00 저장안함
머니투데이 2020-11-23 09:36:00 저장안함
머니투데이 2020-11-23 09:51:00 저장안함
머니투데이 2020-11-23 10:00:00 저장안함
머니투데이 2020-11-23 10:08:00 저장안함
머니투데이 2020-11-23 10:12:00 저장안함
머니투데이 2020-11-23 10:34:00 저장안함
머니투데이 2020-11-23 10:34:00 저장안함
머니투데이 2020-11-23 10:36:00 저장안함
머니투데이 2020-11-23 11:27:00 저장
머니투데이 2020-11-23 11:27:00 저장
머니투데이 2020-11-23 11:28:00 저장
머니투데이 2020-11-23 11:31:00 저장
머니투데이 2020-11-23 11:32:00 저장
머니투데이 2020-11-23 11:37:00 저장
머니투데이 2020-11-23 11:39:00 저장
종료
False
디비에 저장된 가장 최근 게시물 시간 2020-11-23 10:29:00
한국증권신문-국내 2020-11-18 09:43:00 저장안함
한국증권신문-국내 2020-11-18 10:06:00 저장안함
한국증권신문-국내 2020-11-19 07:42:00 저장안함
한국증권신문-국내 2020-11-19 10:06:00 저장안함
한국증권신문-국내 2020-11-19 10:13:00 저장안함
한국증권신문-국내 2020-11-19 10:13:00 저장안함
한국증권신문-국내 2020-11-19 10:13:00 저장안함
한국증권신문-국내 2020-11-19 10:13:00 저장안함
한국증권신문-국내 2020-11-20 09:34:00 저장안함
한국증권신문-국내 2020-11-20 09:34:00 저장안함
한국증권신문-국내 2020-11-20 09:34:00 저장안함
한국증권신문-국내 2020-11-20 09:35:00 저장안함
한국증권신문-국내 2020-11-20 09:35:00 저장안함
한국증권신문-국내 2020-11-23 10:02:00 저장안함
한국증권신문-국내 2020-11-23 10:08:00 저장안함
한국증권신문-국내 2020-11-23 10:27:00 저장안함
한국증권신문-국내 2020-11-23 10:27:00 저장안함
한국증권신문-국내 2020-11-23 10:28:00 저장안함
한국증권신문-국내 2020-11-23 10:29:00 저장안함
한국증권신문-국내 2020-11-23 10:29:00 저장안함
종료
False
디비에 저장된 가장 최근 게시물 시간 2020-11-20 07:57:00
한국증권신문-해외 2020-10-28 07:19:00 저장안함
한국증권신문-해외 2020-10-29 07:46:00 저장안함
한국증권신문-해외 2020-10-29 07:47:00 저장안함
한국증권신문-해외 2020-10-30 06:35:00 저장안함
한국증권신문-해외 2020-11-04 07:40:00 저장안함
한국증권신문-해외 2020-11-05 07:21:00 저장안함
한국증권신문-해외 2020-11-06 09:06:00 저장안함
한국증권신문-해외 2020-11-06 09:10:00 저장안함
한국증권신문-해외 2020-11-10 07:41:00 저장안함
한국증권신문-해외 2020-11-11 07:32:00 저장안함
한국증권신문-해외 2020-11-12 08:15:00 저장안함
한국증권신문-해외 2020-11-13 09:00:00 저장안함
한국증권신문-해외 2020-11-13 09:03:00 저장안함
한국증권신문-해외 2020-11-17 07:20:00 저장안함
한국증권신문-해외 2020-11-17 07:20:00 저장안함
한국증권신문-해외 2020-11-18 07:52:00 저장안함
한국증권신문-해외 2020-11-18 07:53:00 저장안함
한국증권신문-해외 2020-11-19 07:38:00 저장안함
한국증권신문-해외 2020-11-20 07:56:00 저장안함
한국증권신문-해외 2020-11-20 07:57:00 저장안함
종료
False
디비에 저장된 가장 최근 게시물 시간 2020-11-23 09:54:00
연합뉴스 2020-11-20 16:35:00 저장안함
연합뉴스 2020-11-20 16:35:00 저장안함
연합뉴스 2020-11-20 16:35:00 저장안함
연합뉴스 2020-11-20 16:35:00 저장안함
연합뉴스 2020-11-20 16:36:00 저장안함
연합뉴스 2020-11-20 16:36:00 저장안함
연합뉴스 2020-11-20 16:36:00 저장안함
연합뉴스 2020-11-20 17:23:00 저장안함
연합뉴스 2020-11-20 18:18:00 저장안함
연합뉴스 2020-11-20 18:18:00 저장안함
연합뉴스 2020-11-20 18:18:00 저장안함
연합뉴스 2020-11-20 18:19:00 저장안함
연합뉴스 2020-11-21 00:01:00 저장안함
연합뉴스 2020-11-21 02:49:00 저장안함
연합뉴스 2020-11-21 06:42:00 저장안함
연합뉴스 2020-11-22 07:00:00 저장안함
연합뉴스 2020-11-22 07:00:00 저장안함
연합뉴스 2020-11-23 06:05:00 저장안함
연합뉴스 2020-11-23 06:07:00 저장안함
연합뉴스 2020-11-23 09:01:00 저장안함
연합뉴스 2020-11-23 09:01:00 저장안함
연합뉴스 2020-11-23 09:49:00 저장안함
연합뉴스 2020-11-23 09:54:00 저장안함
연합뉴스 2020-11-23 11:32:00 저장
연합뉴스 2020-11-23 11:38:00 저장
종료
False
디비에 저장된 가장 최근 게시물 시간 2020-11-23 10:14:00
서울경제 2020-11-22 10:38:00 저장안함
서울경제 2020-11-22 11:18:00 저장안함
서울경제 2020-11-22 14:07:00 저장안함
서울경제 2020-11-22 17:31:00 저장안함
서울경제 2020-11-23 06:20:00 저장안함
서울경제 2020-11-23 07:15:00 저장안함
서울경제 2020-11-23 09:16:00 저장안함
서울경제 2020-11-23 09:19:00 저장안함
서울경제 2020-11-23 09:19:00 저장안함
서울경제 2020-11-23 09:24:00 저장안함
서울경제 2020-11-23 09:32:00 저장안함
서울경제 2020-11-23 10:14:00 저장안함
서울경제 2020-11-23 11:15:00 저장
서울경제 2020-11-23 11:17:00 저장
서울경제 2020-11-23 11:19:00 저장
종료
news_crawling finish
news_crawling
False
디비에 저장된 가장 최근 게시물 시간 2020-11-20 16:19:00
한국경제 2020-11-16 10:01:00 저장안함
한국경제 2020-11-16 15:12:00 저장안함
한국경제 2020-11-16 17:20:00 저장안함
한국경제 2020-11-17 08:30:00 저장안함
한국경제 2020-11-17 09:23:00 저장안함
한국경제 2020-11-17 13:52:00 저장안함
한국경제 2020-11-17 15:43:00 저장안함
한국경제 2020-11-17 17:34:00 저장안함
한국경제 2020-11-18 14:15:00 저장안함
한국경제 2020-11-18 15:54:00 저장안함
한국경제 2020-11-18 17:11:00 저장안함
한국경제 2020-11-18 17:25:00 저장안함
한국경제 2020-11-18 17:26:00 저장안함
한국경제 2020-11-19 15:57:00 저장안함
한국경제 2020-11-19 15:57:00 저장안함
한국경제 2020-11-19 17:29:00 저장안함
한국경제 2020-11-20 08:34:00 저장안함
한국경제 2020-11-20 13:15:00 저장안함
한국경제 2020-11-20 16:01:00 저장안함
한국경제 2020-11-20 16:19:00 저장안함
종료
False
디비에 저장된 가장 최근 게시물 시간 2020-11-23 11:39:00
머니투데이 2020-11-23 09:51:00 저장안함
머니투데이 2020-11-23 10:00:00 저장안함
머니투데이 2020-11-23 10:08:00 저장안함
머니투데이 2020-11-23 10:12:00 저장안함
머니투데이 2020-11-23 10:34:00 저장안함
머니투데이 2020-11-23 10:34:00 저장안함
머니투데이 2020-11-23 10:36:00 저장안함
머니투데이 2020-11-23 11:27:00 저장안함
머니투데이 2020-11-23 11:27:00 저장안함
머니투데이 2020-11-23 11:28:00 저장안함
머니투데이 2020-11-23 11:31:00 저장안함
머니투데이 2020-11-23 11:32:00 저장안함
머니투데이 2020-11-23 11:37:00 저장안함
머니투데이 2020-11-23 11:39:00 저장안함
머니투데이 2020-11-23 12:00:00 저장
머니투데이 2020-11-23 12:00:00 저장
머니투데이 2020-11-23 12:01:00 저장
머니투데이 2020-11-23 12:01:00 저장
머니투데이 2020-11-23 12:02:00 저장
머니투데이 2020-11-23 12:53:00 저장
종료
False
디비에 저장된 가장 최근 게시물 시간 2020-11-23 10:29:00
한국증권신문-국내 2020-11-18 10:06:00 저장안함
한국증권신문-국내 2020-11-19 07:42:00 저장안함
한국증권신문-국내 2020-11-19 10:06:00 저장안함
한국증권신문-국내 2020-11-19 10:13:00 저장안함
한국증권신문-국내 2020-11-19 10:13:00 저장안함
한국증권신문-국내 2020-11-19 10:13:00 저장안함
한국증권신문-국내 2020-11-19 10:13:00 저장안함
한국증권신문-국내 2020-11-20 09:34:00 저장안함
한국증권신문-국내 2020-11-20 09:34:00 저장안함
한국증권신문-국내 2020-11-20 09:34:00 저장안함
한국증권신문-국내 2020-11-20 09:35:00 저장안함
한국증권신문-국내 2020-11-20 09:35:00 저장안함
한국증권신문-국내 2020-11-23 10:02:00 저장안함
한국증권신문-국내 2020-11-23 10:08:00 저장안함
한국증권신문-국내 2020-11-23 10:27:00 저장안함
한국증권신문-국내 2020-11-23 10:27:00 저장안함
한국증권신문-국내 2020-11-23 10:28:00 저장안함
한국증권신문-국내 2020-11-23 10:29:00 저장안함
한국증권신문-국내 2020-11-23 10:29:00 저장안함
한국증권신문-국내 2020-11-23 12:35:00 저장
종료
False
디비에 저장된 가장 최근 게시물 시간 2020-11-20 07:57:00
한국증권신문-해외 2020-10-28 07:19:00 저장안함
한국증권신문-해외 2020-10-29 07:46:00 저장안함
한국증권신문-해외 2020-10-29 07:47:00 저장안함
한국증권신문-해외 2020-10-30 06:35:00 저장안함
한국증권신문-해외 2020-11-04 07:40:00 저장안함
한국증권신문-해외 2020-11-05 07:21:00 저장안함
한국증권신문-해외 2020-11-06 09:06:00 저장안함
한국증권신문-해외 2020-11-06 09:10:00 저장안함
한국증권신문-해외 2020-11-10 07:41:00 저장안함
한국증권신문-해외 2020-11-11 07:32:00 저장안함
한국증권신문-해외 2020-11-12 08:15:00 저장안함
한국증권신문-해외 2020-11-13 09:00:00 저장안함
한국증권신문-해외 2020-11-13 09:03:00 저장안함
한국증권신문-해외 2020-11-17 07:20:00 저장안함
한국증권신문-해외 2020-11-17 07:20:00 저장안함
한국증권신문-해외 2020-11-18 07:52:00 저장안함
한국증권신문-해외 2020-11-18 07:53:00 저장안함
한국증권신문-해외 2020-11-19 07:38:00 저장안함
한국증권신문-해외 2020-11-20 07:56:00 저장안함
한국증권신문-해외 2020-11-20 07:57:00 저장안함
종료
False
디비에 저장된 가장 최근 게시물 시간 2020-11-23 11:38:00
연합뉴스 2020-11-20 16:35:00 저장안함
연합뉴스 2020-11-20 16:35:00 저장안함
연합뉴스 2020-11-20 16:35:00 저장안함
연합뉴스 2020-11-20 16:35:00 저장안함
연합뉴스 2020-11-20 16:36:00 저장안함
연합뉴스 2020-11-20 16:36:00 저장안함
연합뉴스 2020-11-20 16:36:00 저장안함
연합뉴스 2020-11-20 17:23:00 저장안함
연합뉴스 2020-11-20 18:18:00 저장안함
연합뉴스 2020-11-20 18:18:00 저장안함
연합뉴스 2020-11-20 18:18:00 저장안함
연합뉴스 2020-11-20 18:19:00 저장안함
연합뉴스 2020-11-21 00:01:00 저장안함
연합뉴스 2020-11-21 02:49:00 저장안함
연합뉴스 2020-11-21 06:42:00 저장안함
연합뉴스 2020-11-22 07:00:00 저장안함
연합뉴스 2020-11-22 07:00:00 저장안함
연합뉴스 2020-11-23 06:05:00 저장안함
연합뉴스 2020-11-23 06:07:00 저장안함
연합뉴스 2020-11-23 09:01:00 저장안함
연합뉴스 2020-11-23 09:01:00 저장안함
연합뉴스 2020-11-23 09:49:00 저장안함
연합뉴스 2020-11-23 09:54:00 저장안함
연합뉴스 2020-11-23 11:32:00 저장안함
연합뉴스 2020-11-23 11:38:00 저장안함
종료
False
디비에 저장된 가장 최근 게시물 시간 2020-11-23 11:19:00
서울경제 2020-11-22 10:38:00 저장안함
서울경제 2020-11-22 11:18:00 저장안함
서울경제 2020-11-22 14:07:00 저장안함
서울경제 2020-11-22 17:31:00 저장안함
서울경제 2020-11-23 06:20:00 저장안함
서울경제 2020-11-23 07:15:00 저장안함
서울경제 2020-11-23 09:16:00 저장안함
서울경제 2020-11-23 09:19:00 저장안함
서울경제 2020-11-23 09:19:00 저장안함
서울경제 2020-11-23 09:24:00 저장안함
서울경제 2020-11-23 09:32:00 저장안함
서울경제 2020-11-23 10:14:00 저장안함
서울경제 2020-11-23 11:15:00 저장안함
서울경제 2020-11-23 11:17:00 저장안함
서울경제 2020-11-23 11:19:00 저장안함
종료
news_crawling finish
news_crawling
False
디비에 저장된 가장 최근 게시물 시간 2020-11-20 16:19:00
한국경제 2020-11-16 10:01:00 저장안함
한국경제 2020-11-16 15:12:00 저장안함
한국경제 2020-11-16 17:20:00 저장안함
한국경제 2020-11-17 08:30:00 저장안함
한국경제 2020-11-17 09:23:00 저장안함
한국경제 2020-11-17 13:52:00 저장안함
한국경제 2020-11-17 15:43:00 저장안함
한국경제 2020-11-17 17:34:00 저장안함
한국경제 2020-11-18 14:15:00 저장안함
한국경제 2020-11-18 15:54:00 저장안함
한국경제 2020-11-18 17:11:00 저장안함
한국경제 2020-11-18 17:25:00 저장안함
한국경제 2020-11-18 17:26:00 저장안함
한국경제 2020-11-19 15:57:00 저장안함
한국경제 2020-11-19 15:57:00 저장안함
한국경제 2020-11-19 17:29:00 저장안함
한국경제 2020-11-20 08:34:00 저장안함
한국경제 2020-11-20 13:15:00 저장안함
한국경제 2020-11-20 16:01:00 저장안함
한국경제 2020-11-20 16:19:00 저장안함
종료
False
디비에 저장된 가장 최근 게시물 시간 2020-11-23 12:53:00
머니투데이 2020-11-23 10:12:00 저장안함
머니투데이 2020-11-23 10:34:00 저장안함
머니투데이 2020-11-23 10:34:00 저장안함
머니투데이 2020-11-23 10:36:00 저장안함
머니투데이 2020-11-23 11:27:00 저장안함
머니투데이 2020-11-23 11:27:00 저장안함
머니투데이 2020-11-23 11:28:00 저장안함
머니투데이 2020-11-23 11:31:00 저장안함
머니투데이 2020-11-23 11:32:00 저장안함
머니투데이 2020-11-23 11:37:00 저장안함
머니투데이 2020-11-23 11:39:00 저장안함
머니투데이 2020-11-23 12:00:00 저장안함
머니투데이 2020-11-23 12:00:00 저장안함
머니투데이 2020-11-23 12:01:00 저장안함
머니투데이 2020-11-23 12:01:00 저장안함
머니투데이 2020-11-23 12:02:00 저장안함
머니투데이 2020-11-23 12:53:00 저장안함
머니투데이 2020-11-23 13:11:00 저장
머니투데이 2020-11-23 13:12:00 저장
머니투데이 2020-11-23 13:41:00 저장
종료
False
디비에 저장된 가장 최근 게시물 시간 2020-11-23 12:35:00
한국증권신문-국내 2020-11-18 10:06:00 저장안함
한국증권신문-국내 2020-11-19 07:42:00 저장안함
한국증권신문-국내 2020-11-19 10:06:00 저장안함
한국증권신문-국내 2020-11-19 10:13:00 저장안함
한국증권신문-국내 2020-11-19 10:13:00 저장안함
한국증권신문-국내 2020-11-19 10:13:00 저장안함
한국증권신문-국내 2020-11-19 10:13:00 저장안함
한국증권신문-국내 2020-11-20 09:34:00 저장안함
한국증권신문-국내 2020-11-20 09:34:00 저장안함
한국증권신문-국내 2020-11-20 09:34:00 저장안함
한국증권신문-국내 2020-11-20 09:35:00 저장안함
한국증권신문-국내 2020-11-20 09:35:00 저장안함
한국증권신문-국내 2020-11-23 10:02:00 저장안함
한국증권신문-국내 2020-11-23 10:08:00 저장안함
한국증권신문-국내 2020-11-23 10:27:00 저장안함
한국증권신문-국내 2020-11-23 10:27:00 저장안함
한국증권신문-국내 2020-11-23 10:28:00 저장안함
한국증권신문-국내 2020-11-23 10:29:00 저장안함
한국증권신문-국내 2020-11-23 10:29:00 저장안함
한국증권신문-국내 2020-11-23 12:35:00 저장안함
종료
False
디비에 저장된 가장 최근 게시물 시간 2020-11-20 07:57:00
한국증권신문-해외 2020-10-28 07:19:00 저장안함
한국증권신문-해외 2020-10-29 07:46:00 저장안함
한국증권신문-해외 2020-10-29 07:47:00 저장안함
한국증권신문-해외 2020-10-30 06:35:00 저장안함
한국증권신문-해외 2020-11-04 07:40:00 저장안함
한국증권신문-해외 2020-11-05 07:21:00 저장안함
한국증권신문-해외 2020-11-06 09:06:00 저장안함
한국증권신문-해외 2020-11-06 09:10:00 저장안함
한국증권신문-해외 2020-11-10 07:41:00 저장안함
한국증권신문-해외 2020-11-11 07:32:00 저장안함
한국증권신문-해외 2020-11-12 08:15:00 저장안함
한국증권신문-해외 2020-11-13 09:00:00 저장안함
한국증권신문-해외 2020-11-13 09:03:00 저장안함
한국증권신문-해외 2020-11-17 07:20:00 저장안함
한국증권신문-해외 2020-11-17 07:20:00 저장안함
한국증권신문-해외 2020-11-18 07:52:00 저장안함
한국증권신문-해외 2020-11-18 07:53:00 저장안함
한국증권신문-해외 2020-11-19 07:38:00 저장안함
한국증권신문-해외 2020-11-20 07:56:00 저장안함
한국증권신문-해외 2020-11-20 07:57:00 저장안함
종료
False
디비에 저장된 가장 최근 게시물 시간 2020-11-23 11:38:00
연합뉴스 2020-11-20 16:35:00 저장안함
연합뉴스 2020-11-20 16:35:00 저장안함
연합뉴스 2020-11-20 16:35:00 저장안함
연합뉴스 2020-11-20 16:35:00 저장안함
연합뉴스 2020-11-20 16:36:00 저장안함
연합뉴스 2020-11-20 16:36:00 저장안함
연합뉴스 2020-11-20 16:36:00 저장안함
연합뉴스 2020-11-20 17:23:00 저장안함
연합뉴스 2020-11-20 18:18:00 저장안함
연합뉴스 2020-11-20 18:18:00 저장안함
연합뉴스 2020-11-20 18:18:00 저장안함
연합뉴스 2020-11-20 18:19:00 저장안함
연합뉴스 2020-11-21 00:01:00 저장안함
연합뉴스 2020-11-21 02:49:00 저장안함
연합뉴스 2020-11-21 06:42:00 저장안함
연합뉴스 2020-11-22 07:00:00 저장안함
연합뉴스 2020-11-22 07:00:00 저장안함
연합뉴스 2020-11-23 06:05:00 저장안함
연합뉴스 2020-11-23 06:07:00 저장안함
연합뉴스 2020-11-23 09:01:00 저장안함
연합뉴스 2020-11-23 09:01:00 저장안함
연합뉴스 2020-11-23 09:49:00 저장안함
연합뉴스 2020-11-23 09:54:00 저장안함
연합뉴스 2020-11-23 11:32:00 저장안함
연합뉴스 2020-11-23 11:38:00 저장안함
종료
False
디비에 저장된 가장 최근 게시물 시간 2020-11-23 11:19:00
서울경제 2020-11-22 10:38:00 저장안함
서울경제 2020-11-22 11:18:00 저장안함
서울경제 2020-11-22 14:07:00 저장안함
서울경제 2020-11-22 17:31:00 저장안함
서울경제 2020-11-23 06:20:00 저장안함
서울경제 2020-11-23 07:15:00 저장안함
서울경제 2020-11-23 09:16:00 저장안함
서울경제 2020-11-23 09:19:00 저장안함
서울경제 2020-11-23 09:19:00 저장안함
서울경제 2020-11-23 09:24:00 저장안함
서울경제 2020-11-23 09:32:00 저장안함
서울경제 2020-11-23 10:14:00 저장안함
서울경제 2020-11-23 11:15:00 저장안함
서울경제 2020-11-23 11:17:00 저장안함
서울경제 2020-11-23 11:19:00 저장안함
종료
news_crawling finish
news_crawling
False
디비에 저장된 가장 최근 게시물 시간 2020-11-20 16:19:00
한국경제 2020-11-16 10:01:00 저장안함
한국경제 2020-11-16 15:12:00 저장안함
한국경제 2020-11-16 17:20:00 저장안함
한국경제 2020-11-17 08:30:00 저장안함
한국경제 2020-11-17 09:23:00 저장안함
한국경제 2020-11-17 13:52:00 저장안함
한국경제 2020-11-17 15:43:00 저장안함
한국경제 2020-11-17 17:34:00 저장안함
한국경제 2020-11-18 14:15:00 저장안함
한국경제 2020-11-18 15:54:00 저장안함
한국경제 2020-11-18 17:11:00 저장안함
한국경제 2020-11-18 17:25:00 저장안함
한국경제 2020-11-18 17:26:00 저장안함
한국경제 2020-11-19 15:57:00 저장안함
한국경제 2020-11-19 15:57:00 저장안함
한국경제 2020-11-19 17:29:00 저장안함
한국경제 2020-11-20 08:34:00 저장안함
한국경제 2020-11-20 13:15:00 저장안함
한국경제 2020-11-20 16:01:00 저장안함
한국경제 2020-11-20 16:19:00 저장안함
종료
False
디비에 저장된 가장 최근 게시물 시간 2020-11-23 13:41:00
머니투데이 2020-11-23 11:39:00 저장안함
머니투데이 2020-11-23 12:00:00 저장안함
머니투데이 2020-11-23 12:00:00 저장안함
머니투데이 2020-11-23 12:01:00 저장안함
머니투데이 2020-11-23 12:01:00 저장안함
머니투데이 2020-11-23 12:02:00 저장안함
머니투데이 2020-11-23 12:53:00 저장안함
머니투데이 2020-11-23 13:11:00 저장안함
머니투데이 2020-11-23 13:12:00 저장안함
머니투데이 2020-11-23 13:41:00 저장안함
머니투데이 2020-11-23 14:00:00 저장
머니투데이 2020-11-23 14:00:00 저장
머니투데이 2020-11-23 14:00:00 저장
머니투데이 2020-11-23 14:32:00 저장
머니투데이 2020-11-23 14:34:00 저장
머니투데이 2020-11-23 14:36:00 저장
머니투데이 2020-11-23 14:40:00 저장
머니투데이 2020-11-23 14:42:00 저장
머니투데이 2020-11-23 14:48:00 저장
머니투데이 2020-11-23 14:59:00 저장
종료
False
디비에 저장된 가장 최근 게시물 시간 2020-11-23 12:35:00
한국증권신문-국내 2020-11-18 10:06:00 저장안함
한국증권신문-국내 2020-11-19 07:42:00 저장안함
한국증권신문-국내 2020-11-19 10:06:00 저장안함
한국증권신문-국내 2020-11-19 10:13:00 저장안함
한국증권신문-국내 2020-11-19 10:13:00 저장안함
한국증권신문-국내 2020-11-19 10:13:00 저장안함
한국증권신문-국내 2020-11-19 10:13:00 저장안함
한국증권신문-국내 2020-11-20 09:34:00 저장안함
한국증권신문-국내 2020-11-20 09:34:00 저장안함
한국증권신문-국내 2020-11-20 09:34:00 저장안함
한국증권신문-국내 2020-11-20 09:35:00 저장안함
한국증권신문-국내 2020-11-20 09:35:00 저장안함
한국증권신문-국내 2020-11-23 10:02:00 저장안함
한국증권신문-국내 2020-11-23 10:08:00 저장안함
한국증권신문-국내 2020-11-23 10:27:00 저장안함
한국증권신문-국내 2020-11-23 10:27:00 저장안함
한국증권신문-국내 2020-11-23 10:28:00 저장안함
한국증권신문-국내 2020-11-23 10:29:00 저장안함
한국증권신문-국내 2020-11-23 10:29:00 저장안함
한국증권신문-국내 2020-11-23 12:35:00 저장안함
종료
False
디비에 저장된 가장 최근 게시물 시간 2020-11-20 07:57:00
한국증권신문-해외 2020-10-28 07:19:00 저장안함
한국증권신문-해외 2020-10-29 07:46:00 저장안함
한국증권신문-해외 2020-10-29 07:47:00 저장안함
한국증권신문-해외 2020-10-30 06:35:00 저장안함
한국증권신문-해외 2020-11-04 07:40:00 저장안함
한국증권신문-해외 2020-11-05 07:21:00 저장안함
한국증권신문-해외 2020-11-06 09:06:00 저장안함
한국증권신문-해외 2020-11-06 09:10:00 저장안함
한국증권신문-해외 2020-11-10 07:41:00 저장안함
한국증권신문-해외 2020-11-11 07:32:00 저장안함
한국증권신문-해외 2020-11-12 08:15:00 저장안함
한국증권신문-해외 2020-11-13 09:00:00 저장안함
한국증권신문-해외 2020-11-13 09:03:00 저장안함
한국증권신문-해외 2020-11-17 07:20:00 저장안함
한국증권신문-해외 2020-11-17 07:20:00 저장안함
한국증권신문-해외 2020-11-18 07:52:00 저장안함
한국증권신문-해외 2020-11-18 07:53:00 저장안함
한국증권신문-해외 2020-11-19 07:38:00 저장안함
한국증권신문-해외 2020-11-20 07:56:00 저장안함
한국증권신문-해외 2020-11-20 07:57:00 저장안함
종료
False
디비에 저장된 가장 최근 게시물 시간 2020-11-23 11:38:00
연합뉴스 2020-11-20 16:35:00 저장안함
연합뉴스 2020-11-20 16:35:00 저장안함
연합뉴스 2020-11-20 16:36:00 저장안함
연합뉴스 2020-11-20 16:36:00 저장안함
연합뉴스 2020-11-20 16:36:00 저장안함
연합뉴스 2020-11-20 17:23:00 저장안함
연합뉴스 2020-11-20 18:18:00 저장안함
연합뉴스 2020-11-20 18:18:00 저장안함
연합뉴스 2020-11-20 18:18:00 저장안함
연합뉴스 2020-11-20 18:19:00 저장안함
연합뉴스 2020-11-21 00:01:00 저장안함
연합뉴스 2020-11-21 02:49:00 저장안함
연합뉴스 2020-11-21 06:42:00 저장안함
연합뉴스 2020-11-22 07:00:00 저장안함
연합뉴스 2020-11-22 07:00:00 저장안함
연합뉴스 2020-11-23 06:05:00 저장안함
연합뉴스 2020-11-23 06:07:00 저장안함
연합뉴스 2020-11-23 09:01:00 저장안함
연합뉴스 2020-11-23 09:01:00 저장안함
연합뉴스 2020-11-23 09:49:00 저장안함
연합뉴스 2020-11-23 09:54:00 저장안함
연합뉴스 2020-11-23 11:32:00 저장안함
연합뉴스 2020-11-23 11:38:00 저장안함
연합뉴스 2020-11-23 14:30:00 저장
연합뉴스 2020-11-23 14:31:00 저장
종료
False
디비에 저장된 가장 최근 게시물 시간 2020-11-23 11:19:00
서울경제 2020-11-22 11:18:00 저장안함
서울경제 2020-11-22 14:07:00 저장안함
서울경제 2020-11-22 17:31:00 저장안함
서울경제 2020-11-23 06:20:00 저장안함
서울경제 2020-11-23 07:15:00 저장안함
서울경제 2020-11-23 09:16:00 저장안함
서울경제 2020-11-23 09:19:00 저장안함
서울경제 2020-11-23 09:19:00 저장안함
서울경제 2020-11-23 09:24:00 저장안함
서울경제 2020-11-23 09:32:00 저장안함
서울경제 2020-11-23 10:14:00 저장안함
서울경제 2020-11-23 11:15:00 저장안함
서울경제 2020-11-23 11:17:00 저장안함
서울경제 2020-11-23 11:19:00 저장안함
서울경제 2020-11-23 14:10:00 저장
종료
news_crawling finish
news_crawling
False
디비에 저장된 가장 최근 게시물 시간 2020-11-20 16:19:00
한국경제 2020-11-16 10:01:00 저장안함
한국경제 2020-11-16 15:12:00 저장안함
한국경제 2020-11-16 17:20:00 저장안함
한국경제 2020-11-17 08:30:00 저장안함
한국경제 2020-11-17 09:23:00 저장안함
한국경제 2020-11-17 13:52:00 저장안함
한국경제 2020-11-17 15:43:00 저장안함
한국경제 2020-11-17 17:34:00 저장안함
한국경제 2020-11-18 14:15:00 저장안함
한국경제 2020-11-18 15:54:00 저장안함
한국경제 2020-11-18 17:11:00 저장안함
한국경제 2020-11-18 17:25:00 저장안함
한국경제 2020-11-18 17:26:00 저장안함
한국경제 2020-11-19 15:57:00 저장안함
한국경제 2020-11-19 15:57:00 저장안함
한국경제 2020-11-19 17:29:00 저장안함
한국경제 2020-11-20 08:34:00 저장안함
한국경제 2020-11-20 13:15:00 저장안함
한국경제 2020-11-20 16:01:00 저장안함
한국경제 2020-11-20 16:19:00 저장안함
종료
False
디비에 저장된 가장 최근 게시물 시간 2020-11-23 14:59:00
머니투데이 2020-11-23 14:40:00 저장안함
머니투데이 2020-11-23 14:42:00 저장안함
머니투데이 2020-11-23 14:48:00 저장안함
머니투데이 2020-11-23 14:59:00 저장안함
머니투데이 2020-11-23 15:00:00 저장
머니투데이 2020-11-23 15:04:00 저장
머니투데이 2020-11-23 15:26:00 저장
머니투데이 2020-11-23 15:26:00 저장
머니투데이 2020-11-23 15:30:00 저장
머니투데이 2020-11-23 15:31:00 저장
머니투데이 2020-11-23 15:31:00 저장
머니투데이 2020-11-23 15:32:00 저장
머니투데이 2020-11-23 15:33:00 저장
머니투데이 2020-11-23 15:49:00 저장
머니투데이 2020-11-23 15:50:00 저장
머니투데이 2020-11-23 15:51:00 저장
머니투데이 2020-11-23 15:54:00 저장
머니투데이 2020-11-23 15:55:00 저장
머니투데이 2020-11-23 15:55:00 저장
머니투데이 2020-11-23 15:56:00 저장
종료
False
디비에 저장된 가장 최근 게시물 시간 2020-11-23 12:35:00
한국증권신문-국내 2020-11-18 10:06:00 저장안함
한국증권신문-국내 2020-11-19 07:42:00 저장안함
한국증권신문-국내 2020-11-19 10:06:00 저장안함
한국증권신문-국내 2020-11-19 10:13:00 저장안함
한국증권신문-국내 2020-11-19 10:13:00 저장안함
한국증권신문-국내 2020-11-19 10:13:00 저장안함
한국증권신문-국내 2020-11-19 10:13:00 저장안함
한국증권신문-국내 2020-11-20 09:34:00 저장안함
한국증권신문-국내 2020-11-20 09:34:00 저장안함
한국증권신문-국내 2020-11-20 09:34:00 저장안함
한국증권신문-국내 2020-11-20 09:35:00 저장안함
한국증권신문-국내 2020-11-20 09:35:00 저장안함
한국증권신문-국내 2020-11-23 10:02:00 저장안함
한국증권신문-국내 2020-11-23 10:08:00 저장안함
한국증권신문-국내 2020-11-23 10:27:00 저장안함
한국증권신문-국내 2020-11-23 10:27:00 저장안함
한국증권신문-국내 2020-11-23 10:28:00 저장안함
한국증권신문-국내 2020-11-23 10:29:00 저장안함
한국증권신문-국내 2020-11-23 10:29:00 저장안함
한국증권신문-국내 2020-11-23 12:35:00 저장안함
종료
False
디비에 저장된 가장 최근 게시물 시간 2020-11-20 07:57:00
한국증권신문-해외 2020-10-28 07:19:00 저장안함
한국증권신문-해외 2020-10-29 07:46:00 저장안함
한국증권신문-해외 2020-10-29 07:47:00 저장안함
한국증권신문-해외 2020-10-30 06:35:00 저장안함
한국증권신문-해외 2020-11-04 07:40:00 저장안함
한국증권신문-해외 2020-11-05 07:21:00 저장안함
한국증권신문-해외 2020-11-06 09:06:00 저장안함
한국증권신문-해외 2020-11-06 09:10:00 저장안함
한국증권신문-해외 2020-11-10 07:41:00 저장안함
한국증권신문-해외 2020-11-11 07:32:00 저장안함
한국증권신문-해외 2020-11-12 08:15:00 저장안함
한국증권신문-해외 2020-11-13 09:00:00 저장안함
한국증권신문-해외 2020-11-13 09:03:00 저장안함
한국증권신문-해외 2020-11-17 07:20:00 저장안함
한국증권신문-해외 2020-11-17 07:20:00 저장안함
한국증권신문-해외 2020-11-18 07:52:00 저장안함
한국증권신문-해외 2020-11-18 07:53:00 저장안함
한국증권신문-해외 2020-11-19 07:38:00 저장안함
한국증권신문-해외 2020-11-20 07:56:00 저장안함
한국증권신문-해외 2020-11-20 07:57:00 저장안함
종료
False
디비에 저장된 가장 최근 게시물 시간 2020-11-23 14:31:00
연합뉴스 2020-11-20 17:23:00 저장안함
연합뉴스 2020-11-20 18:18:00 저장안함
연합뉴스 2020-11-20 18:18:00 저장안함
연합뉴스 2020-11-20 18:18:00 저장안함
연합뉴스 2020-11-20 18:19:00 저장안함
연합뉴스 2020-11-21 00:01:00 저장안함
연합뉴스 2020-11-21 02:49:00 저장안함
연합뉴스 2020-11-21 06:42:00 저장안함
연합뉴스 2020-11-22 07:00:00 저장안함
연합뉴스 2020-11-22 07:00:00 저장안함
연합뉴스 2020-11-23 06:05:00 저장안함
연합뉴스 2020-11-23 06:07:00 저장안함
연합뉴스 2020-11-23 09:01:00 저장안함
연합뉴스 2020-11-23 09:01:00 저장안함
연합뉴스 2020-11-23 09:49:00 저장안함
연합뉴스 2020-11-23 09:54:00 저장안함
연합뉴스 2020-11-23 11:32:00 저장안함
연합뉴스 2020-11-23 11:38:00 저장안함
연합뉴스 2020-11-23 14:30:00 저장안함
연합뉴스 2020-11-23 14:31:00 저장안함
연합뉴스 2020-11-23 15:31:00 저장
연합뉴스 2020-11-23 15:32:00 저장
연합뉴스 2020-11-23 15:35:00 저장
연합뉴스 2020-11-23 15:39:00 저장
연합뉴스 2020-11-23 15:48:00 저장
종료
False
디비에 저장된 가장 최근 게시물 시간 2020-11-23 14:10:00
서울경제 2020-11-23 06:20:00 저장안함
서울경제 2020-11-23 07:15:00 저장안함
서울경제 2020-11-23 09:16:00 저장안함
서울경제 2020-11-23 09:19:00 저장안함
서울경제 2020-11-23 09:19:00 저장안함
서울경제 2020-11-23 09:24:00 저장안함
서울경제 2020-11-23 09:32:00 저장안함
서울경제 2020-11-23 10:14:00 저장안함
서울경제 2020-11-23 11:15:00 저장안함
서울경제 2020-11-23 11:17:00 저장안함
서울경제 2020-11-23 11:19:00 저장안함
서울경제 2020-11-23 14:10:00 저장안함
서울경제 2020-11-23 15:26:00 저장
서울경제 2020-11-23 06:40:42 저장안함
서울경제 2020-11-23 06:40:42 저장안함
종료
news_crawling finish
news_crawling
False
디비에 저장된 가장 최근 게시물 시간 2020-11-20 16:19:00
한국경제 2020-11-16 10:01:00 저장안함
한국경제 2020-11-16 15:12:00 저장안함
한국경제 2020-11-16 17:20:00 저장안함
한국경제 2020-11-17 08:30:00 저장안함
한국경제 2020-11-17 09:23:00 저장안함
한국경제 2020-11-17 13:52:00 저장안함
한국경제 2020-11-17 15:43:00 저장안함
한국경제 2020-11-17 17:34:00 저장안함
한국경제 2020-11-18 14:15:00 저장안함
한국경제 2020-11-18 15:54:00 저장안함
한국경제 2020-11-18 17:11:00 저장안함
한국경제 2020-11-18 17:25:00 저장안함
한국경제 2020-11-18 17:26:00 저장안함
한국경제 2020-11-19 15:57:00 저장안함
한국경제 2020-11-19 15:57:00 저장안함
한국경제 2020-11-19 17:29:00 저장안함
한국경제 2020-11-20 08:34:00 저장안함
한국경제 2020-11-20 13:15:00 저장안함
한국경제 2020-11-20 16:01:00 저장안함
한국경제 2020-11-20 16:19:00 저장안함
종료
False
디비에 저장된 가장 최근 게시물 시간 2020-11-23 15:56:00
머니투데이 2020-11-23 16:00:00 저장
머니투데이 2020-11-23 16:05:00 저장
머니투데이 2020-11-23 16:07:00 저장
머니투데이 2020-11-23 16:08:00 저장
머니투데이 2020-11-23 16:09:00 저장
머니투데이 2020-11-23 16:09:00 저장
머니투데이 2020-11-23 16:10:00 저장
머니투데이 2020-11-23 16:11:00 저장
머니투데이 2020-11-23 16:11:00 저장
머니투데이 2020-11-23 16:12:00 저장
머니투데이 2020-11-23 16:14:00 저장
머니투데이 2020-11-23 16:14:00 저장
머니투데이 2020-11-23 16:15:00 저장
머니투데이 2020-11-23 16:18:00 저장
머니투데이 2020-11-23 16:26:00 저장
머니투데이 2020-11-23 16:30:00 저장
머니투데이 2020-11-23 16:35:00 저장
머니투데이 2020-11-23 16:37:00 저장
머니투데이 2020-11-23 16:39:00 저장
머니투데이 2020-11-23 16:59:00 저장
종료
False
디비에 저장된 가장 최근 게시물 시간 2020-11-23 12:35:00
한국증권신문-국내 2020-11-18 10:06:00 저장안함
한국증권신문-국내 2020-11-19 07:42:00 저장안함
한국증권신문-국내 2020-11-19 10:06:00 저장안함
한국증권신문-국내 2020-11-19 10:13:00 저장안함
한국증권신문-국내 2020-11-19 10:13:00 저장안함
한국증권신문-국내 2020-11-19 10:13:00 저장안함
한국증권신문-국내 2020-11-19 10:13:00 저장안함
한국증권신문-국내 2020-11-20 09:34:00 저장안함
한국증권신문-국내 2020-11-20 09:34:00 저장안함
한국증권신문-국내 2020-11-20 09:34:00 저장안함
한국증권신문-국내 2020-11-20 09:35:00 저장안함
한국증권신문-국내 2020-11-20 09:35:00 저장안함
한국증권신문-국내 2020-11-23 10:02:00 저장안함
한국증권신문-국내 2020-11-23 10:08:00 저장안함
한국증권신문-국내 2020-11-23 10:27:00 저장안함
한국증권신문-국내 2020-11-23 10:27:00 저장안함
한국증권신문-국내 2020-11-23 10:28:00 저장안함
한국증권신문-국내 2020-11-23 10:29:00 저장안함
한국증권신문-국내 2020-11-23 10:29:00 저장안함
한국증권신문-국내 2020-11-23 12:35:00 저장안함
종료
False
디비에 저장된 가장 최근 게시물 시간 2020-11-20 07:57:00
한국증권신문-해외 2020-10-28 07:19:00 저장안함
한국증권신문-해외 2020-10-29 07:46:00 저장안함
한국증권신문-해외 2020-10-29 07:47:00 저장안함
한국증권신문-해외 2020-10-30 06:35:00 저장안함
한국증권신문-해외 2020-11-04 07:40:00 저장안함
한국증권신문-해외 2020-11-05 07:21:00 저장안함
한국증권신문-해외 2020-11-06 09:06:00 저장안함
한국증권신문-해외 2020-11-06 09:10:00 저장안함
한국증권신문-해외 2020-11-10 07:41:00 저장안함
한국증권신문-해외 2020-11-11 07:32:00 저장안함
한국증권신문-해외 2020-11-12 08:15:00 저장안함
한국증권신문-해외 2020-11-13 09:00:00 저장안함
한국증권신문-해외 2020-11-13 09:03:00 저장안함
한국증권신문-해외 2020-11-17 07:20:00 저장안함
한국증권신문-해외 2020-11-17 07:20:00 저장안함
한국증권신문-해외 2020-11-18 07:52:00 저장안함
한국증권신문-해외 2020-11-18 07:53:00 저장안함
한국증권신문-해외 2020-11-19 07:38:00 저장안함
한국증권신문-해외 2020-11-20 07:56:00 저장안함
한국증권신문-해외 2020-11-20 07:57:00 저장안함
종료
False
디비에 저장된 가장 최근 게시물 시간 2020-11-23 15:48:00
연합뉴스 2020-11-23 09:01:00 저장안함
연합뉴스 2020-11-23 09:01:00 저장안함
연합뉴스 2020-11-23 09:49:00 저장안함
연합뉴스 2020-11-23 09:54:00 저장안함
연합뉴스 2020-11-23 11:32:00 저장안함
연합뉴스 2020-11-23 11:38:00 저장안함
연합뉴스 2020-11-23 14:30:00 저장안함
연합뉴스 2020-11-23 14:31:00 저장안함
연합뉴스 2020-11-23 15:31:00 저장안함
연합뉴스 2020-11-23 15:32:00 저장안함
연합뉴스 2020-11-23 15:35:00 저장안함
연합뉴스 2020-11-23 15:39:00 저장안함
연합뉴스 2020-11-23 15:48:00 저장안함
연합뉴스 2020-11-23 15:55:00 저장
연합뉴스 2020-11-23 15:56:00 저장
연합뉴스 2020-11-23 15:57:00 저장
연합뉴스 2020-11-23 16:01:00 저장
연합뉴스 2020-11-23 16:31:00 저장
연합뉴스 2020-11-23 16:31:00 저장
연합뉴스 2020-11-23 16:31:00 저장
연합뉴스 2020-11-23 16:31:00 저장
연합뉴스 2020-11-23 16:31:00 저장
연합뉴스 2020-11-23 16:31:00 저장
연합뉴스 2020-11-23 16:32:00 저장
연합뉴스 2020-11-23 16:33:00 저장
종료
False
디비에 저장된 가장 최근 게시물 시간 2020-11-23 15:26:00
서울경제 2020-11-23 09:19:00 저장안함
서울경제 2020-11-23 09:19:00 저장안함
서울경제 2020-11-23 09:24:00 저장안함
서울경제 2020-11-23 09:32:00 저장안함
서울경제 2020-11-23 10:14:00 저장안함
서울경제 2020-11-23 11:15:00 저장안함
서울경제 2020-11-23 11:17:00 저장안함
서울경제 2020-11-23 11:19:00 저장안함
서울경제 2020-11-23 14:10:00 저장안함
서울경제 2020-11-23 15:26:00 저장안함
서울경제 2020-11-23 15:40:00 저장
서울경제 2020-11-23 15:40:00 저장
서울경제 2020-11-23 07:38:40 저장안함
서울경제 2020-11-23 07:55:40 저장안함
서울경제 2020-11-23 07:56:40 저장안함
종료
news_crawling finish
news_crawling
False
디비에 저장된 가장 최근 게시물 시간 2020-11-20 16:19:00
한국경제 2020-11-16 10:01:00 저장안함
한국경제 2020-11-16 15:12:00 저장안함
한국경제 2020-11-16 17:20:00 저장안함
한국경제 2020-11-17 08:30:00 저장안함
한국경제 2020-11-17 09:23:00 저장안함
한국경제 2020-11-17 13:52:00 저장안함
한국경제 2020-11-17 15:43:00 저장안함
한국경제 2020-11-17 17:34:00 저장안함
한국경제 2020-11-18 14:15:00 저장안함
한국경제 2020-11-18 15:54:00 저장안함
한국경제 2020-11-18 17:11:00 저장안함
한국경제 2020-11-18 17:25:00 저장안함
한국경제 2020-11-18 17:26:00 저장안함
한국경제 2020-11-19 15:57:00 저장안함
한국경제 2020-11-19 15:57:00 저장안함
한국경제 2020-11-19 17:29:00 저장안함
한국경제 2020-11-20 08:34:00 저장안함
한국경제 2020-11-20 13:15:00 저장안함
한국경제 2020-11-20 16:01:00 저장안함
한국경제 2020-11-20 16:19:00 저장안함
종료
False
디비에 저장된 가장 최근 게시물 시간 2020-11-23 16:59:00
머니투데이 2020-11-23 16:08:00 저장안함
머니투데이 2020-11-23 16:09:00 저장안함
머니투데이 2020-11-23 16:09:00 저장안함
머니투데이 2020-11-23 16:10:00 저장안함
머니투데이 2020-11-23 16:11:00 저장안함
머니투데이 2020-11-23 16:11:00 저장안함
머니투데이 2020-11-23 16:12:00 저장안함
머니투데이 2020-11-23 16:14:00 저장안함
머니투데이 2020-11-23 16:14:00 저장안함
머니투데이 2020-11-23 16:15:00 저장안함
머니투데이 2020-11-23 16:18:00 저장안함
머니투데이 2020-11-23 16:26:00 저장안함
머니투데이 2020-11-23 16:30:00 저장안함
머니투데이 2020-11-23 16:35:00 저장안함
머니투데이 2020-11-23 16:37:00 저장안함
머니투데이 2020-11-23 16:39:00 저장안함
머니투데이 2020-11-23 16:59:00 저장안함
머니투데이 2020-11-23 17:22:00 저장
머니투데이 2020-11-23 17:45:00 저장
머니투데이 2020-11-23 17:47:00 저장
종료
False
디비에 저장된 가장 최근 게시물 시간 2020-11-23 12:35:00
한국증권신문-국내 2020-11-18 10:06:00 저장안함
한국증권신문-국내 2020-11-19 07:42:00 저장안함
한국증권신문-국내 2020-11-19 10:06:00 저장안함
한국증권신문-국내 2020-11-19 10:13:00 저장안함
한국증권신문-국내 2020-11-19 10:13:00 저장안함
한국증권신문-국내 2020-11-19 10:13:00 저장안함
한국증권신문-국내 2020-11-19 10:13:00 저장안함
한국증권신문-국내 2020-11-20 09:34:00 저장안함
한국증권신문-국내 2020-11-20 09:34:00 저장안함
한국증권신문-국내 2020-11-20 09:34:00 저장안함
한국증권신문-국내 2020-11-20 09:35:00 저장안함
한국증권신문-국내 2020-11-20 09:35:00 저장안함
한국증권신문-국내 2020-11-23 10:02:00 저장안함
한국증권신문-국내 2020-11-23 10:08:00 저장안함
한국증권신문-국내 2020-11-23 10:27:00 저장안함
한국증권신문-국내 2020-11-23 10:27:00 저장안함
한국증권신문-국내 2020-11-23 10:28:00 저장안함
한국증권신문-국내 2020-11-23 10:29:00 저장안함
한국증권신문-국내 2020-11-23 10:29:00 저장안함
한국증권신문-국내 2020-11-23 12:35:00 저장안함
종료
False
디비에 저장된 가장 최근 게시물 시간 2020-11-20 07:57:00
한국증권신문-해외 2020-10-28 07:19:00 저장안함
한국증권신문-해외 2020-10-29 07:46:00 저장안함
한국증권신문-해외 2020-10-29 07:47:00 저장안함
한국증권신문-해외 2020-10-30 06:35:00 저장안함
한국증권신문-해외 2020-11-04 07:40:00 저장안함
한국증권신문-해외 2020-11-05 07:21:00 저장안함
한국증권신문-해외 2020-11-06 09:06:00 저장안함
한국증권신문-해외 2020-11-06 09:10:00 저장안함
한국증권신문-해외 2020-11-10 07:41:00 저장안함
한국증권신문-해외 2020-11-11 07:32:00 저장안함
한국증권신문-해외 2020-11-12 08:15:00 저장안함
한국증권신문-해외 2020-11-13 09:00:00 저장안함
한국증권신문-해외 2020-11-13 09:03:00 저장안함
한국증권신문-해외 2020-11-17 07:20:00 저장안함
한국증권신문-해외 2020-11-17 07:20:00 저장안함
한국증권신문-해외 2020-11-18 07:52:00 저장안함
한국증권신문-해외 2020-11-18 07:53:00 저장안함
한국증권신문-해외 2020-11-19 07:38:00 저장안함
한국증권신문-해외 2020-11-20 07:56:00 저장안함
한국증권신문-해외 2020-11-20 07:57:00 저장안함
종료
False
디비에 저장된 가장 최근 게시물 시간 2020-11-23 16:33:00
연합뉴스 2020-11-23 09:01:00 저장안함
연합뉴스 2020-11-23 09:01:00 저장안함
연합뉴스 2020-11-23 09:49:00 저장안함
연합뉴스 2020-11-23 09:54:00 저장안함
연합뉴스 2020-11-23 11:32:00 저장안함
연합뉴스 2020-11-23 11:38:00 저장안함
연합뉴스 2020-11-23 14:30:00 저장안함
연합뉴스 2020-11-23 14:31:00 저장안함
연합뉴스 2020-11-23 15:31:00 저장안함
연합뉴스 2020-11-23 15:32:00 저장안함
연합뉴스 2020-11-23 15:35:00 저장안함
연합뉴스 2020-11-23 15:39:00 저장안함
연합뉴스 2020-11-23 15:48:00 저장안함
연합뉴스 2020-11-23 15:55:00 저장안함
연합뉴스 2020-11-23 15:56:00 저장안함
연합뉴스 2020-11-23 15:57:00 저장안함
연합뉴스 2020-11-23 16:01:00 저장안함
연합뉴스 2020-11-23 16:31:00 저장안함
연합뉴스 2020-11-23 16:31:00 저장안함
연합뉴스 2020-11-23 16:31:00 저장안함
연합뉴스 2020-11-23 16:31:00 저장안함
연합뉴스 2020-11-23 16:31:00 저장안함
연합뉴스 2020-11-23 16:31:00 저장안함
연합뉴스 2020-11-23 16:32:00 저장안함
연합뉴스 2020-11-23 16:33:00 저장안함
종료
False
디비에 저장된 가장 최근 게시물 시간 2020-11-23 15:40:00
서울경제 2020-11-23 14:10:00 저장안함
서울경제 2020-11-23 15:26:00 저장안함
서울경제 2020-11-23 15:40:00 저장안함
서울경제 2020-11-23 15:40:00 저장안함
서울경제 2020-11-23 16:38:00 저장
서울경제 2020-11-23 16:55:00 저장
서울경제 2020-11-23 16:56:00 저장
서울경제 2020-11-23 17:04:00 저장
서울경제 2020-11-23 17:19:00 저장
서울경제 2020-11-23 08:33:40 저장안함
서울경제 2020-11-23 08:36:40 저장안함
서울경제 2020-11-23 08:48:40 저장안함
서울경제 2020-11-23 08:51:40 저장안함
서울경제 2020-11-23 08:53:40 저장안함
서울경제 2020-11-23 08:57:40 저장안함
종료
news_crawling finish
news_crawling
False
디비에 저장된 가장 최근 게시물 시간 2020-11-20 16:19:00
한국경제 2020-11-16 10:01:00 저장안함
한국경제 2020-11-16 15:12:00 저장안함
한국경제 2020-11-16 17:20:00 저장안함
한국경제 2020-11-17 08:30:00 저장안함
한국경제 2020-11-17 09:23:00 저장안함
한국경제 2020-11-17 13:52:00 저장안함
한국경제 2020-11-17 15:43:00 저장안함
한국경제 2020-11-17 17:34:00 저장안함
한국경제 2020-11-18 14:15:00 저장안함
한국경제 2020-11-18 15:54:00 저장안함
한국경제 2020-11-18 17:11:00 저장안함
한국경제 2020-11-18 17:25:00 저장안함
한국경제 2020-11-18 17:26:00 저장안함
한국경제 2020-11-19 15:57:00 저장안함
한국경제 2020-11-19 15:57:00 저장안함
한국경제 2020-11-19 17:29:00 저장안함
한국경제 2020-11-20 08:34:00 저장안함
한국경제 2020-11-20 13:15:00 저장안함
한국경제 2020-11-20 16:01:00 저장안함
한국경제 2020-11-20 16:19:00 저장안함
종료
False
디비에 저장된 가장 최근 게시물 시간 2020-11-23 17:47:00
머니투데이 2020-11-23 16:11:00 저장안함
머니투데이 2020-11-23 16:12:00 저장안함
머니투데이 2020-11-23 16:14:00 저장안함
머니투데이 2020-11-23 16:14:00 저장안함
머니투데이 2020-11-23 16:15:00 저장안함
머니투데이 2020-11-23 16:18:00 저장안함
머니투데이 2020-11-23 16:26:00 저장안함
머니투데이 2020-11-23 16:30:00 저장안함
머니투데이 2020-11-23 16:35:00 저장안함
머니투데이 2020-11-23 16:37:00 저장안함
머니투데이 2020-11-23 16:39:00 저장안함
머니투데이 2020-11-23 16:59:00 저장안함
머니투데이 2020-11-23 17:22:00 저장안함
머니투데이 2020-11-23 17:45:00 저장안함
머니투데이 2020-11-23 17:47:00 저장안함
머니투데이 2020-11-23 18:01:00 저장
머니투데이 2020-11-23 18:05:00 저장
머니투데이 2020-11-23 18:14:00 저장
머니투데이 2020-11-23 18:26:00 저장
머니투데이 2020-11-23 18:42:00 저장
종료
False
디비에 저장된 가장 최근 게시물 시간 2020-11-23 12:35:00
한국증권신문-국내 2020-11-18 10:06:00 저장안함
한국증권신문-국내 2020-11-19 07:42:00 저장안함
한국증권신문-국내 2020-11-19 10:06:00 저장안함
한국증권신문-국내 2020-11-19 10:13:00 저장안함
한국증권신문-국내 2020-11-19 10:13:00 저장안함
한국증권신문-국내 2020-11-19 10:13:00 저장안함
한국증권신문-국내 2020-11-19 10:13:00 저장안함
한국증권신문-국내 2020-11-20 09:34:00 저장안함
한국증권신문-국내 2020-11-20 09:34:00 저장안함
한국증권신문-국내 2020-11-20 09:34:00 저장안함
한국증권신문-국내 2020-11-20 09:35:00 저장안함
한국증권신문-국내 2020-11-20 09:35:00 저장안함
한국증권신문-국내 2020-11-23 10:02:00 저장안함
한국증권신문-국내 2020-11-23 10:08:00 저장안함
한국증권신문-국내 2020-11-23 10:27:00 저장안함
한국증권신문-국내 2020-11-23 10:27:00 저장안함
한국증권신문-국내 2020-11-23 10:28:00 저장안함
한국증권신문-국내 2020-11-23 10:29:00 저장안함
한국증권신문-국내 2020-11-23 10:29:00 저장안함
한국증권신문-국내 2020-11-23 12:35:00 저장안함
종료
False
디비에 저장된 가장 최근 게시물 시간 2020-11-20 07:57:00
한국증권신문-해외 2020-10-28 07:19:00 저장안함
한국증권신문-해외 2020-10-29 07:46:00 저장안함
한국증권신문-해외 2020-10-29 07:47:00 저장안함
한국증권신문-해외 2020-10-30 06:35:00 저장안함
한국증권신문-해외 2020-11-04 07:40:00 저장안함
한국증권신문-해외 2020-11-05 07:21:00 저장안함
한국증권신문-해외 2020-11-06 09:06:00 저장안함
한국증권신문-해외 2020-11-06 09:10:00 저장안함
한국증권신문-해외 2020-11-10 07:41:00 저장안함
한국증권신문-해외 2020-11-11 07:32:00 저장안함
한국증권신문-해외 2020-11-12 08:15:00 저장안함
한국증권신문-해외 2020-11-13 09:00:00 저장안함
한국증권신문-해외 2020-11-13 09:03:00 저장안함
한국증권신문-해외 2020-11-17 07:20:00 저장안함
한국증권신문-해외 2020-11-17 07:20:00 저장안함
한국증권신문-해외 2020-11-18 07:52:00 저장안함
한국증권신문-해외 2020-11-18 07:53:00 저장안함
한국증권신문-해외 2020-11-19 07:38:00 저장안함
한국증권신문-해외 2020-11-20 07:56:00 저장안함
한국증권신문-해외 2020-11-20 07:57:00 저장안함
종료
False
디비에 저장된 가장 최근 게시물 시간 2020-11-23 16:33:00
연합뉴스 2020-11-23 09:49:00 저장안함
연합뉴스 2020-11-23 09:54:00 저장안함
연합뉴스 2020-11-23 11:32:00 저장안함
연합뉴스 2020-11-23 11:38:00 저장안함
연합뉴스 2020-11-23 14:30:00 저장안함
연합뉴스 2020-11-23 14:31:00 저장안함
연합뉴스 2020-11-23 15:31:00 저장안함
연합뉴스 2020-11-23 15:32:00 저장안함
연합뉴스 2020-11-23 15:35:00 저장안함
연합뉴스 2020-11-23 15:39:00 저장안함
연합뉴스 2020-11-23 15:48:00 저장안함
연합뉴스 2020-11-23 15:55:00 저장안함
연합뉴스 2020-11-23 15:56:00 저장안함
연합뉴스 2020-11-23 15:57:00 저장안함
연합뉴스 2020-11-23 16:01:00 저장안함
연합뉴스 2020-11-23 16:31:00 저장안함
연합뉴스 2020-11-23 16:31:00 저장안함
연합뉴스 2020-11-23 16:31:00 저장안함
연합뉴스 2020-11-23 16:31:00 저장안함
연합뉴스 2020-11-23 16:31:00 저장안함
연합뉴스 2020-11-23 16:31:00 저장안함
연합뉴스 2020-11-23 16:32:00 저장안함
연합뉴스 2020-11-23 16:33:00 저장안함
연합뉴스 2020-11-23 17:51:00 저장
연합뉴스 2020-11-23 18:06:00 저장
종료
False
디비에 저장된 가장 최근 게시물 시간 2020-11-23 17:19:00
서울경제 2020-11-23 15:40:00 저장안함
서울경제 2020-11-23 15:40:00 저장안함
서울경제 2020-11-23 16:38:00 저장안함
서울경제 2020-11-23 16:55:00 저장안함
서울경제 2020-11-23 16:56:00 저장안함
서울경제 2020-11-23 17:04:00 저장안함
서울경제 2020-11-23 17:19:00 저장안함
서울경제 2020-11-23 17:33:00 저장
서울경제 2020-11-23 17:36:00 저장
서울경제 2020-11-23 17:48:00 저장
서울경제 2020-11-23 17:51:00 저장
서울경제 2020-11-23 17:53:00 저장
서울경제 2020-11-23 17:57:00 저장
서울경제 2020-11-23 18:04:00 저장
서울경제 2020-11-23 09:57:50 저장안함
종료
news_crawling finish
news_crawling
False
디비에 저장된 가장 최근 게시물 시간 2020-11-20 16:19:00
한국경제 2020-11-16 10:01:00 저장안함
한국경제 2020-11-16 15:12:00 저장안함
한국경제 2020-11-16 17:20:00 저장안함
한국경제 2020-11-17 08:30:00 저장안함
한국경제 2020-11-17 09:23:00 저장안함
한국경제 2020-11-17 13:52:00 저장안함
한국경제 2020-11-17 15:43:00 저장안함
한국경제 2020-11-17 17:34:00 저장안함
한국경제 2020-11-18 14:15:00 저장안함
한국경제 2020-11-18 15:54:00 저장안함
한국경제 2020-11-18 17:11:00 저장안함
한국경제 2020-11-18 17:25:00 저장안함
한국경제 2020-11-18 17:26:00 저장안함
한국경제 2020-11-19 15:57:00 저장안함
한국경제 2020-11-19 15:57:00 저장안함
한국경제 2020-11-19 17:29:00 저장안함
한국경제 2020-11-20 08:34:00 저장안함
한국경제 2020-11-20 13:15:00 저장안함
한국경제 2020-11-20 16:01:00 저장안함
한국경제 2020-11-20 16:19:00 저장안함
종료
False
디비에 저장된 가장 최근 게시물 시간 2020-11-23 18:42:00
머니투데이 2020-11-23 16:14:00 저장안함
머니투데이 2020-11-23 16:14:00 저장안함
머니투데이 2020-11-23 16:15:00 저장안함
머니투데이 2020-11-23 16:18:00 저장안함
머니투데이 2020-11-23 16:26:00 저장안함
머니투데이 2020-11-23 16:30:00 저장안함
머니투데이 2020-11-23 16:35:00 저장안함
머니투데이 2020-11-23 16:37:00 저장안함
머니투데이 2020-11-23 16:39:00 저장안함
머니투데이 2020-11-23 16:59:00 저장안함
머니투데이 2020-11-23 17:22:00 저장안함
머니투데이 2020-11-23 17:45:00 저장안함
머니투데이 2020-11-23 17:47:00 저장안함
머니투데이 2020-11-23 18:01:00 저장안함
머니투데이 2020-11-23 18:05:00 저장안함
머니투데이 2020-11-23 18:14:00 저장안함
머니투데이 2020-11-23 18:26:00 저장안함
머니투데이 2020-11-23 18:42:00 저장안함
머니투데이 2020-11-23 19:04:00 저장
머니투데이 2020-11-23 19:15:00 저장
종료
False
디비에 저장된 가장 최근 게시물 시간 2020-11-23 12:35:00
한국증권신문-국내 2020-11-18 10:06:00 저장안함
한국증권신문-국내 2020-11-19 07:42:00 저장안함
한국증권신문-국내 2020-11-19 10:06:00 저장안함
한국증권신문-국내 2020-11-19 10:13:00 저장안함
한국증권신문-국내 2020-11-19 10:13:00 저장안함
한국증권신문-국내 2020-11-19 10:13:00 저장안함
한국증권신문-국내 2020-11-19 10:13:00 저장안함
한국증권신문-국내 2020-11-20 09:34:00 저장안함
한국증권신문-국내 2020-11-20 09:34:00 저장안함
한국증권신문-국내 2020-11-20 09:34:00 저장안함
한국증권신문-국내 2020-11-20 09:35:00 저장안함
한국증권신문-국내 2020-11-20 09:35:00 저장안함
한국증권신문-국내 2020-11-23 10:02:00 저장안함
한국증권신문-국내 2020-11-23 10:08:00 저장안함
한국증권신문-국내 2020-11-23 10:27:00 저장안함
한국증권신문-국내 2020-11-23 10:27:00 저장안함
한국증권신문-국내 2020-11-23 10:28:00 저장안함
한국증권신문-국내 2020-11-23 10:29:00 저장안함
한국증권신문-국내 2020-11-23 10:29:00 저장안함
한국증권신문-국내 2020-11-23 12:35:00 저장안함
종료
False
디비에 저장된 가장 최근 게시물 시간 2020-11-20 07:57:00
한국증권신문-해외 2020-10-28 07:19:00 저장안함
한국증권신문-해외 2020-10-29 07:46:00 저장안함
한국증권신문-해외 2020-10-29 07:47:00 저장안함
한국증권신문-해외 2020-10-30 06:35:00 저장안함
한국증권신문-해외 2020-11-04 07:40:00 저장안함
한국증권신문-해외 2020-11-05 07:21:00 저장안함
한국증권신문-해외 2020-11-06 09:06:00 저장안함
한국증권신문-해외 2020-11-06 09:10:00 저장안함
한국증권신문-해외 2020-11-10 07:41:00 저장안함
한국증권신문-해외 2020-11-11 07:32:00 저장안함
한국증권신문-해외 2020-11-12 08:15:00 저장안함
한국증권신문-해외 2020-11-13 09:00:00 저장안함
한국증권신문-해외 2020-11-13 09:03:00 저장안함
한국증권신문-해외 2020-11-17 07:20:00 저장안함
한국증권신문-해외 2020-11-17 07:20:00 저장안함
한국증권신문-해외 2020-11-18 07:52:00 저장안함
한국증권신문-해외 2020-11-18 07:53:00 저장안함
한국증권신문-해외 2020-11-19 07:38:00 저장안함
한국증권신문-해외 2020-11-20 07:56:00 저장안함
한국증권신문-해외 2020-11-20 07:57:00 저장안함
종료
False
디비에 저장된 가장 최근 게시물 시간 2020-11-23 18:06:00
연합뉴스 2020-11-23 09:49:00 저장안함
연합뉴스 2020-11-23 09:54:00 저장안함
연합뉴스 2020-11-23 11:32:00 저장안함
연합뉴스 2020-11-23 11:38:00 저장안함
연합뉴스 2020-11-23 14:30:00 저장안함
연합뉴스 2020-11-23 14:31:00 저장안함
연합뉴스 2020-11-23 15:31:00 저장안함
연합뉴스 2020-11-23 15:32:00 저장안함
연합뉴스 2020-11-23 15:35:00 저장안함
연합뉴스 2020-11-23 15:39:00 저장안함
연합뉴스 2020-11-23 15:48:00 저장안함
연합뉴스 2020-11-23 15:55:00 저장안함
연합뉴스 2020-11-23 15:56:00 저장안함
연합뉴스 2020-11-23 15:57:00 저장안함
연합뉴스 2020-11-23 16:01:00 저장안함
연합뉴스 2020-11-23 16:31:00 저장안함
연합뉴스 2020-11-23 16:31:00 저장안함
연합뉴스 2020-11-23 16:31:00 저장안함
연합뉴스 2020-11-23 16:31:00 저장안함
연합뉴스 2020-11-23 16:31:00 저장안함
연합뉴스 2020-11-23 16:31:00 저장안함
연합뉴스 2020-11-23 16:32:00 저장안함
연합뉴스 2020-11-23 16:33:00 저장안함
연합뉴스 2020-11-23 17:51:00 저장안함
연합뉴스 2020-11-23 18:06:00 저장안함
종료
False
디비에 저장된 가장 최근 게시물 시간 2020-11-23 18:04:00
서울경제 2020-11-23 15:40:00 저장안함
서울경제 2020-11-23 15:40:00 저장안함
서울경제 2020-11-23 16:38:00 저장안함
서울경제 2020-11-23 16:55:00 저장안함
서울경제 2020-11-23 16:56:00 저장안함
서울경제 2020-11-23 17:04:00 저장안함
서울경제 2020-11-23 17:19:00 저장안함
서울경제 2020-11-23 17:33:00 저장안함
서울경제 2020-11-23 17:36:00 저장안함
서울경제 2020-11-23 17:48:00 저장안함
서울경제 2020-11-23 17:51:00 저장안함
서울경제 2020-11-23 17:53:00 저장안함
서울경제 2020-11-23 17:57:00 저장안함
서울경제 2020-11-23 18:04:00 저장안함
서울경제 2020-11-23 18:57:00 저장
종료
news_crawling finish
news_crawling
False
디비에 저장된 가장 최근 게시물 시간 2020-11-20 16:19:00
한국경제 2020-11-16 10:01:00 저장안함
한국경제 2020-11-16 15:12:00 저장안함
한국경제 2020-11-16 17:20:00 저장안함
한국경제 2020-11-17 08:30:00 저장안함
한국경제 2020-11-17 09:23:00 저장안함
한국경제 2020-11-17 13:52:00 저장안함
한국경제 2020-11-17 15:43:00 저장안함
한국경제 2020-11-17 17:34:00 저장안함
한국경제 2020-11-18 14:15:00 저장안함
한국경제 2020-11-18 15:54:00 저장안함
한국경제 2020-11-18 17:11:00 저장안함
한국경제 2020-11-18 17:25:00 저장안함
한국경제 2020-11-18 17:26:00 저장안함
한국경제 2020-11-19 15:57:00 저장안함
한국경제 2020-11-19 15:57:00 저장안함
한국경제 2020-11-19 17:29:00 저장안함
한국경제 2020-11-20 08:34:00 저장안함
한국경제 2020-11-20 13:15:00 저장안함
한국경제 2020-11-20 16:01:00 저장안함
한국경제 2020-11-20 16:19:00 저장안함
종료
False
디비에 저장된 가장 최근 게시물 시간 2020-11-23 19:15:00
머니투데이 2020-11-23 16:14:00 저장안함
머니투데이 2020-11-23 16:14:00 저장안함
머니투데이 2020-11-23 16:15:00 저장안함
머니투데이 2020-11-23 16:18:00 저장안함
머니투데이 2020-11-23 16:26:00 저장안함
머니투데이 2020-11-23 16:30:00 저장안함
머니투데이 2020-11-23 16:35:00 저장안함
머니투데이 2020-11-23 16:37:00 저장안함
머니투데이 2020-11-23 16:39:00 저장안함
머니투데이 2020-11-23 16:59:00 저장안함
머니투데이 2020-11-23 17:22:00 저장안함
머니투데이 2020-11-23 17:45:00 저장안함
머니투데이 2020-11-23 17:47:00 저장안함
머니투데이 2020-11-23 18:01:00 저장안함
머니투데이 2020-11-23 18:05:00 저장안함
머니투데이 2020-11-23 18:14:00 저장안함
머니투데이 2020-11-23 18:26:00 저장안함
머니투데이 2020-11-23 18:42:00 저장안함
머니투데이 2020-11-23 19:04:00 저장안함
머니투데이 2020-11-23 19:15:00 저장안함
종료
False
디비에 저장된 가장 최근 게시물 시간 2020-11-23 12:35:00
한국증권신문-국내 2020-11-18 10:06:00 저장안함
한국증권신문-국내 2020-11-19 07:42:00 저장안함
한국증권신문-국내 2020-11-19 10:06:00 저장안함
한국증권신문-국내 2020-11-19 10:13:00 저장안함
한국증권신문-국내 2020-11-19 10:13:00 저장안함
한국증권신문-국내 2020-11-19 10:13:00 저장안함
한국증권신문-국내 2020-11-19 10:13:00 저장안함
한국증권신문-국내 2020-11-20 09:34:00 저장안함
한국증권신문-국내 2020-11-20 09:34:00 저장안함
한국증권신문-국내 2020-11-20 09:34:00 저장안함
한국증권신문-국내 2020-11-20 09:35:00 저장안함
한국증권신문-국내 2020-11-20 09:35:00 저장안함
한국증권신문-국내 2020-11-23 10:02:00 저장안함
한국증권신문-국내 2020-11-23 10:08:00 저장안함
한국증권신문-국내 2020-11-23 10:27:00 저장안함
한국증권신문-국내 2020-11-23 10:27:00 저장안함
한국증권신문-국내 2020-11-23 10:28:00 저장안함
한국증권신문-국내 2020-11-23 10:29:00 저장안함
한국증권신문-국내 2020-11-23 10:29:00 저장안함
한국증권신문-국내 2020-11-23 12:35:00 저장안함
종료
False
디비에 저장된 가장 최근 게시물 시간 2020-11-20 07:57:00
한국증권신문-해외 2020-10-28 07:19:00 저장안함
한국증권신문-해외 2020-10-29 07:46:00 저장안함
한국증권신문-해외 2020-10-29 07:47:00 저장안함
한국증권신문-해외 2020-10-30 06:35:00 저장안함
한국증권신문-해외 2020-11-04 07:40:00 저장안함
한국증권신문-해외 2020-11-05 07:21:00 저장안함
한국증권신문-해외 2020-11-06 09:06:00 저장안함
한국증권신문-해외 2020-11-06 09:10:00 저장안함
한국증권신문-해외 2020-11-10 07:41:00 저장안함
한국증권신문-해외 2020-11-11 07:32:00 저장안함
한국증권신문-해외 2020-11-12 08:15:00 저장안함
한국증권신문-해외 2020-11-13 09:00:00 저장안함
한국증권신문-해외 2020-11-13 09:03:00 저장안함
한국증권신문-해외 2020-11-17 07:20:00 저장안함
한국증권신문-해외 2020-11-17 07:20:00 저장안함
한국증권신문-해외 2020-11-18 07:52:00 저장안함
한국증권신문-해외 2020-11-18 07:53:00 저장안함
한국증권신문-해외 2020-11-19 07:38:00 저장안함
한국증권신문-해외 2020-11-20 07:56:00 저장안함
한국증권신문-해외 2020-11-20 07:57:00 저장안함
종료
False
디비에 저장된 가장 최근 게시물 시간 2020-11-23 18:06:00
연합뉴스 2020-11-23 09:49:00 저장안함
연합뉴스 2020-11-23 09:54:00 저장안함
연합뉴스 2020-11-23 11:32:00 저장안함
연합뉴스 2020-11-23 11:38:00 저장안함
연합뉴스 2020-11-23 14:30:00 저장안함
연합뉴스 2020-11-23 14:31:00 저장안함
연합뉴스 2020-11-23 15:31:00 저장안함
연합뉴스 2020-11-23 15:32:00 저장안함
연합뉴스 2020-11-23 15:35:00 저장안함
연합뉴스 2020-11-23 15:39:00 저장안함
연합뉴스 2020-11-23 15:48:00 저장안함
연합뉴스 2020-11-23 15:55:00 저장안함
연합뉴스 2020-11-23 15:56:00 저장안함
연합뉴스 2020-11-23 15:57:00 저장안함
연합뉴스 2020-11-23 16:01:00 저장안함
연합뉴스 2020-11-23 16:31:00 저장안함
연합뉴스 2020-11-23 16:31:00 저장안함
연합뉴스 2020-11-23 16:31:00 저장안함
연합뉴스 2020-11-23 16:31:00 저장안함
연합뉴스 2020-11-23 16:31:00 저장안함
연합뉴스 2020-11-23 16:31:00 저장안함
연합뉴스 2020-11-23 16:32:00 저장안함
연합뉴스 2020-11-23 16:33:00 저장안함
연합뉴스 2020-11-23 17:51:00 저장안함
연합뉴스 2020-11-23 18:06:00 저장안함
종료
False
디비에 저장된 가장 최근 게시물 시간 2020-11-23 18:57:00
서울경제 2020-11-23 15:40:00 저장안함
서울경제 2020-11-23 15:40:00 저장안함
서울경제 2020-11-23 16:38:00 저장안함
서울경제 2020-11-23 16:55:00 저장안함
서울경제 2020-11-23 16:56:00 저장안함
서울경제 2020-11-23 17:04:00 저장안함
서울경제 2020-11-23 17:19:00 저장안함
서울경제 2020-11-23 17:33:00 저장안함
서울경제 2020-11-23 17:36:00 저장안함
서울경제 2020-11-23 17:48:00 저장안함
서울경제 2020-11-23 17:51:00 저장안함
서울경제 2020-11-23 17:53:00 저장안함
서울경제 2020-11-23 17:57:00 저장안함
서울경제 2020-11-23 18:04:00 저장안함
서울경제 2020-11-23 18:57:00 저장안함
종료
news_crawling finish
news_crawling
False
디비에 저장된 가장 최근 게시물 시간 2020-11-20 16:19:00
한국경제 2020-11-16 10:01:00 저장안함
한국경제 2020-11-16 15:12:00 저장안함
한국경제 2020-11-16 17:20:00 저장안함
한국경제 2020-11-17 08:30:00 저장안함
한국경제 2020-11-17 09:23:00 저장안함
한국경제 2020-11-17 13:52:00 저장안함
한국경제 2020-11-17 15:43:00 저장안함
한국경제 2020-11-17 17:34:00 저장안함
한국경제 2020-11-18 14:15:00 저장안함
한국경제 2020-11-18 15:54:00 저장안함
한국경제 2020-11-18 17:11:00 저장안함
한국경제 2020-11-18 17:25:00 저장안함
한국경제 2020-11-18 17:26:00 저장안함
한국경제 2020-11-19 15:57:00 저장안함
한국경제 2020-11-19 15:57:00 저장안함
한국경제 2020-11-19 17:29:00 저장안함
한국경제 2020-11-20 08:34:00 저장안함
한국경제 2020-11-20 13:15:00 저장안함
한국경제 2020-11-20 16:01:00 저장안함
한국경제 2020-11-20 16:19:00 저장안함
종료
False
디비에 저장된 가장 최근 게시물 시간 2020-11-23 19:15:00
머니투데이 2020-11-23 16:14:00 저장안함
머니투데이 2020-11-23 16:14:00 저장안함
머니투데이 2020-11-23 16:15:00 저장안함
머니투데이 2020-11-23 16:18:00 저장안함
머니투데이 2020-11-23 16:26:00 저장안함
머니투데이 2020-11-23 16:30:00 저장안함
머니투데이 2020-11-23 16:35:00 저장안함
머니투데이 2020-11-23 16:37:00 저장안함
머니투데이 2020-11-23 16:39:00 저장안함
머니투데이 2020-11-23 16:59:00 저장안함
머니투데이 2020-11-23 17:22:00 저장안함
머니투데이 2020-11-23 17:45:00 저장안함
머니투데이 2020-11-23 17:47:00 저장안함
머니투데이 2020-11-23 18:01:00 저장안함
머니투데이 2020-11-23 18:05:00 저장안함
머니투데이 2020-11-23 18:14:00 저장안함
머니투데이 2020-11-23 18:26:00 저장안함
머니투데이 2020-11-23 18:42:00 저장안함
머니투데이 2020-11-23 19:04:00 저장안함
머니투데이 2020-11-23 19:15:00 저장안함
종료
False
디비에 저장된 가장 최근 게시물 시간 2020-11-23 12:35:00
한국증권신문-국내 2020-11-18 10:06:00 저장안함
한국증권신문-국내 2020-11-19 07:42:00 저장안함
한국증권신문-국내 2020-11-19 10:06:00 저장안함
한국증권신문-국내 2020-11-19 10:13:00 저장안함
한국증권신문-국내 2020-11-19 10:13:00 저장안함
한국증권신문-국내 2020-11-19 10:13:00 저장안함
한국증권신문-국내 2020-11-19 10:13:00 저장안함
한국증권신문-국내 2020-11-20 09:34:00 저장안함
한국증권신문-국내 2020-11-20 09:34:00 저장안함
한국증권신문-국내 2020-11-20 09:34:00 저장안함
한국증권신문-국내 2020-11-20 09:35:00 저장안함
한국증권신문-국내 2020-11-20 09:35:00 저장안함
한국증권신문-국내 2020-11-23 10:02:00 저장안함
한국증권신문-국내 2020-11-23 10:08:00 저장안함
한국증권신문-국내 2020-11-23 10:27:00 저장안함
한국증권신문-국내 2020-11-23 10:27:00 저장안함
한국증권신문-국내 2020-11-23 10:28:00 저장안함
한국증권신문-국내 2020-11-23 10:29:00 저장안함
한국증권신문-국내 2020-11-23 10:29:00 저장안함
한국증권신문-국내 2020-11-23 12:35:00 저장안함
종료
False
디비에 저장된 가장 최근 게시물 시간 2020-11-20 07:57:00
한국증권신문-해외 2020-10-28 07:19:00 저장안함
한국증권신문-해외 2020-10-29 07:46:00 저장안함
한국증권신문-해외 2020-10-29 07:47:00 저장안함
한국증권신문-해외 2020-10-30 06:35:00 저장안함
한국증권신문-해외 2020-11-04 07:40:00 저장안함
한국증권신문-해외 2020-11-05 07:21:00 저장안함
한국증권신문-해외 2020-11-06 09:06:00 저장안함
한국증권신문-해외 2020-11-06 09:10:00 저장안함
한국증권신문-해외 2020-11-10 07:41:00 저장안함
한국증권신문-해외 2020-11-11 07:32:00 저장안함
한국증권신문-해외 2020-11-12 08:15:00 저장안함
한국증권신문-해외 2020-11-13 09:00:00 저장안함
한국증권신문-해외 2020-11-13 09:03:00 저장안함
한국증권신문-해외 2020-11-17 07:20:00 저장안함
한국증권신문-해외 2020-11-17 07:20:00 저장안함
한국증권신문-해외 2020-11-18 07:52:00 저장안함
한국증권신문-해외 2020-11-18 07:53:00 저장안함
한국증권신문-해외 2020-11-19 07:38:00 저장안함
한국증권신문-해외 2020-11-20 07:56:00 저장안함
한국증권신문-해외 2020-11-20 07:57:00 저장안함
종료
False
디비에 저장된 가장 최근 게시물 시간 2020-11-23 18:06:00
연합뉴스 2020-11-23 09:49:00 저장안함
연합뉴스 2020-11-23 09:54:00 저장안함
연합뉴스 2020-11-23 11:32:00 저장안함
연합뉴스 2020-11-23 11:38:00 저장안함
연합뉴스 2020-11-23 14:30:00 저장안함
연합뉴스 2020-11-23 14:31:00 저장안함
연합뉴스 2020-11-23 15:31:00 저장안함
연합뉴스 2020-11-23 15:32:00 저장안함
연합뉴스 2020-11-23 15:35:00 저장안함
연합뉴스 2020-11-23 15:39:00 저장안함
연합뉴스 2020-11-23 15:48:00 저장안함
연합뉴스 2020-11-23 15:55:00 저장안함
연합뉴스 2020-11-23 15:56:00 저장안함
연합뉴스 2020-11-23 15:57:00 저장안함
연합뉴스 2020-11-23 16:01:00 저장안함
연합뉴스 2020-11-23 16:31:00 저장안함
연합뉴스 2020-11-23 16:31:00 저장안함
연합뉴스 2020-11-23 16:31:00 저장안함
연합뉴스 2020-11-23 16:31:00 저장안함
연합뉴스 2020-11-23 16:31:00 저장안함
연합뉴스 2020-11-23 16:31:00 저장안함
연합뉴스 2020-11-23 16:32:00 저장안함
연합뉴스 2020-11-23 16:33:00 저장안함
연합뉴스 2020-11-23 17:51:00 저장안함
연합뉴스 2020-11-23 18:06:00 저장안함
종료
False
디비에 저장된 가장 최근 게시물 시간 2020-11-23 18:57:00
서울경제 2020-11-23 15:40:00 저장안함
서울경제 2020-11-23 15:40:00 저장안함
서울경제 2020-11-23 16:38:00 저장안함
서울경제 2020-11-23 16:55:00 저장안함
서울경제 2020-11-23 16:56:00 저장안함
서울경제 2020-11-23 17:04:00 저장안함
서울경제 2020-11-23 17:19:00 저장안함
서울경제 2020-11-23 17:33:00 저장안함
서울경제 2020-11-23 17:36:00 저장안함
서울경제 2020-11-23 17:48:00 저장안함
서울경제 2020-11-23 17:51:00 저장안함
서울경제 2020-11-23 17:53:00 저장안함
서울경제 2020-11-23 17:57:00 저장안함
서울경제 2020-11-23 18:04:00 저장안함
서울경제 2020-11-23 18:57:00 저장안함
종료
news_crawling finish
news_crawling
False
디비에 저장된 가장 최근 게시물 시간 2020-11-20 16:19:00
한국경제 2020-11-16 10:01:00 저장안함
한국경제 2020-11-16 15:12:00 저장안함
한국경제 2020-11-16 17:20:00 저장안함
한국경제 2020-11-17 08:30:00 저장안함
한국경제 2020-11-17 09:23:00 저장안함
한국경제 2020-11-17 13:52:00 저장안함
한국경제 2020-11-17 15:43:00 저장안함
한국경제 2020-11-17 17:34:00 저장안함
한국경제 2020-11-18 14:15:00 저장안함
한국경제 2020-11-18 15:54:00 저장안함
한국경제 2020-11-18 17:11:00 저장안함
한국경제 2020-11-18 17:25:00 저장안함
한국경제 2020-11-18 17:26:00 저장안함
한국경제 2020-11-19 15:57:00 저장안함
한국경제 2020-11-19 15:57:00 저장안함
한국경제 2020-11-19 17:29:00 저장안함
한국경제 2020-11-20 08:34:00 저장안함
한국경제 2020-11-20 13:15:00 저장안함
한국경제 2020-11-20 16:01:00 저장안함
한국경제 2020-11-20 16:19:00 저장안함
종료
False
디비에 저장된 가장 최근 게시물 시간 2020-11-23 19:15:00
머니투데이 2020-11-23 16:14:00 저장안함
머니투데이 2020-11-23 16:14:00 저장안함
머니투데이 2020-11-23 16:15:00 저장안함
머니투데이 2020-11-23 16:18:00 저장안함
머니투데이 2020-11-23 16:26:00 저장안함
머니투데이 2020-11-23 16:30:00 저장안함
머니투데이 2020-11-23 16:35:00 저장안함
머니투데이 2020-11-23 16:37:00 저장안함
머니투데이 2020-11-23 16:39:00 저장안함
머니투데이 2020-11-23 16:59:00 저장안함
머니투데이 2020-11-23 17:22:00 저장안함
머니투데이 2020-11-23 17:45:00 저장안함
머니투데이 2020-11-23 17:47:00 저장안함
머니투데이 2020-11-23 18:01:00 저장안함
머니투데이 2020-11-23 18:05:00 저장안함
머니투데이 2020-11-23 18:14:00 저장안함
머니투데이 2020-11-23 18:26:00 저장안함
머니투데이 2020-11-23 18:42:00 저장안함
머니투데이 2020-11-23 19:04:00 저장안함
머니투데이 2020-11-23 19:15:00 저장안함
종료
False
디비에 저장된 가장 최근 게시물 시간 2020-11-23 12:35:00
한국증권신문-국내 2020-11-18 10:06:00 저장안함
한국증권신문-국내 2020-11-19 07:42:00 저장안함
한국증권신문-국내 2020-11-19 10:06:00 저장안함
한국증권신문-국내 2020-11-19 10:13:00 저장안함
한국증권신문-국내 2020-11-19 10:13:00 저장안함
한국증권신문-국내 2020-11-19 10:13:00 저장안함
한국증권신문-국내 2020-11-19 10:13:00 저장안함
한국증권신문-국내 2020-11-20 09:34:00 저장안함
한국증권신문-국내 2020-11-20 09:34:00 저장안함
한국증권신문-국내 2020-11-20 09:34:00 저장안함
한국증권신문-국내 2020-11-20 09:35:00 저장안함
한국증권신문-국내 2020-11-20 09:35:00 저장안함
한국증권신문-국내 2020-11-23 10:02:00 저장안함
한국증권신문-국내 2020-11-23 10:08:00 저장안함
한국증권신문-국내 2020-11-23 10:27:00 저장안함
한국증권신문-국내 2020-11-23 10:27:00 저장안함
한국증권신문-국내 2020-11-23 10:28:00 저장안함
한국증권신문-국내 2020-11-23 10:29:00 저장안함
한국증권신문-국내 2020-11-23 10:29:00 저장안함
한국증권신문-국내 2020-11-23 12:35:00 저장안함
종료
False
디비에 저장된 가장 최근 게시물 시간 2020-11-20 07:57:00
한국증권신문-해외 2020-10-28 07:19:00 저장안함
한국증권신문-해외 2020-10-29 07:46:00 저장안함
한국증권신문-해외 2020-10-29 07:47:00 저장안함
한국증권신문-해외 2020-10-30 06:35:00 저장안함
한국증권신문-해외 2020-11-04 07:40:00 저장안함
한국증권신문-해외 2020-11-05 07:21:00 저장안함
한국증권신문-해외 2020-11-06 09:06:00 저장안함
한국증권신문-해외 2020-11-06 09:10:00 저장안함
한국증권신문-해외 2020-11-10 07:41:00 저장안함
한국증권신문-해외 2020-11-11 07:32:00 저장안함
한국증권신문-해외 2020-11-12 08:15:00 저장안함
한국증권신문-해외 2020-11-13 09:00:00 저장안함
한국증권신문-해외 2020-11-13 09:03:00 저장안함
한국증권신문-해외 2020-11-17 07:20:00 저장안함
한국증권신문-해외 2020-11-17 07:20:00 저장안함
한국증권신문-해외 2020-11-18 07:52:00 저장안함
한국증권신문-해외 2020-11-18 07:53:00 저장안함
한국증권신문-해외 2020-11-19 07:38:00 저장안함
한국증권신문-해외 2020-11-20 07:56:00 저장안함
한국증권신문-해외 2020-11-20 07:57:00 저장안함
종료
False
디비에 저장된 가장 최근 게시물 시간 2020-11-23 18:06:00
연합뉴스 2020-11-23 09:49:00 저장안함
연합뉴스 2020-11-23 09:54:00 저장안함
연합뉴스 2020-11-23 11:32:00 저장안함
연합뉴스 2020-11-23 11:38:00 저장안함
연합뉴스 2020-11-23 14:30:00 저장안함
연합뉴스 2020-11-23 14:31:00 저장안함
연합뉴스 2020-11-23 15:31:00 저장안함
연합뉴스 2020-11-23 15:32:00 저장안함
연합뉴스 2020-11-23 15:35:00 저장안함
연합뉴스 2020-11-23 15:39:00 저장안함
연합뉴스 2020-11-23 15:48:00 저장안함
연합뉴스 2020-11-23 15:55:00 저장안함
연합뉴스 2020-11-23 15:56:00 저장안함
연합뉴스 2020-11-23 15:57:00 저장안함
연합뉴스 2020-11-23 16:01:00 저장안함
연합뉴스 2020-11-23 16:31:00 저장안함
연합뉴스 2020-11-23 16:31:00 저장안함
연합뉴스 2020-11-23 16:31:00 저장안함
연합뉴스 2020-11-23 16:31:00 저장안함
연합뉴스 2020-11-23 16:31:00 저장안함
연합뉴스 2020-11-23 16:31:00 저장안함
연합뉴스 2020-11-23 16:32:00 저장안함
연합뉴스 2020-11-23 16:33:00 저장안함
연합뉴스 2020-11-23 17:51:00 저장안함
연합뉴스 2020-11-23 18:06:00 저장안함
종료
False
디비에 저장된 가장 최근 게시물 시간 2020-11-23 18:57:00
서울경제 2020-11-23 15:40:00 저장안함
서울경제 2020-11-23 15:40:00 저장안함
서울경제 2020-11-23 16:38:00 저장안함
서울경제 2020-11-23 16:55:00 저장안함
서울경제 2020-11-23 16:56:00 저장안함
서울경제 2020-11-23 17:04:00 저장안함
서울경제 2020-11-23 17:19:00 저장안함
서울경제 2020-11-23 17:33:00 저장안함
서울경제 2020-11-23 17:36:00 저장안함
서울경제 2020-11-23 17:48:00 저장안함
서울경제 2020-11-23 17:51:00 저장안함
서울경제 2020-11-23 17:53:00 저장안함
서울경제 2020-11-23 17:57:00 저장안함
서울경제 2020-11-23 18:04:00 저장안함
서울경제 2020-11-23 18:57:00 저장안함
종료
news_crawling finish
news_crawling
False
디비에 저장된 가장 최근 게시물 시간 2020-11-20 16:19:00
한국경제 2020-11-16 10:01:00 저장안함
한국경제 2020-11-16 15:12:00 저장안함
한국경제 2020-11-16 17:20:00 저장안함
한국경제 2020-11-17 08:30:00 저장안함
한국경제 2020-11-17 09:23:00 저장안함
한국경제 2020-11-17 13:52:00 저장안함
한국경제 2020-11-17 15:43:00 저장안함
한국경제 2020-11-17 17:34:00 저장안함
한국경제 2020-11-18 14:15:00 저장안함
한국경제 2020-11-18 15:54:00 저장안함
한국경제 2020-11-18 17:11:00 저장안함
한국경제 2020-11-18 17:25:00 저장안함
한국경제 2020-11-18 17:26:00 저장안함
한국경제 2020-11-19 15:57:00 저장안함
한국경제 2020-11-19 15:57:00 저장안함
한국경제 2020-11-19 17:29:00 저장안함
한국경제 2020-11-20 08:34:00 저장안함
한국경제 2020-11-20 13:15:00 저장안함
한국경제 2020-11-20 16:01:00 저장안함
한국경제 2020-11-20 16:19:00 저장안함
종료
False
디비에 저장된 가장 최근 게시물 시간 2020-11-23 19:15:00
머니투데이 2020-11-23 16:14:00 저장안함
머니투데이 2020-11-23 16:15:00 저장안함
머니투데이 2020-11-23 16:18:00 저장안함
머니투데이 2020-11-23 16:26:00 저장안함
머니투데이 2020-11-23 16:30:00 저장안함
머니투데이 2020-11-23 16:35:00 저장안함
머니투데이 2020-11-23 16:37:00 저장안함
머니투데이 2020-11-23 16:39:00 저장안함
머니투데이 2020-11-23 16:59:00 저장안함
머니투데이 2020-11-23 17:22:00 저장안함
머니투데이 2020-11-23 17:45:00 저장안함
머니투데이 2020-11-23 17:47:00 저장안함
머니투데이 2020-11-23 18:01:00 저장안함
머니투데이 2020-11-23 18:05:00 저장안함
머니투데이 2020-11-23 18:14:00 저장안함
머니투데이 2020-11-23 18:26:00 저장안함
머니투데이 2020-11-23 18:42:00 저장안함
머니투데이 2020-11-23 19:04:00 저장안함
머니투데이 2020-11-23 19:15:00 저장안함
머니투데이 2020-11-23 23:33:00 저장
종료
False
디비에 저장된 가장 최근 게시물 시간 2020-11-23 12:35:00
한국증권신문-국내 2020-11-18 10:06:00 저장안함
한국증권신문-국내 2020-11-19 07:42:00 저장안함
한국증권신문-국내 2020-11-19 10:06:00 저장안함
한국증권신문-국내 2020-11-19 10:13:00 저장안함
한국증권신문-국내 2020-11-19 10:13:00 저장안함
한국증권신문-국내 2020-11-19 10:13:00 저장안함
한국증권신문-국내 2020-11-19 10:13:00 저장안함
한국증권신문-국내 2020-11-20 09:34:00 저장안함
한국증권신문-국내 2020-11-20 09:34:00 저장안함
한국증권신문-국내 2020-11-20 09:34:00 저장안함
한국증권신문-국내 2020-11-20 09:35:00 저장안함
한국증권신문-국내 2020-11-20 09:35:00 저장안함
한국증권신문-국내 2020-11-23 10:02:00 저장안함
한국증권신문-국내 2020-11-23 10:08:00 저장안함
한국증권신문-국내 2020-11-23 10:27:00 저장안함
한국증권신문-국내 2020-11-23 10:27:00 저장안함
한국증권신문-국내 2020-11-23 10:28:00 저장안함
한국증권신문-국내 2020-11-23 10:29:00 저장안함
한국증권신문-국내 2020-11-23 10:29:00 저장안함
한국증권신문-국내 2020-11-23 12:35:00 저장안함
종료
False
디비에 저장된 가장 최근 게시물 시간 2020-11-20 07:57:00
한국증권신문-해외 2020-10-28 07:19:00 저장안함
한국증권신문-해외 2020-10-29 07:46:00 저장안함
한국증권신문-해외 2020-10-29 07:47:00 저장안함
한국증권신문-해외 2020-10-30 06:35:00 저장안함
한국증권신문-해외 2020-11-04 07:40:00 저장안함
한국증권신문-해외 2020-11-05 07:21:00 저장안함
한국증권신문-해외 2020-11-06 09:06:00 저장안함
한국증권신문-해외 2020-11-06 09:10:00 저장안함
한국증권신문-해외 2020-11-10 07:41:00 저장안함
한국증권신문-해외 2020-11-11 07:32:00 저장안함
한국증권신문-해외 2020-11-12 08:15:00 저장안함
한국증권신문-해외 2020-11-13 09:00:00 저장안함
한국증권신문-해외 2020-11-13 09:03:00 저장안함
한국증권신문-해외 2020-11-17 07:20:00 저장안함
한국증권신문-해외 2020-11-17 07:20:00 저장안함
한국증권신문-해외 2020-11-18 07:52:00 저장안함
한국증권신문-해외 2020-11-18 07:53:00 저장안함
한국증권신문-해외 2020-11-19 07:38:00 저장안함
한국증권신문-해외 2020-11-20 07:56:00 저장안함
한국증권신문-해외 2020-11-20 07:57:00 저장안함
종료
False
디비에 저장된 가장 최근 게시물 시간 2020-11-23 18:06:00
연합뉴스 2020-11-23 09:49:00 저장안함
연합뉴스 2020-11-23 09:54:00 저장안함
연합뉴스 2020-11-23 11:32:00 저장안함
연합뉴스 2020-11-23 11:38:00 저장안함
연합뉴스 2020-11-23 14:30:00 저장안함
연합뉴스 2020-11-23 14:31:00 저장안함
연합뉴스 2020-11-23 15:31:00 저장안함
연합뉴스 2020-11-23 15:32:00 저장안함
연합뉴스 2020-11-23 15:35:00 저장안함
연합뉴스 2020-11-23 15:39:00 저장안함
연합뉴스 2020-11-23 15:48:00 저장안함
연합뉴스 2020-11-23 15:55:00 저장안함
연합뉴스 2020-11-23 15:56:00 저장안함
연합뉴스 2020-11-23 15:57:00 저장안함
연합뉴스 2020-11-23 16:01:00 저장안함
연합뉴스 2020-11-23 16:31:00 저장안함
연합뉴스 2020-11-23 16:31:00 저장안함
연합뉴스 2020-11-23 16:31:00 저장안함
연합뉴스 2020-11-23 16:31:00 저장안함
연합뉴스 2020-11-23 16:31:00 저장안함
연합뉴스 2020-11-23 16:31:00 저장안함
연합뉴스 2020-11-23 16:32:00 저장안함
연합뉴스 2020-11-23 16:33:00 저장안함
연합뉴스 2020-11-23 17:51:00 저장안함
연합뉴스 2020-11-23 18:06:00 저장안함
종료
False
디비에 저장된 가장 최근 게시물 시간 2020-11-23 18:57:00
서울경제 2020-11-23 15:40:00 저장안함
서울경제 2020-11-23 15:40:00 저장안함
서울경제 2020-11-23 16:38:00 저장안함
서울경제 2020-11-23 16:55:00 저장안함
서울경제 2020-11-23 16:56:00 저장안함
서울경제 2020-11-23 17:04:00 저장안함
서울경제 2020-11-23 17:19:00 저장안함
서울경제 2020-11-23 17:33:00 저장안함
서울경제 2020-11-23 17:36:00 저장안함
서울경제 2020-11-23 17:48:00 저장안함
서울경제 2020-11-23 17:51:00 저장안함
서울경제 2020-11-23 17:53:00 저장안함
서울경제 2020-11-23 17:57:00 저장안함
서울경제 2020-11-23 18:04:00 저장안함
서울경제 2020-11-23 18:57:00 저장안함
종료
news_crawling finish
news_crawling
False
디비에 저장된 가장 최근 게시물 시간 2020-11-20 16:19:00
한국경제 2020-11-16 10:01:00 저장안함
한국경제 2020-11-16 15:12:00 저장안함
한국경제 2020-11-16 17:20:00 저장안함
한국경제 2020-11-17 08:30:00 저장안함
한국경제 2020-11-17 09:23:00 저장안함
한국경제 2020-11-17 13:52:00 저장안함
한국경제 2020-11-17 15:43:00 저장안함
한국경제 2020-11-17 17:34:00 저장안함
한국경제 2020-11-18 14:15:00 저장안함
한국경제 2020-11-18 15:54:00 저장안함
한국경제 2020-11-18 17:11:00 저장안함
한국경제 2020-11-18 17:25:00 저장안함
한국경제 2020-11-18 17:26:00 저장안함
한국경제 2020-11-19 15:57:00 저장안함
한국경제 2020-11-19 15:57:00 저장안함
한국경제 2020-11-19 17:29:00 저장안함
한국경제 2020-11-20 08:34:00 저장안함
한국경제 2020-11-20 13:15:00 저장안함
한국경제 2020-11-20 16:01:00 저장안함
한국경제 2020-11-20 16:19:00 저장안함
종료
False
디비에 저장된 가장 최근 게시물 시간 2020-11-23 23:33:00
머니투데이 2020-11-23 16:14:00 저장안함
머니투데이 2020-11-23 16:15:00 저장안함
머니투데이 2020-11-23 16:18:00 저장안함
머니투데이 2020-11-23 16:26:00 저장안함
머니투데이 2020-11-23 16:30:00 저장안함
머니투데이 2020-11-23 16:35:00 저장안함
머니투데이 2020-11-23 16:37:00 저장안함
머니투데이 2020-11-23 16:39:00 저장안함
머니투데이 2020-11-23 16:59:00 저장안함
머니투데이 2020-11-23 17:22:00 저장안함
머니투데이 2020-11-23 17:45:00 저장안함
머니투데이 2020-11-23 17:47:00 저장안함
머니투데이 2020-11-23 18:01:00 저장안함
머니투데이 2020-11-23 18:05:00 저장안함
머니투데이 2020-11-23 18:14:00 저장안함
머니투데이 2020-11-23 18:26:00 저장안함
머니투데이 2020-11-23 18:42:00 저장안함
머니투데이 2020-11-23 19:04:00 저장안함
머니투데이 2020-11-23 19:15:00 저장안함
머니투데이 2020-11-23 23:33:00 저장안함
종료
False
디비에 저장된 가장 최근 게시물 시간 2020-11-23 12:35:00
한국증권신문-국내 2020-11-18 10:06:00 저장안함
한국증권신문-국내 2020-11-19 07:42:00 저장안함
한국증권신문-국내 2020-11-19 10:06:00 저장안함
한국증권신문-국내 2020-11-19 10:13:00 저장안함
한국증권신문-국내 2020-11-19 10:13:00 저장안함
한국증권신문-국내 2020-11-19 10:13:00 저장안함
한국증권신문-국내 2020-11-19 10:13:00 저장안함
한국증권신문-국내 2020-11-20 09:34:00 저장안함
한국증권신문-국내 2020-11-20 09:34:00 저장안함
한국증권신문-국내 2020-11-20 09:34:00 저장안함
한국증권신문-국내 2020-11-20 09:35:00 저장안함
한국증권신문-국내 2020-11-20 09:35:00 저장안함
한국증권신문-국내 2020-11-23 10:02:00 저장안함
한국증권신문-국내 2020-11-23 10:08:00 저장안함
한국증권신문-국내 2020-11-23 10:27:00 저장안함
한국증권신문-국내 2020-11-23 10:27:00 저장안함
한국증권신문-국내 2020-11-23 10:28:00 저장안함
한국증권신문-국내 2020-11-23 10:29:00 저장안함
한국증권신문-국내 2020-11-23 10:29:00 저장안함
한국증권신문-국내 2020-11-23 12:35:00 저장안함
종료
False
디비에 저장된 가장 최근 게시물 시간 2020-11-20 07:57:00
한국증권신문-해외 2020-10-28 07:19:00 저장안함
한국증권신문-해외 2020-10-29 07:46:00 저장안함
한국증권신문-해외 2020-10-29 07:47:00 저장안함
한국증권신문-해외 2020-10-30 06:35:00 저장안함
한국증권신문-해외 2020-11-04 07:40:00 저장안함
한국증권신문-해외 2020-11-05 07:21:00 저장안함
한국증권신문-해외 2020-11-06 09:06:00 저장안함
한국증권신문-해외 2020-11-06 09:10:00 저장안함
한국증권신문-해외 2020-11-10 07:41:00 저장안함
한국증권신문-해외 2020-11-11 07:32:00 저장안함
한국증권신문-해외 2020-11-12 08:15:00 저장안함
한국증권신문-해외 2020-11-13 09:00:00 저장안함
한국증권신문-해외 2020-11-13 09:03:00 저장안함
한국증권신문-해외 2020-11-17 07:20:00 저장안함
한국증권신문-해외 2020-11-17 07:20:00 저장안함
한국증권신문-해외 2020-11-18 07:52:00 저장안함
한국증권신문-해외 2020-11-18 07:53:00 저장안함
한국증권신문-해외 2020-11-19 07:38:00 저장안함
한국증권신문-해외 2020-11-20 07:56:00 저장안함
한국증권신문-해외 2020-11-20 07:57:00 저장안함
종료
False
디비에 저장된 가장 최근 게시물 시간 2020-11-23 18:06:00
연합뉴스 2020-11-23 09:49:00 저장안함
연합뉴스 2020-11-23 09:54:00 저장안함
연합뉴스 2020-11-23 11:32:00 저장안함
연합뉴스 2020-11-23 11:38:00 저장안함
연합뉴스 2020-11-23 14:30:00 저장안함
연합뉴스 2020-11-23 14:31:00 저장안함
연합뉴스 2020-11-23 15:31:00 저장안함
연합뉴스 2020-11-23 15:32:00 저장안함
연합뉴스 2020-11-23 15:35:00 저장안함
연합뉴스 2020-11-23 15:39:00 저장안함
연합뉴스 2020-11-23 15:48:00 저장안함
연합뉴스 2020-11-23 15:55:00 저장안함
연합뉴스 2020-11-23 15:56:00 저장안함
연합뉴스 2020-11-23 15:57:00 저장안함
연합뉴스 2020-11-23 16:01:00 저장안함
연합뉴스 2020-11-23 16:31:00 저장안함
연합뉴스 2020-11-23 16:31:00 저장안함
연합뉴스 2020-11-23 16:31:00 저장안함
연합뉴스 2020-11-23 16:31:00 저장안함
연합뉴스 2020-11-23 16:31:00 저장안함
연합뉴스 2020-11-23 16:31:00 저장안함
연합뉴스 2020-11-23 16:32:00 저장안함
연합뉴스 2020-11-23 16:33:00 저장안함
연합뉴스 2020-11-23 17:51:00 저장안함
연합뉴스 2020-11-23 18:06:00 저장안함
종료
False
디비에 저장된 가장 최근 게시물 시간 2020-11-23 18:57:00
서울경제 2020-11-23 15:40:00 저장안함
서울경제 2020-11-23 15:40:00 저장안함
서울경제 2020-11-23 16:38:00 저장안함
서울경제 2020-11-23 16:55:00 저장안함
서울경제 2020-11-23 16:56:00 저장안함
서울경제 2020-11-23 17:04:00 저장안함
서울경제 2020-11-23 17:19:00 저장안함
서울경제 2020-11-23 17:33:00 저장안함
서울경제 2020-11-23 17:36:00 저장안함
서울경제 2020-11-23 17:48:00 저장안함
서울경제 2020-11-23 17:51:00 저장안함
서울경제 2020-11-23 17:53:00 저장안함
서울경제 2020-11-23 17:57:00 저장안함
서울경제 2020-11-23 18:04:00 저장안함
서울경제 2020-11-23 18:57:00 저장안함
종료
news_crawling finish
news_crawling
False
디비에 저장된 가장 최근 게시물 시간 2020-11-20 16:19:00
한국경제 2020-11-16 10:01:00 저장안함
한국경제 2020-11-16 15:12:00 저장안함
한국경제 2020-11-16 17:20:00 저장안함
한국경제 2020-11-17 08:30:00 저장안함
한국경제 2020-11-17 09:23:00 저장안함
한국경제 2020-11-17 13:52:00 저장안함
한국경제 2020-11-17 15:43:00 저장안함
한국경제 2020-11-17 17:34:00 저장안함
한국경제 2020-11-18 14:15:00 저장안함
한국경제 2020-11-18 15:54:00 저장안함
한국경제 2020-11-18 17:11:00 저장안함
한국경제 2020-11-18 17:25:00 저장안함
한국경제 2020-11-18 17:26:00 저장안함
한국경제 2020-11-19 15:57:00 저장안함
한국경제 2020-11-19 15:57:00 저장안함
한국경제 2020-11-19 17:29:00 저장안함
한국경제 2020-11-20 08:34:00 저장안함
한국경제 2020-11-20 13:15:00 저장안함
한국경제 2020-11-20 16:01:00 저장안함
한국경제 2020-11-20 16:19:00 저장안함
종료
False
디비에 저장된 가장 최근 게시물 시간 2020-11-23 23:33:00
머니투데이 2020-11-23 16:14:00 저장안함
머니투데이 2020-11-23 16:15:00 저장안함
머니투데이 2020-11-23 16:18:00 저장안함
머니투데이 2020-11-23 16:26:00 저장안함
머니투데이 2020-11-23 16:30:00 저장안함
머니투데이 2020-11-23 16:35:00 저장안함
머니투데이 2020-11-23 16:37:00 저장안함
머니투데이 2020-11-23 16:39:00 저장안함
머니투데이 2020-11-23 16:59:00 저장안함
머니투데이 2020-11-23 17:22:00 저장안함
머니투데이 2020-11-23 17:45:00 저장안함
머니투데이 2020-11-23 17:47:00 저장안함
머니투데이 2020-11-23 18:01:00 저장안함
머니투데이 2020-11-23 18:05:00 저장안함
머니투데이 2020-11-23 18:14:00 저장안함
머니투데이 2020-11-23 18:26:00 저장안함
머니투데이 2020-11-23 18:42:00 저장안함
머니투데이 2020-11-23 19:04:00 저장안함
머니투데이 2020-11-23 19:15:00 저장안함
머니투데이 2020-11-23 23:33:00 저장안함
종료
False
디비에 저장된 가장 최근 게시물 시간 2020-11-23 12:35:00
한국증권신문-국내 2020-11-18 10:06:00 저장안함
한국증권신문-국내 2020-11-19 07:42:00 저장안함
한국증권신문-국내 2020-11-19 10:06:00 저장안함
한국증권신문-국내 2020-11-19 10:13:00 저장안함
한국증권신문-국내 2020-11-19 10:13:00 저장안함
한국증권신문-국내 2020-11-19 10:13:00 저장안함
한국증권신문-국내 2020-11-19 10:13:00 저장안함
한국증권신문-국내 2020-11-20 09:34:00 저장안함
한국증권신문-국내 2020-11-20 09:34:00 저장안함
한국증권신문-국내 2020-11-20 09:34:00 저장안함
한국증권신문-국내 2020-11-20 09:35:00 저장안함
한국증권신문-국내 2020-11-20 09:35:00 저장안함
한국증권신문-국내 2020-11-23 10:02:00 저장안함
한국증권신문-국내 2020-11-23 10:08:00 저장안함
한국증권신문-국내 2020-11-23 10:27:00 저장안함
한국증권신문-국내 2020-11-23 10:27:00 저장안함
한국증권신문-국내 2020-11-23 10:28:00 저장안함
한국증권신문-국내 2020-11-23 10:29:00 저장안함
한국증권신문-국내 2020-11-23 10:29:00 저장안함
한국증권신문-국내 2020-11-23 12:35:00 저장안함
종료
False
디비에 저장된 가장 최근 게시물 시간 2020-11-20 07:57:00
한국증권신문-해외 2020-10-28 07:19:00 저장안함
한국증권신문-해외 2020-10-29 07:46:00 저장안함
한국증권신문-해외 2020-10-29 07:47:00 저장안함
한국증권신문-해외 2020-10-30 06:35:00 저장안함
한국증권신문-해외 2020-11-04 07:40:00 저장안함
한국증권신문-해외 2020-11-05 07:21:00 저장안함
한국증권신문-해외 2020-11-06 09:06:00 저장안함
한국증권신문-해외 2020-11-06 09:10:00 저장안함
한국증권신문-해외 2020-11-10 07:41:00 저장안함
한국증권신문-해외 2020-11-11 07:32:00 저장안함
한국증권신문-해외 2020-11-12 08:15:00 저장안함
한국증권신문-해외 2020-11-13 09:00:00 저장안함
한국증권신문-해외 2020-11-13 09:03:00 저장안함
한국증권신문-해외 2020-11-17 07:20:00 저장안함
한국증권신문-해외 2020-11-17 07:20:00 저장안함
한국증권신문-해외 2020-11-18 07:52:00 저장안함
한국증권신문-해외 2020-11-18 07:53:00 저장안함
한국증권신문-해외 2020-11-19 07:38:00 저장안함
한국증권신문-해외 2020-11-20 07:56:00 저장안함
한국증권신문-해외 2020-11-20 07:57:00 저장안함
종료
False
디비에 저장된 가장 최근 게시물 시간 2020-11-23 18:06:00
연합뉴스 2020-11-23 09:54:00 저장안함
연합뉴스 2020-11-23 11:32:00 저장안함
연합뉴스 2020-11-23 11:38:00 저장안함
연합뉴스 2020-11-23 14:30:00 저장안함
연합뉴스 2020-11-23 14:31:00 저장안함
연합뉴스 2020-11-23 15:31:00 저장안함
연합뉴스 2020-11-23 15:32:00 저장안함
연합뉴스 2020-11-23 15:35:00 저장안함
연합뉴스 2020-11-23 15:39:00 저장안함
연합뉴스 2020-11-23 15:48:00 저장안함
연합뉴스 2020-11-23 15:55:00 저장안함
연합뉴스 2020-11-23 15:56:00 저장안함
연합뉴스 2020-11-23 15:57:00 저장안함
연합뉴스 2020-11-23 16:01:00 저장안함
연합뉴스 2020-11-23 16:31:00 저장안함
연합뉴스 2020-11-23 16:31:00 저장안함
연합뉴스 2020-11-23 16:31:00 저장안함
연합뉴스 2020-11-23 16:31:00 저장안함
연합뉴스 2020-11-23 16:31:00 저장안함
연합뉴스 2020-11-23 16:31:00 저장안함
연합뉴스 2020-11-23 16:32:00 저장안함
연합뉴스 2020-11-23 16:33:00 저장안함
연합뉴스 2020-11-23 17:51:00 저장안함
연합뉴스 2020-11-23 18:06:00 저장안함
연합뉴스 2020-11-24 00:07:00 저장
종료
False
디비에 저장된 가장 최근 게시물 시간 2020-11-23 18:57:00
서울경제 2020-11-23 15:40:00 저장안함
서울경제 2020-11-23 15:40:00 저장안함
서울경제 2020-11-23 16:38:00 저장안함
서울경제 2020-11-23 16:55:00 저장안함
서울경제 2020-11-23 16:56:00 저장안함
서울경제 2020-11-23 17:04:00 저장안함
서울경제 2020-11-23 17:19:00 저장안함
서울경제 2020-11-23 17:33:00 저장안함
서울경제 2020-11-23 17:36:00 저장안함
서울경제 2020-11-23 17:48:00 저장안함
서울경제 2020-11-23 17:51:00 저장안함
서울경제 2020-11-23 17:53:00 저장안함
서울경제 2020-11-23 17:57:00 저장안함
서울경제 2020-11-23 18:04:00 저장안함
서울경제 2020-11-23 18:57:00 저장안함
종료
news_crawling finish
news_crawling
False
디비에 저장된 가장 최근 게시물 시간 2020-11-20 16:19:00
한국경제 2020-11-16 10:01:00 저장안함
한국경제 2020-11-16 15:12:00 저장안함
한국경제 2020-11-16 17:20:00 저장안함
한국경제 2020-11-17 08:30:00 저장안함
한국경제 2020-11-17 09:23:00 저장안함
한국경제 2020-11-17 13:52:00 저장안함
한국경제 2020-11-17 15:43:00 저장안함
한국경제 2020-11-17 17:34:00 저장안함
한국경제 2020-11-18 14:15:00 저장안함
한국경제 2020-11-18 15:54:00 저장안함
한국경제 2020-11-18 17:11:00 저장안함
한국경제 2020-11-18 17:25:00 저장안함
한국경제 2020-11-18 17:26:00 저장안함
한국경제 2020-11-19 15:57:00 저장안함
한국경제 2020-11-19 15:57:00 저장안함
한국경제 2020-11-19 17:29:00 저장안함
한국경제 2020-11-20 08:34:00 저장안함
한국경제 2020-11-20 13:15:00 저장안함
한국경제 2020-11-20 16:01:00 저장안함
한국경제 2020-11-20 16:19:00 저장안함
종료
False
디비에 저장된 가장 최근 게시물 시간 2020-11-23 23:33:00
머니투데이 2020-11-23 16:15:00 저장안함
머니투데이 2020-11-23 16:18:00 저장안함
머니투데이 2020-11-23 16:26:00 저장안함
머니투데이 2020-11-23 16:30:00 저장안함
머니투데이 2020-11-23 16:35:00 저장안함
머니투데이 2020-11-23 16:37:00 저장안함
머니투데이 2020-11-23 16:39:00 저장안함
머니투데이 2020-11-23 16:59:00 저장안함
머니투데이 2020-11-23 17:22:00 저장안함
머니투데이 2020-11-23 17:45:00 저장안함
머니투데이 2020-11-23 17:47:00 저장안함
머니투데이 2020-11-23 18:01:00 저장안함
머니투데이 2020-11-23 18:05:00 저장안함
머니투데이 2020-11-23 18:14:00 저장안함
머니투데이 2020-11-23 18:26:00 저장안함
머니투데이 2020-11-23 18:42:00 저장안함
머니투데이 2020-11-23 19:04:00 저장안함
머니투데이 2020-11-23 19:15:00 저장안함
머니투데이 2020-11-23 23:33:00 저장안함
머니투데이 2020-11-24 03:00:00 저장
종료
False
디비에 저장된 가장 최근 게시물 시간 2020-11-23 12:35:00
한국증권신문-국내 2020-11-18 10:06:00 저장안함
한국증권신문-국내 2020-11-19 07:42:00 저장안함
한국증권신문-국내 2020-11-19 10:06:00 저장안함
한국증권신문-국내 2020-11-19 10:13:00 저장안함
한국증권신문-국내 2020-11-19 10:13:00 저장안함
한국증권신문-국내 2020-11-19 10:13:00 저장안함
한국증권신문-국내 2020-11-19 10:13:00 저장안함
한국증권신문-국내 2020-11-20 09:34:00 저장안함
한국증권신문-국내 2020-11-20 09:34:00 저장안함
한국증권신문-국내 2020-11-20 09:34:00 저장안함
한국증권신문-국내 2020-11-20 09:35:00 저장안함
한국증권신문-국내 2020-11-20 09:35:00 저장안함
한국증권신문-국내 2020-11-23 10:02:00 저장안함
한국증권신문-국내 2020-11-23 10:08:00 저장안함
한국증권신문-국내 2020-11-23 10:27:00 저장안함
한국증권신문-국내 2020-11-23 10:27:00 저장안함
한국증권신문-국내 2020-11-23 10:28:00 저장안함
한국증권신문-국내 2020-11-23 10:29:00 저장안함
한국증권신문-국내 2020-11-23 10:29:00 저장안함
한국증권신문-국내 2020-11-23 12:35:00 저장안함
종료
False
디비에 저장된 가장 최근 게시물 시간 2020-11-20 07:57:00
한국증권신문-해외 2020-10-28 07:19:00 저장안함
한국증권신문-해외 2020-10-29 07:46:00 저장안함
한국증권신문-해외 2020-10-29 07:47:00 저장안함
한국증권신문-해외 2020-10-30 06:35:00 저장안함
한국증권신문-해외 2020-11-04 07:40:00 저장안함
한국증권신문-해외 2020-11-05 07:21:00 저장안함
한국증권신문-해외 2020-11-06 09:06:00 저장안함
한국증권신문-해외 2020-11-06 09:10:00 저장안함
한국증권신문-해외 2020-11-10 07:41:00 저장안함
한국증권신문-해외 2020-11-11 07:32:00 저장안함
한국증권신문-해외 2020-11-12 08:15:00 저장안함
한국증권신문-해외 2020-11-13 09:00:00 저장안함
한국증권신문-해외 2020-11-13 09:03:00 저장안함
한국증권신문-해외 2020-11-17 07:20:00 저장안함
한국증권신문-해외 2020-11-17 07:20:00 저장안함
한국증권신문-해외 2020-11-18 07:52:00 저장안함
한국증권신문-해외 2020-11-18 07:53:00 저장안함
한국증권신문-해외 2020-11-19 07:38:00 저장안함
한국증권신문-해외 2020-11-20 07:56:00 저장안함
한국증권신문-해외 2020-11-20 07:57:00 저장안함
종료
False
디비에 저장된 가장 최근 게시물 시간 2020-11-24 00:07:00
연합뉴스 2020-11-23 09:54:00 저장안함
연합뉴스 2020-11-23 11:32:00 저장안함
연합뉴스 2020-11-23 11:38:00 저장안함
연합뉴스 2020-11-23 14:30:00 저장안함
연합뉴스 2020-11-23 14:31:00 저장안함
연합뉴스 2020-11-23 15:31:00 저장안함
연합뉴스 2020-11-23 15:32:00 저장안함
연합뉴스 2020-11-23 15:35:00 저장안함
연합뉴스 2020-11-23 15:39:00 저장안함
연합뉴스 2020-11-23 15:48:00 저장안함
연합뉴스 2020-11-23 15:55:00 저장안함
연합뉴스 2020-11-23 15:56:00 저장안함
연합뉴스 2020-11-23 15:57:00 저장안함
연합뉴스 2020-11-23 16:01:00 저장안함
연합뉴스 2020-11-23 16:31:00 저장안함
연합뉴스 2020-11-23 16:31:00 저장안함
연합뉴스 2020-11-23 16:31:00 저장안함
연합뉴스 2020-11-23 16:31:00 저장안함
연합뉴스 2020-11-23 16:31:00 저장안함
연합뉴스 2020-11-23 16:31:00 저장안함
연합뉴스 2020-11-23 16:32:00 저장안함
연합뉴스 2020-11-23 16:33:00 저장안함
연합뉴스 2020-11-23 17:51:00 저장안함
연합뉴스 2020-11-23 18:06:00 저장안함
연합뉴스 2020-11-24 00:07:00 저장안함
종료
False
디비에 저장된 가장 최근 게시물 시간 2020-11-23 18:57:00
서울경제 2020-11-23 15:40:00 저장안함
서울경제 2020-11-23 15:40:00 저장안함
서울경제 2020-11-23 16:38:00 저장안함
서울경제 2020-11-23 16:55:00 저장안함
서울경제 2020-11-23 16:56:00 저장안함
서울경제 2020-11-23 17:04:00 저장안함
서울경제 2020-11-23 17:19:00 저장안함
서울경제 2020-11-23 17:33:00 저장안함
서울경제 2020-11-23 17:36:00 저장안함
서울경제 2020-11-23 17:48:00 저장안함
서울경제 2020-11-23 17:51:00 저장안함
서울경제 2020-11-23 17:53:00 저장안함
서울경제 2020-11-23 17:57:00 저장안함
서울경제 2020-11-23 18:04:00 저장안함
서울경제 2020-11-23 18:57:00 저장안함
종료
news_crawling finish
news_crawling
False
디비에 저장된 가장 최근 게시물 시간 2020-11-20 16:19:00
한국경제 2020-11-16 10:01:00 저장안함
한국경제 2020-11-16 15:12:00 저장안함
한국경제 2020-11-16 17:20:00 저장안함
한국경제 2020-11-17 08:30:00 저장안함
한국경제 2020-11-17 09:23:00 저장안함
한국경제 2020-11-17 13:52:00 저장안함
한국경제 2020-11-17 15:43:00 저장안함
한국경제 2020-11-17 17:34:00 저장안함
한국경제 2020-11-18 14:15:00 저장안함
한국경제 2020-11-18 15:54:00 저장안함
한국경제 2020-11-18 17:11:00 저장안함
한국경제 2020-11-18 17:25:00 저장안함
한국경제 2020-11-18 17:26:00 저장안함
한국경제 2020-11-19 15:57:00 저장안함
한국경제 2020-11-19 15:57:00 저장안함
한국경제 2020-11-19 17:29:00 저장안함
한국경제 2020-11-20 08:34:00 저장안함
한국경제 2020-11-20 13:15:00 저장안함
한국경제 2020-11-20 16:01:00 저장안함
한국경제 2020-11-20 16:19:00 저장안함
종료
False
디비에 저장된 가장 최근 게시물 시간 2020-11-24 03:00:00
머니투데이 2020-11-23 16:26:00 저장안함
머니투데이 2020-11-23 16:30:00 저장안함
머니투데이 2020-11-23 16:35:00 저장안함
머니투데이 2020-11-23 16:37:00 저장안함
머니투데이 2020-11-23 16:39:00 저장안함
머니투데이 2020-11-23 16:59:00 저장안함
머니투데이 2020-11-23 17:22:00 저장안함
머니투데이 2020-11-23 17:45:00 저장안함
머니투데이 2020-11-23 17:47:00 저장안함
머니투데이 2020-11-23 18:01:00 저장안함
머니투데이 2020-11-23 18:05:00 저장안함
머니투데이 2020-11-23 18:14:00 저장안함
머니투데이 2020-11-23 18:26:00 저장안함
머니투데이 2020-11-23 18:42:00 저장안함
머니투데이 2020-11-23 19:04:00 저장안함
머니투데이 2020-11-23 19:15:00 저장안함
머니투데이 2020-11-23 23:33:00 저장안함
머니투데이 2020-11-24 03:00:00 저장안함
머니투데이 2020-11-24 03:05:00 저장
머니투데이 2020-11-24 03:51:00 저장
종료
False
디비에 저장된 가장 최근 게시물 시간 2020-11-23 12:35:00
한국증권신문-국내 2020-11-18 10:06:00 저장안함
한국증권신문-국내 2020-11-19 07:42:00 저장안함
한국증권신문-국내 2020-11-19 10:06:00 저장안함
한국증권신문-국내 2020-11-19 10:13:00 저장안함
한국증권신문-국내 2020-11-19 10:13:00 저장안함
한국증권신문-국내 2020-11-19 10:13:00 저장안함
한국증권신문-국내 2020-11-19 10:13:00 저장안함
한국증권신문-국내 2020-11-20 09:34:00 저장안함
한국증권신문-국내 2020-11-20 09:34:00 저장안함
한국증권신문-국내 2020-11-20 09:34:00 저장안함
한국증권신문-국내 2020-11-20 09:35:00 저장안함
한국증권신문-국내 2020-11-20 09:35:00 저장안함
한국증권신문-국내 2020-11-23 10:02:00 저장안함
한국증권신문-국내 2020-11-23 10:08:00 저장안함
한국증권신문-국내 2020-11-23 10:27:00 저장안함
한국증권신문-국내 2020-11-23 10:27:00 저장안함
한국증권신문-국내 2020-11-23 10:28:00 저장안함
한국증권신문-국내 2020-11-23 10:29:00 저장안함
한국증권신문-국내 2020-11-23 10:29:00 저장안함
한국증권신문-국내 2020-11-23 12:35:00 저장안함
종료
False
디비에 저장된 가장 최근 게시물 시간 2020-11-20 07:57:00
한국증권신문-해외 2020-10-28 07:19:00 저장안함
한국증권신문-해외 2020-10-29 07:46:00 저장안함
한국증권신문-해외 2020-10-29 07:47:00 저장안함
한국증권신문-해외 2020-10-30 06:35:00 저장안함
한국증권신문-해외 2020-11-04 07:40:00 저장안함
한국증권신문-해외 2020-11-05 07:21:00 저장안함
한국증권신문-해외 2020-11-06 09:06:00 저장안함
한국증권신문-해외 2020-11-06 09:10:00 저장안함
한국증권신문-해외 2020-11-10 07:41:00 저장안함
한국증권신문-해외 2020-11-11 07:32:00 저장안함
한국증권신문-해외 2020-11-12 08:15:00 저장안함
한국증권신문-해외 2020-11-13 09:00:00 저장안함
한국증권신문-해외 2020-11-13 09:03:00 저장안함
한국증권신문-해외 2020-11-17 07:20:00 저장안함
한국증권신문-해외 2020-11-17 07:20:00 저장안함
한국증권신문-해외 2020-11-18 07:52:00 저장안함
한국증권신문-해외 2020-11-18 07:53:00 저장안함
한국증권신문-해외 2020-11-19 07:38:00 저장안함
한국증권신문-해외 2020-11-20 07:56:00 저장안함
한국증권신문-해외 2020-11-20 07:57:00 저장안함
종료
False
디비에 저장된 가장 최근 게시물 시간 2020-11-24 00:07:00
연합뉴스 2020-11-23 11:32:00 저장안함
연합뉴스 2020-11-23 11:38:00 저장안함
연합뉴스 2020-11-23 14:30:00 저장안함
연합뉴스 2020-11-23 14:31:00 저장안함
연합뉴스 2020-11-23 15:31:00 저장안함
연합뉴스 2020-11-23 15:32:00 저장안함
연합뉴스 2020-11-23 15:35:00 저장안함
연합뉴스 2020-11-23 15:39:00 저장안함
연합뉴스 2020-11-23 15:48:00 저장안함
연합뉴스 2020-11-23 15:55:00 저장안함
연합뉴스 2020-11-23 15:56:00 저장안함
연합뉴스 2020-11-23 15:57:00 저장안함
연합뉴스 2020-11-23 16:01:00 저장안함
연합뉴스 2020-11-23 16:31:00 저장안함
연합뉴스 2020-11-23 16:31:00 저장안함
연합뉴스 2020-11-23 16:31:00 저장안함
연합뉴스 2020-11-23 16:31:00 저장안함
연합뉴스 2020-11-23 16:31:00 저장안함
연합뉴스 2020-11-23 16:31:00 저장안함
연합뉴스 2020-11-23 16:32:00 저장안함
연합뉴스 2020-11-23 16:33:00 저장안함
연합뉴스 2020-11-23 17:51:00 저장안함
연합뉴스 2020-11-23 18:06:00 저장안함
연합뉴스 2020-11-24 00:07:00 저장안함
연합뉴스 2020-11-24 02:59:00 저장
종료
False
디비에 저장된 가장 최근 게시물 시간 2020-11-23 18:57:00
서울경제 2020-11-23 15:40:00 저장안함
서울경제 2020-11-23 15:40:00 저장안함
서울경제 2020-11-23 16:38:00 저장안함
서울경제 2020-11-23 16:55:00 저장안함
서울경제 2020-11-23 16:56:00 저장안함
서울경제 2020-11-23 17:04:00 저장안함
서울경제 2020-11-23 17:19:00 저장안함
서울경제 2020-11-23 17:33:00 저장안함
서울경제 2020-11-23 17:36:00 저장안함
서울경제 2020-11-23 17:48:00 저장안함
서울경제 2020-11-23 17:51:00 저장안함
서울경제 2020-11-23 17:53:00 저장안함
서울경제 2020-11-23 17:57:00 저장안함
서울경제 2020-11-23 18:04:00 저장안함
서울경제 2020-11-23 18:57:00 저장안함
종료
news_crawling finish
news_crawling
False
디비에 저장된 가장 최근 게시물 시간 2020-11-20 16:19:00
한국경제 2020-11-16 10:01:00 저장안함
한국경제 2020-11-16 15:12:00 저장안함
한국경제 2020-11-16 17:20:00 저장안함
한국경제 2020-11-17 08:30:00 저장안함
한국경제 2020-11-17 09:23:00 저장안함
한국경제 2020-11-17 13:52:00 저장안함
한국경제 2020-11-17 15:43:00 저장안함
한국경제 2020-11-17 17:34:00 저장안함
한국경제 2020-11-18 14:15:00 저장안함
한국경제 2020-11-18 15:54:00 저장안함
한국경제 2020-11-18 17:11:00 저장안함
한국경제 2020-11-18 17:25:00 저장안함
한국경제 2020-11-18 17:26:00 저장안함
한국경제 2020-11-19 15:57:00 저장안함
한국경제 2020-11-19 15:57:00 저장안함
한국경제 2020-11-19 17:29:00 저장안함
한국경제 2020-11-20 08:34:00 저장안함
한국경제 2020-11-20 13:15:00 저장안함
한국경제 2020-11-20 16:01:00 저장안함
한국경제 2020-11-20 16:19:00 저장안함
종료
False
디비에 저장된 가장 최근 게시물 시간 2020-11-24 03:51:00
머니투데이 2020-11-23 16:35:00 저장안함
머니투데이 2020-11-23 16:37:00 저장안함
머니투데이 2020-11-23 16:39:00 저장안함
머니투데이 2020-11-23 16:59:00 저장안함
머니투데이 2020-11-23 17:22:00 저장안함
머니투데이 2020-11-23 17:45:00 저장안함
머니투데이 2020-11-23 17:47:00 저장안함
머니투데이 2020-11-23 18:01:00 저장안함
머니투데이 2020-11-23 18:05:00 저장안함
머니투데이 2020-11-23 18:14:00 저장안함
머니투데이 2020-11-23 18:26:00 저장안함
머니투데이 2020-11-23 18:42:00 저장안함
머니투데이 2020-11-23 19:04:00 저장안함
머니투데이 2020-11-23 19:15:00 저장안함
머니투데이 2020-11-23 23:33:00 저장안함
머니투데이 2020-11-24 03:00:00 저장안함
머니투데이 2020-11-24 03:05:00 저장안함
머니투데이 2020-11-24 03:51:00 저장안함
머니투데이 2020-11-24 04:01:00 저장
머니투데이 2020-11-24 04:37:00 저장
종료
False
디비에 저장된 가장 최근 게시물 시간 2020-11-23 12:35:00
한국증권신문-국내 2020-11-18 10:06:00 저장안함
한국증권신문-국내 2020-11-19 07:42:00 저장안함
한국증권신문-국내 2020-11-19 10:06:00 저장안함
한국증권신문-국내 2020-11-19 10:13:00 저장안함
한국증권신문-국내 2020-11-19 10:13:00 저장안함
한국증권신문-국내 2020-11-19 10:13:00 저장안함
한국증권신문-국내 2020-11-19 10:13:00 저장안함
한국증권신문-국내 2020-11-20 09:34:00 저장안함
한국증권신문-국내 2020-11-20 09:34:00 저장안함
한국증권신문-국내 2020-11-20 09:34:00 저장안함
한국증권신문-국내 2020-11-20 09:35:00 저장안함
한국증권신문-국내 2020-11-20 09:35:00 저장안함
한국증권신문-국내 2020-11-23 10:02:00 저장안함
한국증권신문-국내 2020-11-23 10:08:00 저장안함
한국증권신문-국내 2020-11-23 10:27:00 저장안함
한국증권신문-국내 2020-11-23 10:27:00 저장안함
한국증권신문-국내 2020-11-23 10:28:00 저장안함
한국증권신문-국내 2020-11-23 10:29:00 저장안함
한국증권신문-국내 2020-11-23 10:29:00 저장안함
한국증권신문-국내 2020-11-23 12:35:00 저장안함
종료
False
디비에 저장된 가장 최근 게시물 시간 2020-11-20 07:57:00
한국증권신문-해외 2020-10-28 07:19:00 저장안함
한국증권신문-해외 2020-10-29 07:46:00 저장안함
한국증권신문-해외 2020-10-29 07:47:00 저장안함
한국증권신문-해외 2020-10-30 06:35:00 저장안함
한국증권신문-해외 2020-11-04 07:40:00 저장안함
한국증권신문-해외 2020-11-05 07:21:00 저장안함
한국증권신문-해외 2020-11-06 09:06:00 저장안함
한국증권신문-해외 2020-11-06 09:10:00 저장안함
한국증권신문-해외 2020-11-10 07:41:00 저장안함
한국증권신문-해외 2020-11-11 07:32:00 저장안함
한국증권신문-해외 2020-11-12 08:15:00 저장안함
한국증권신문-해외 2020-11-13 09:00:00 저장안함
한국증권신문-해외 2020-11-13 09:03:00 저장안함
한국증권신문-해외 2020-11-17 07:20:00 저장안함
한국증권신문-해외 2020-11-17 07:20:00 저장안함
한국증권신문-해외 2020-11-18 07:52:00 저장안함
한국증권신문-해외 2020-11-18 07:53:00 저장안함
한국증권신문-해외 2020-11-19 07:38:00 저장안함
한국증권신문-해외 2020-11-20 07:56:00 저장안함
한국증권신문-해외 2020-11-20 07:57:00 저장안함
종료
False
디비에 저장된 가장 최근 게시물 시간 2020-11-24 02:59:00
연합뉴스 2020-11-23 11:32:00 저장안함
연합뉴스 2020-11-23 11:38:00 저장안함
연합뉴스 2020-11-23 14:30:00 저장안함
연합뉴스 2020-11-23 14:31:00 저장안함
연합뉴스 2020-11-23 15:31:00 저장안함
연합뉴스 2020-11-23 15:32:00 저장안함
연합뉴스 2020-11-23 15:35:00 저장안함
연합뉴스 2020-11-23 15:39:00 저장안함
연합뉴스 2020-11-23 15:48:00 저장안함
연합뉴스 2020-11-23 15:55:00 저장안함
연합뉴스 2020-11-23 15:56:00 저장안함
연합뉴스 2020-11-23 15:57:00 저장안함
연합뉴스 2020-11-23 16:01:00 저장안함
연합뉴스 2020-11-23 16:31:00 저장안함
연합뉴스 2020-11-23 16:31:00 저장안함
연합뉴스 2020-11-23 16:31:00 저장안함
연합뉴스 2020-11-23 16:31:00 저장안함
연합뉴스 2020-11-23 16:31:00 저장안함
연합뉴스 2020-11-23 16:31:00 저장안함
연합뉴스 2020-11-23 16:32:00 저장안함
연합뉴스 2020-11-23 16:33:00 저장안함
연합뉴스 2020-11-23 17:51:00 저장안함
연합뉴스 2020-11-23 18:06:00 저장안함
연합뉴스 2020-11-24 00:07:00 저장안함
연합뉴스 2020-11-24 02:59:00 저장안함
종료
False
디비에 저장된 가장 최근 게시물 시간 2020-11-23 18:57:00
서울경제 2020-11-23 15:40:00 저장안함
서울경제 2020-11-23 15:40:00 저장안함
서울경제 2020-11-23 16:38:00 저장안함
서울경제 2020-11-23 16:55:00 저장안함
서울경제 2020-11-23 16:56:00 저장안함
서울경제 2020-11-23 17:04:00 저장안함
서울경제 2020-11-23 17:19:00 저장안함
서울경제 2020-11-23 17:33:00 저장안함
서울경제 2020-11-23 17:36:00 저장안함
서울경제 2020-11-23 17:48:00 저장안함
서울경제 2020-11-23 17:51:00 저장안함
서울경제 2020-11-23 17:53:00 저장안함
서울경제 2020-11-23 17:57:00 저장안함
서울경제 2020-11-23 18:04:00 저장안함
서울경제 2020-11-23 18:57:00 저장안함
종료
news_crawling finish
news_crawling
False
디비에 저장된 가장 최근 게시물 시간 2020-11-20 16:19:00
한국경제 2020-11-16 10:01:00 저장안함
한국경제 2020-11-16 15:12:00 저장안함
한국경제 2020-11-16 17:20:00 저장안함
한국경제 2020-11-17 08:30:00 저장안함
한국경제 2020-11-17 09:23:00 저장안함
한국경제 2020-11-17 13:52:00 저장안함
한국경제 2020-11-17 15:43:00 저장안함
한국경제 2020-11-17 17:34:00 저장안함
한국경제 2020-11-18 14:15:00 저장안함
한국경제 2020-11-18 15:54:00 저장안함
한국경제 2020-11-18 17:11:00 저장안함
한국경제 2020-11-18 17:25:00 저장안함
한국경제 2020-11-18 17:26:00 저장안함
한국경제 2020-11-19 15:57:00 저장안함
한국경제 2020-11-19 15:57:00 저장안함
한국경제 2020-11-19 17:29:00 저장안함
한국경제 2020-11-20 08:34:00 저장안함
한국경제 2020-11-20 13:15:00 저장안함
한국경제 2020-11-20 16:01:00 저장안함
한국경제 2020-11-20 16:19:00 저장안함
종료
False
디비에 저장된 가장 최근 게시물 시간 2020-11-24 04:37:00
머니투데이 2020-11-23 16:39:00 저장안함
머니투데이 2020-11-23 16:59:00 저장안함
머니투데이 2020-11-23 17:22:00 저장안함
머니투데이 2020-11-23 17:45:00 저장안함
머니투데이 2020-11-23 17:47:00 저장안함
머니투데이 2020-11-23 18:01:00 저장안함
머니투데이 2020-11-23 18:05:00 저장안함
머니투데이 2020-11-23 18:14:00 저장안함
머니투데이 2020-11-23 18:26:00 저장안함
머니투데이 2020-11-23 18:42:00 저장안함
머니투데이 2020-11-23 19:04:00 저장안함
머니투데이 2020-11-23 19:15:00 저장안함
머니투데이 2020-11-23 23:33:00 저장안함
머니투데이 2020-11-24 03:00:00 저장안함
머니투데이 2020-11-24 03:05:00 저장안함
머니투데이 2020-11-24 03:51:00 저장안함
머니투데이 2020-11-24 04:01:00 저장안함
머니투데이 2020-11-24 04:37:00 저장안함
머니투데이 2020-11-24 05:31:00 저장
머니투데이 2020-11-24 05:51:00 저장
종료
False
디비에 저장된 가장 최근 게시물 시간 2020-11-23 12:35:00
한국증권신문-국내 2020-11-18 10:06:00 저장안함
한국증권신문-국내 2020-11-19 07:42:00 저장안함
한국증권신문-국내 2020-11-19 10:06:00 저장안함
한국증권신문-국내 2020-11-19 10:13:00 저장안함
한국증권신문-국내 2020-11-19 10:13:00 저장안함
한국증권신문-국내 2020-11-19 10:13:00 저장안함
한국증권신문-국내 2020-11-19 10:13:00 저장안함
한국증권신문-국내 2020-11-20 09:34:00 저장안함
한국증권신문-국내 2020-11-20 09:34:00 저장안함
한국증권신문-국내 2020-11-20 09:34:00 저장안함
한국증권신문-국내 2020-11-20 09:35:00 저장안함
한국증권신문-국내 2020-11-20 09:35:00 저장안함
한국증권신문-국내 2020-11-23 10:02:00 저장안함
한국증권신문-국내 2020-11-23 10:08:00 저장안함
한국증권신문-국내 2020-11-23 10:27:00 저장안함
한국증권신문-국내 2020-11-23 10:27:00 저장안함
한국증권신문-국내 2020-11-23 10:28:00 저장안함
한국증권신문-국내 2020-11-23 10:29:00 저장안함
한국증권신문-국내 2020-11-23 10:29:00 저장안함
한국증권신문-국내 2020-11-23 12:35:00 저장안함
종료
False
디비에 저장된 가장 최근 게시물 시간 2020-11-20 07:57:00
한국증권신문-해외 2020-10-28 07:19:00 저장안함
한국증권신문-해외 2020-10-29 07:46:00 저장안함
한국증권신문-해외 2020-10-29 07:47:00 저장안함
한국증권신문-해외 2020-10-30 06:35:00 저장안함
한국증권신문-해외 2020-11-04 07:40:00 저장안함
한국증권신문-해외 2020-11-05 07:21:00 저장안함
한국증권신문-해외 2020-11-06 09:06:00 저장안함
한국증권신문-해외 2020-11-06 09:10:00 저장안함
한국증권신문-해외 2020-11-10 07:41:00 저장안함
한국증권신문-해외 2020-11-11 07:32:00 저장안함
한국증권신문-해외 2020-11-12 08:15:00 저장안함
한국증권신문-해외 2020-11-13 09:00:00 저장안함
한국증권신문-해외 2020-11-13 09:03:00 저장안함
한국증권신문-해외 2020-11-17 07:20:00 저장안함
한국증권신문-해외 2020-11-17 07:20:00 저장안함
한국증권신문-해외 2020-11-18 07:52:00 저장안함
한국증권신문-해외 2020-11-18 07:53:00 저장안함
한국증권신문-해외 2020-11-19 07:38:00 저장안함
한국증권신문-해외 2020-11-20 07:56:00 저장안함
한국증권신문-해외 2020-11-20 07:57:00 저장안함
종료
False
디비에 저장된 가장 최근 게시물 시간 2020-11-24 02:59:00
연합뉴스 2020-11-23 11:32:00 저장안함
연합뉴스 2020-11-23 11:38:00 저장안함
연합뉴스 2020-11-23 14:30:00 저장안함
연합뉴스 2020-11-23 14:31:00 저장안함
연합뉴스 2020-11-23 15:31:00 저장안함
연합뉴스 2020-11-23 15:32:00 저장안함
연합뉴스 2020-11-23 15:35:00 저장안함
연합뉴스 2020-11-23 15:39:00 저장안함
연합뉴스 2020-11-23 15:48:00 저장안함
연합뉴스 2020-11-23 15:55:00 저장안함
연합뉴스 2020-11-23 15:56:00 저장안함
연합뉴스 2020-11-23 15:57:00 저장안함
연합뉴스 2020-11-23 16:01:00 저장안함
연합뉴스 2020-11-23 16:31:00 저장안함
연합뉴스 2020-11-23 16:31:00 저장안함
연합뉴스 2020-11-23 16:31:00 저장안함
연합뉴스 2020-11-23 16:31:00 저장안함
연합뉴스 2020-11-23 16:31:00 저장안함
연합뉴스 2020-11-23 16:31:00 저장안함
연합뉴스 2020-11-23 16:32:00 저장안함
연합뉴스 2020-11-23 16:33:00 저장안함
연합뉴스 2020-11-23 17:51:00 저장안함
연합뉴스 2020-11-23 18:06:00 저장안함
연합뉴스 2020-11-24 00:07:00 저장안함
연합뉴스 2020-11-24 02:59:00 저장안함
종료
False
디비에 저장된 가장 최근 게시물 시간 2020-11-23 18:57:00
서울경제 2020-11-23 15:40:00 저장안함
서울경제 2020-11-23 16:38:00 저장안함
서울경제 2020-11-23 16:55:00 저장안함
서울경제 2020-11-23 16:56:00 저장안함
서울경제 2020-11-23 17:04:00 저장안함
서울경제 2020-11-23 17:19:00 저장안함
서울경제 2020-11-23 17:33:00 저장안함
서울경제 2020-11-23 17:36:00 저장안함
서울경제 2020-11-23 17:48:00 저장안함
서울경제 2020-11-23 17:51:00 저장안함
서울경제 2020-11-23 17:53:00 저장안함
서울경제 2020-11-23 17:57:00 저장안함
서울경제 2020-11-23 18:04:00 저장안함
서울경제 2020-11-23 18:57:00 저장안함
서울경제 2020-11-23 20:45:40 저장
종료
news_crawling finish
news_crawling
False
디비에 저장된 가장 최근 게시물 시간 2020-11-20 16:19:00
한국경제 2020-11-16 10:01:00 저장안함
한국경제 2020-11-16 15:12:00 저장안함
한국경제 2020-11-16 17:20:00 저장안함
한국경제 2020-11-17 08:30:00 저장안함
한국경제 2020-11-17 09:23:00 저장안함
한국경제 2020-11-17 13:52:00 저장안함
한국경제 2020-11-17 15:43:00 저장안함
한국경제 2020-11-17 17:34:00 저장안함
한국경제 2020-11-18 14:15:00 저장안함
한국경제 2020-11-18 15:54:00 저장안함
한국경제 2020-11-18 17:11:00 저장안함
한국경제 2020-11-18 17:25:00 저장안함
한국경제 2020-11-18 17:26:00 저장안함
한국경제 2020-11-19 15:57:00 저장안함
한국경제 2020-11-19 15:57:00 저장안함
한국경제 2020-11-19 17:29:00 저장안함
한국경제 2020-11-20 08:34:00 저장안함
한국경제 2020-11-20 13:15:00 저장안함
한국경제 2020-11-20 16:01:00 저장안함
한국경제 2020-11-20 16:19:00 저장안함
종료
False
디비에 저장된 가장 최근 게시물 시간 2020-11-24 05:51:00
머니투데이 2020-11-23 17:22:00 저장안함
머니투데이 2020-11-23 17:45:00 저장안함
머니투데이 2020-11-23 17:47:00 저장안함
머니투데이 2020-11-23 18:01:00 저장안함
머니투데이 2020-11-23 18:05:00 저장안함
머니투데이 2020-11-23 18:14:00 저장안함
머니투데이 2020-11-23 18:26:00 저장안함
머니투데이 2020-11-23 18:42:00 저장안함
머니투데이 2020-11-23 19:04:00 저장안함
머니투데이 2020-11-23 19:15:00 저장안함
머니투데이 2020-11-23 23:33:00 저장안함
머니투데이 2020-11-24 03:00:00 저장안함
머니투데이 2020-11-24 03:05:00 저장안함
머니투데이 2020-11-24 03:51:00 저장안함
머니투데이 2020-11-24 04:01:00 저장안함
머니투데이 2020-11-24 04:37:00 저장안함
머니투데이 2020-11-24 05:31:00 저장안함
머니투데이 2020-11-24 05:51:00 저장안함
머니투데이 2020-11-24 06:02:00 저장
머니투데이 2020-11-24 06:27:00 저장
종료
False
디비에 저장된 가장 최근 게시물 시간 2020-11-23 12:35:00
한국증권신문-국내 2020-11-18 10:06:00 저장안함
한국증권신문-국내 2020-11-19 07:42:00 저장안함
한국증권신문-국내 2020-11-19 10:06:00 저장안함
한국증권신문-국내 2020-11-19 10:13:00 저장안함
한국증권신문-국내 2020-11-19 10:13:00 저장안함
한국증권신문-국내 2020-11-19 10:13:00 저장안함
한국증권신문-국내 2020-11-19 10:13:00 저장안함
한국증권신문-국내 2020-11-20 09:34:00 저장안함
한국증권신문-국내 2020-11-20 09:34:00 저장안함
한국증권신문-국내 2020-11-20 09:34:00 저장안함
한국증권신문-국내 2020-11-20 09:35:00 저장안함
한국증권신문-국내 2020-11-20 09:35:00 저장안함
한국증권신문-국내 2020-11-23 10:02:00 저장안함
한국증권신문-국내 2020-11-23 10:08:00 저장안함
한국증권신문-국내 2020-11-23 10:27:00 저장안함
한국증권신문-국내 2020-11-23 10:27:00 저장안함
한국증권신문-국내 2020-11-23 10:28:00 저장안함
한국증권신문-국내 2020-11-23 10:29:00 저장안함
한국증권신문-국내 2020-11-23 10:29:00 저장안함
한국증권신문-국내 2020-11-23 12:35:00 저장안함
종료
False
디비에 저장된 가장 최근 게시물 시간 2020-11-20 07:57:00
한국증권신문-해외 2020-10-28 07:19:00 저장안함
한국증권신문-해외 2020-10-29 07:46:00 저장안함
한국증권신문-해외 2020-10-29 07:47:00 저장안함
한국증권신문-해외 2020-10-30 06:35:00 저장안함
한국증권신문-해외 2020-11-04 07:40:00 저장안함
한국증권신문-해외 2020-11-05 07:21:00 저장안함
한국증권신문-해외 2020-11-06 09:06:00 저장안함
한국증권신문-해외 2020-11-06 09:10:00 저장안함
한국증권신문-해외 2020-11-10 07:41:00 저장안함
한국증권신문-해외 2020-11-11 07:32:00 저장안함
한국증권신문-해외 2020-11-12 08:15:00 저장안함
한국증권신문-해외 2020-11-13 09:00:00 저장안함
한국증권신문-해외 2020-11-13 09:03:00 저장안함
한국증권신문-해외 2020-11-17 07:20:00 저장안함
한국증권신문-해외 2020-11-17 07:20:00 저장안함
한국증권신문-해외 2020-11-18 07:52:00 저장안함
한국증권신문-해외 2020-11-18 07:53:00 저장안함
한국증권신문-해외 2020-11-19 07:38:00 저장안함
한국증권신문-해외 2020-11-20 07:56:00 저장안함
한국증권신문-해외 2020-11-20 07:57:00 저장안함
종료
False
디비에 저장된 가장 최근 게시물 시간 2020-11-24 02:59:00
연합뉴스 2020-11-23 11:38:00 저장안함
연합뉴스 2020-11-23 14:30:00 저장안함
연합뉴스 2020-11-23 14:31:00 저장안함
연합뉴스 2020-11-23 15:31:00 저장안함
연합뉴스 2020-11-23 15:32:00 저장안함
연합뉴스 2020-11-23 15:35:00 저장안함
연합뉴스 2020-11-23 15:39:00 저장안함
연합뉴스 2020-11-23 15:48:00 저장안함
연합뉴스 2020-11-23 15:55:00 저장안함
연합뉴스 2020-11-23 15:56:00 저장안함
연합뉴스 2020-11-23 15:57:00 저장안함
연합뉴스 2020-11-23 16:01:00 저장안함
연합뉴스 2020-11-23 16:31:00 저장안함
연합뉴스 2020-11-23 16:31:00 저장안함
연합뉴스 2020-11-23 16:31:00 저장안함
연합뉴스 2020-11-23 16:31:00 저장안함
연합뉴스 2020-11-23 16:31:00 저장안함
연합뉴스 2020-11-23 16:31:00 저장안함
연합뉴스 2020-11-23 16:32:00 저장안함
연합뉴스 2020-11-23 16:33:00 저장안함
연합뉴스 2020-11-23 17:51:00 저장안함
연합뉴스 2020-11-23 18:06:00 저장안함
연합뉴스 2020-11-24 00:07:00 저장안함
연합뉴스 2020-11-24 02:59:00 저장안함
연합뉴스 2020-11-24 06:05:00 저장
종료
False
디비에 저장된 가장 최근 게시물 시간 2020-11-23 20:45:40
서울경제 2020-11-23 16:38:00 저장안함
서울경제 2020-11-23 16:55:00 저장안함
서울경제 2020-11-23 16:56:00 저장안함
서울경제 2020-11-23 17:04:00 저장안함
서울경제 2020-11-23 17:19:00 저장안함
서울경제 2020-11-23 17:33:00 저장안함
서울경제 2020-11-23 17:36:00 저장안함
서울경제 2020-11-23 17:48:00 저장안함
서울경제 2020-11-23 17:51:00 저장안함
서울경제 2020-11-23 17:53:00 저장안함
서울경제 2020-11-23 17:57:00 저장안함
서울경제 2020-11-23 18:04:00 저장안함
서울경제 2020-11-23 18:57:00 저장안함
서울경제 2020-11-24 05:45:00 저장
서울경제 2020-11-23 22:00:41 저장
종료
news_crawling finish
news_crawling
False
디비에 저장된 가장 최근 게시물 시간 2020-11-20 16:19:00
한국경제 2020-11-16 10:01:00 저장안함
한국경제 2020-11-16 15:12:00 저장안함
한국경제 2020-11-16 17:20:00 저장안함
한국경제 2020-11-17 08:30:00 저장안함
한국경제 2020-11-17 09:23:00 저장안함
한국경제 2020-11-17 13:52:00 저장안함
한국경제 2020-11-17 15:43:00 저장안함
한국경제 2020-11-17 17:34:00 저장안함
한국경제 2020-11-18 14:15:00 저장안함
한국경제 2020-11-18 15:54:00 저장안함
한국경제 2020-11-18 17:11:00 저장안함
한국경제 2020-11-18 17:25:00 저장안함
한국경제 2020-11-18 17:26:00 저장안함
한국경제 2020-11-19 15:57:00 저장안함
한국경제 2020-11-19 15:57:00 저장안함
한국경제 2020-11-19 17:29:00 저장안함
한국경제 2020-11-20 08:34:00 저장안함
한국경제 2020-11-20 13:15:00 저장안함
한국경제 2020-11-20 16:01:00 저장안함
한국경제 2020-11-20 16:19:00 저장안함
종료
False
디비에 저장된 가장 최근 게시물 시간 2020-11-24 06:27:00
머니투데이 2020-11-23 18:26:00 저장안함
머니투데이 2020-11-23 18:42:00 저장안함
머니투데이 2020-11-23 19:04:00 저장안함
머니투데이 2020-11-23 19:15:00 저장안함
머니투데이 2020-11-23 23:33:00 저장안함
머니투데이 2020-11-24 03:00:00 저장안함
머니투데이 2020-11-24 03:05:00 저장안함
머니투데이 2020-11-24 03:51:00 저장안함
머니투데이 2020-11-24 04:01:00 저장안함
머니투데이 2020-11-24 04:37:00 저장안함
머니투데이 2020-11-24 05:31:00 저장안함
머니투데이 2020-11-24 05:51:00 저장안함
머니투데이 2020-11-24 06:02:00 저장안함
머니투데이 2020-11-24 06:27:00 저장안함
머니투데이 2020-11-24 07:01:00 저장
머니투데이 2020-11-24 07:24:00 저장
머니투데이 2020-11-24 07:36:00 저장
머니투데이 2020-11-24 07:52:00 저장
머니투데이 2020-11-24 07:54:00 저장
머니투데이 2020-11-24 07:55:00 저장
종료
False
디비에 저장된 가장 최근 게시물 시간 2020-11-23 12:35:00
한국증권신문-국내 2020-11-19 07:42:00 저장안함
한국증권신문-국내 2020-11-19 10:06:00 저장안함
한국증권신문-국내 2020-11-19 10:13:00 저장안함
한국증권신문-국내 2020-11-19 10:13:00 저장안함
한국증권신문-국내 2020-11-19 10:13:00 저장안함
한국증권신문-국내 2020-11-19 10:13:00 저장안함
한국증권신문-국내 2020-11-20 09:34:00 저장안함
한국증권신문-국내 2020-11-20 09:34:00 저장안함
한국증권신문-국내 2020-11-20 09:34:00 저장안함
한국증권신문-국내 2020-11-20 09:35:00 저장안함
한국증권신문-국내 2020-11-20 09:35:00 저장안함
한국증권신문-국내 2020-11-23 10:02:00 저장안함
한국증권신문-국내 2020-11-23 10:08:00 저장안함
한국증권신문-국내 2020-11-23 10:27:00 저장안함
한국증권신문-국내 2020-11-23 10:27:00 저장안함
한국증권신문-국내 2020-11-23 10:28:00 저장안함
한국증권신문-국내 2020-11-23 10:29:00 저장안함
한국증권신문-국내 2020-11-23 10:29:00 저장안함
한국증권신문-국내 2020-11-23 12:35:00 저장안함
한국증권신문-국내 2020-11-24 07:48:00 저장
종료
False
디비에 저장된 가장 최근 게시물 시간 2020-11-20 07:57:00
한국증권신문-해외 2020-10-28 07:19:00 저장안함
한국증권신문-해외 2020-10-29 07:46:00 저장안함
한국증권신문-해외 2020-10-29 07:47:00 저장안함
한국증권신문-해외 2020-10-30 06:35:00 저장안함
한국증권신문-해외 2020-11-04 07:40:00 저장안함
한국증권신문-해외 2020-11-05 07:21:00 저장안함
한국증권신문-해외 2020-11-06 09:06:00 저장안함
한국증권신문-해외 2020-11-06 09:10:00 저장안함
한국증권신문-해외 2020-11-10 07:41:00 저장안함
한국증권신문-해외 2020-11-11 07:32:00 저장안함
한국증권신문-해외 2020-11-12 08:15:00 저장안함
한국증권신문-해외 2020-11-13 09:00:00 저장안함
한국증권신문-해외 2020-11-13 09:03:00 저장안함
한국증권신문-해외 2020-11-17 07:20:00 저장안함
한국증권신문-해외 2020-11-17 07:20:00 저장안함
한국증권신문-해외 2020-11-18 07:52:00 저장안함
한국증권신문-해외 2020-11-18 07:53:00 저장안함
한국증권신문-해외 2020-11-19 07:38:00 저장안함
한국증권신문-해외 2020-11-20 07:56:00 저장안함
한국증권신문-해외 2020-11-20 07:57:00 저장안함
종료
False
디비에 저장된 가장 최근 게시물 시간 2020-11-24 06:05:00
연합뉴스 2020-11-23 14:31:00 저장안함
연합뉴스 2020-11-23 15:31:00 저장안함
연합뉴스 2020-11-23 15:32:00 저장안함
연합뉴스 2020-11-23 15:35:00 저장안함
연합뉴스 2020-11-23 15:39:00 저장안함
연합뉴스 2020-11-23 15:48:00 저장안함
연합뉴스 2020-11-23 15:55:00 저장안함
연합뉴스 2020-11-23 15:56:00 저장안함
연합뉴스 2020-11-23 15:57:00 저장안함
연합뉴스 2020-11-23 16:01:00 저장안함
연합뉴스 2020-11-23 16:31:00 저장안함
연합뉴스 2020-11-23 16:31:00 저장안함
연합뉴스 2020-11-23 16:31:00 저장안함
연합뉴스 2020-11-23 16:31:00 저장안함
연합뉴스 2020-11-23 16:31:00 저장안함
연합뉴스 2020-11-23 16:31:00 저장안함
연합뉴스 2020-11-23 16:32:00 저장안함
연합뉴스 2020-11-23 16:33:00 저장안함
연합뉴스 2020-11-23 17:51:00 저장안함
연합뉴스 2020-11-23 18:06:00 저장안함
연합뉴스 2020-11-24 00:07:00 저장안함
연합뉴스 2020-11-24 02:59:00 저장안함
연합뉴스 2020-11-24 06:05:00 저장안함
연합뉴스 2020-11-24 06:47:00 저장
연합뉴스 2020-11-24 06:51:00 저장
종료
False
디비에 저장된 가장 최근 게시물 시간 2020-11-24 05:45:00
서울경제 2020-11-23 16:55:00 저장안함
서울경제 2020-11-23 16:56:00 저장안함
서울경제 2020-11-23 17:04:00 저장안함
서울경제 2020-11-23 17:19:00 저장안함
서울경제 2020-11-23 17:33:00 저장안함
서울경제 2020-11-23 17:36:00 저장안함
서울경제 2020-11-23 17:48:00 저장안함
서울경제 2020-11-23 17:51:00 저장안함
서울경제 2020-11-23 17:53:00 저장안함
서울경제 2020-11-23 17:57:00 저장안함
서울경제 2020-11-23 18:04:00 저장안함
서울경제 2020-11-23 18:57:00 저장안함
서울경제 2020-11-24 05:45:00 저장안함
서울경제 2020-11-24 07:00:00 저장
서울경제 2020-11-23 22:30:38 저장안함
종료
news_crawling finish
