news_crawling
False
디비에 저장된 가장 최근 게시물 시간 2020-11-20 16:19:00
한국경제 2020-11-16 10:01:00 저장안함
한국경제 2020-11-16 15:12:00 저장안함
한국경제 2020-11-16 17:20:00 저장안함
한국경제 2020-11-17 08:30:00 저장안함
한국경제 2020-11-17 09:23:00 저장안함
한국경제 2020-11-17 13:52:00 저장안함
한국경제 2020-11-17 15:43:00 저장안함
한국경제 2020-11-17 17:34:00 저장안함
한국경제 2020-11-18 14:15:00 저장안함
한국경제 2020-11-18 15:54:00 저장안함
한국경제 2020-11-18 17:11:00 저장안함
한국경제 2020-11-18 17:25:00 저장안함
한국경제 2020-11-18 17:26:00 저장안함
한국경제 2020-11-19 15:57:00 저장안함
한국경제 2020-11-19 15:57:00 저장안함
한국경제 2020-11-19 17:29:00 저장안함
한국경제 2020-11-20 08:34:00 저장안함
한국경제 2020-11-20 13:15:00 저장안함
한국경제 2020-11-20 16:01:00 저장안함
한국경제 2020-11-20 16:19:00 저장안함
종료
False
디비에 저장된 가장 최근 게시물 시간 2020-11-24 07:55:00
머니투데이 2020-11-24 05:51:00 저장안함
머니투데이 2020-11-24 06:02:00 저장안함
머니투데이 2020-11-24 06:27:00 저장안함
머니투데이 2020-11-24 07:01:00 저장안함
머니투데이 2020-11-24 07:24:00 저장안함
머니투데이 2020-11-24 07:36:00 저장안함
머니투데이 2020-11-24 07:52:00 저장안함
머니투데이 2020-11-24 07:54:00 저장안함
머니투데이 2020-11-24 07:55:00 저장안함
머니투데이 2020-11-24 08:04:00 저장
머니투데이 2020-11-24 08:08:00 저장
머니투데이 2020-11-24 08:15:00 저장
머니투데이 2020-11-24 08:15:00 저장
머니투데이 2020-11-24 08:21:00 저장
머니투데이 2020-11-24 08:30:00 저장
머니투데이 2020-11-24 08:33:00 저장
머니투데이 2020-11-24 08:35:00 저장
머니투데이 2020-11-24 08:35:00 저장
머니투데이 2020-11-24 08:39:00 저장
머니투데이 2020-11-24 08:54:00 저장
종료
False
디비에 저장된 가장 최근 게시물 시간 2020-11-24 07:48:00
한국증권신문-국내 2020-11-19 07:42:00 저장안함
한국증권신문-국내 2020-11-19 10:06:00 저장안함
한국증권신문-국내 2020-11-19 10:13:00 저장안함
한국증권신문-국내 2020-11-19 10:13:00 저장안함
한국증권신문-국내 2020-11-19 10:13:00 저장안함
한국증권신문-국내 2020-11-19 10:13:00 저장안함
한국증권신문-국내 2020-11-20 09:34:00 저장안함
한국증권신문-국내 2020-11-20 09:34:00 저장안함
한국증권신문-국내 2020-11-20 09:34:00 저장안함
한국증권신문-국내 2020-11-20 09:35:00 저장안함
한국증권신문-국내 2020-11-20 09:35:00 저장안함
한국증권신문-국내 2020-11-23 10:02:00 저장안함
한국증권신문-국내 2020-11-23 10:08:00 저장안함
한국증권신문-국내 2020-11-23 10:27:00 저장안함
한국증권신문-국내 2020-11-23 10:27:00 저장안함
한국증권신문-국내 2020-11-23 10:28:00 저장안함
한국증권신문-국내 2020-11-23 10:29:00 저장안함
한국증권신문-국내 2020-11-23 10:29:00 저장안함
한국증권신문-국내 2020-11-23 12:35:00 저장안함
한국증권신문-국내 2020-11-24 07:48:00 저장안함
종료
False
디비에 저장된 가장 최근 게시물 시간 2020-11-20 07:57:00
한국증권신문-해외 2020-10-29 07:47:00 저장안함
한국증권신문-해외 2020-10-30 06:35:00 저장안함
한국증권신문-해외 2020-11-04 07:40:00 저장안함
한국증권신문-해외 2020-11-05 07:21:00 저장안함
한국증권신문-해외 2020-11-06 09:06:00 저장안함
한국증권신문-해외 2020-11-06 09:10:00 저장안함
한국증권신문-해외 2020-11-10 07:41:00 저장안함
한국증권신문-해외 2020-11-11 07:32:00 저장안함
한국증권신문-해외 2020-11-12 08:15:00 저장안함
한국증권신문-해외 2020-11-13 09:00:00 저장안함
한국증권신문-해외 2020-11-13 09:03:00 저장안함
한국증권신문-해외 2020-11-17 07:20:00 저장안함
한국증권신문-해외 2020-11-17 07:20:00 저장안함
한국증권신문-해외 2020-11-18 07:52:00 저장안함
한국증권신문-해외 2020-11-18 07:53:00 저장안함
한국증권신문-해외 2020-11-19 07:38:00 저장안함
한국증권신문-해외 2020-11-20 07:56:00 저장안함
한국증권신문-해외 2020-11-20 07:57:00 저장안함
한국증권신문-해외 2020-11-24 08:43:00 저장
한국증권신문-해외 2020-11-24 08:48:00 저장
종료
False
디비에 저장된 가장 최근 게시물 시간 2020-11-24 06:51:00
연합뉴스 2020-11-23 15:31:00 저장안함
연합뉴스 2020-11-23 15:32:00 저장안함
연합뉴스 2020-11-23 15:35:00 저장안함
연합뉴스 2020-11-23 15:39:00 저장안함
연합뉴스 2020-11-23 15:48:00 저장안함
연합뉴스 2020-11-23 15:55:00 저장안함
연합뉴스 2020-11-23 15:56:00 저장안함
연합뉴스 2020-11-23 15:57:00 저장안함
연합뉴스 2020-11-23 16:01:00 저장안함
연합뉴스 2020-11-23 16:31:00 저장안함
연합뉴스 2020-11-23 16:31:00 저장안함
연합뉴스 2020-11-23 16:31:00 저장안함
연합뉴스 2020-11-23 16:31:00 저장안함
연합뉴스 2020-11-23 16:31:00 저장안함
연합뉴스 2020-11-23 16:31:00 저장안함
연합뉴스 2020-11-23 16:32:00 저장안함
연합뉴스 2020-11-23 16:33:00 저장안함
연합뉴스 2020-11-23 17:51:00 저장안함
연합뉴스 2020-11-23 18:06:00 저장안함
연합뉴스 2020-11-24 00:07:00 저장안함
연합뉴스 2020-11-24 02:59:00 저장안함
연합뉴스 2020-11-24 06:05:00 저장안함
연합뉴스 2020-11-24 06:47:00 저장안함
연합뉴스 2020-11-24 06:51:00 저장안함
연합뉴스 2020-11-24 08:13:00 저장
종료
False
디비에 저장된 가장 최근 게시물 시간 2020-11-24 07:00:00
서울경제 2020-11-23 16:55:00 저장안함
서울경제 2020-11-23 16:56:00 저장안함
서울경제 2020-11-23 17:04:00 저장안함
서울경제 2020-11-23 17:19:00 저장안함
서울경제 2020-11-23 17:33:00 저장안함
서울경제 2020-11-23 17:36:00 저장안함
서울경제 2020-11-23 17:48:00 저장안함
서울경제 2020-11-23 17:51:00 저장안함
서울경제 2020-11-23 17:53:00 저장안함
서울경제 2020-11-23 17:57:00 저장안함
서울경제 2020-11-23 18:04:00 저장안함
서울경제 2020-11-23 18:57:00 저장안함
서울경제 2020-11-24 05:45:00 저장안함
서울경제 2020-11-24 07:00:00 저장안함
서울경제 2020-11-24 07:30:00 저장
종료
news_crawling finish
news_crawling
False
디비에 저장된 가장 최근 게시물 시간 2020-11-20 16:19:00
한국경제 2020-11-16 10:01:00 저장안함
한국경제 2020-11-16 15:12:00 저장안함
한국경제 2020-11-16 17:20:00 저장안함
한국경제 2020-11-17 08:30:00 저장안함
한국경제 2020-11-17 09:23:00 저장안함
한국경제 2020-11-17 13:52:00 저장안함
한국경제 2020-11-17 15:43:00 저장안함
한국경제 2020-11-17 17:34:00 저장안함
한국경제 2020-11-18 14:15:00 저장안함
한국경제 2020-11-18 15:54:00 저장안함
한국경제 2020-11-18 17:11:00 저장안함
한국경제 2020-11-18 17:25:00 저장안함
한국경제 2020-11-18 17:26:00 저장안함
한국경제 2020-11-19 15:57:00 저장안함
한국경제 2020-11-19 15:57:00 저장안함
한국경제 2020-11-19 17:29:00 저장안함
한국경제 2020-11-20 08:34:00 저장안함
한국경제 2020-11-20 13:15:00 저장안함
한국경제 2020-11-20 16:01:00 저장안함
한국경제 2020-11-20 16:19:00 저장안함
종료
False
디비에 저장된 가장 최근 게시물 시간 2020-11-24 08:54:00
머니투데이 2020-11-24 08:35:00 저장안함
머니투데이 2020-11-24 08:39:00 저장안함
머니투데이 2020-11-24 08:54:00 저장안함
머니투데이 2020-11-24 09:00:00 저장
머니투데이 2020-11-24 09:01:00 저장
머니투데이 2020-11-24 09:01:00 저장
머니투데이 2020-11-24 09:02:00 저장
머니투데이 2020-11-24 09:04:00 저장
머니투데이 2020-11-24 09:12:00 저장
머니투데이 2020-11-24 09:21:00 저장
머니투데이 2020-11-24 09:24:00 저장
머니투데이 2020-11-24 09:27:00 저장
머니투데이 2020-11-24 09:28:00 저장
머니투데이 2020-11-24 09:29:00 저장
머니투데이 2020-11-24 09:30:00 저장
머니투데이 2020-11-24 09:30:00 저장
머니투데이 2020-11-24 09:33:00 저장
머니투데이 2020-11-24 09:35:00 저장
머니투데이 2020-11-24 09:48:00 저장
머니투데이 2020-11-24 09:49:00 저장
종료
False
디비에 저장된 가장 최근 게시물 시간 2020-11-24 07:48:00
한국증권신문-국내 2020-11-19 10:13:00 저장안함
한국증권신문-국내 2020-11-19 10:13:00 저장안함
한국증권신문-국내 2020-11-20 09:34:00 저장안함
한국증권신문-국내 2020-11-20 09:34:00 저장안함
한국증권신문-국내 2020-11-20 09:34:00 저장안함
한국증권신문-국내 2020-11-20 09:35:00 저장안함
한국증권신문-국내 2020-11-20 09:35:00 저장안함
한국증권신문-국내 2020-11-23 10:02:00 저장안함
한국증권신문-국내 2020-11-23 10:08:00 저장안함
한국증권신문-국내 2020-11-23 10:27:00 저장안함
한국증권신문-국내 2020-11-23 10:27:00 저장안함
한국증권신문-국내 2020-11-23 10:28:00 저장안함
한국증권신문-국내 2020-11-23 10:29:00 저장안함
한국증권신문-국내 2020-11-23 10:29:00 저장안함
한국증권신문-국내 2020-11-23 12:35:00 저장안함
한국증권신문-국내 2020-11-24 07:48:00 저장안함
한국증권신문-국내 2020-11-24 09:52:00 저장
한국증권신문-국내 2020-11-24 09:52:00 저장
한국증권신문-국내 2020-11-24 09:54:00 저장
한국증권신문-국내 2020-11-24 09:57:00 저장
종료
False
디비에 저장된 가장 최근 게시물 시간 2020-11-24 08:48:00
한국증권신문-해외 2020-10-29 07:47:00 저장안함
한국증권신문-해외 2020-10-30 06:35:00 저장안함
한국증권신문-해외 2020-11-04 07:40:00 저장안함
한국증권신문-해외 2020-11-05 07:21:00 저장안함
한국증권신문-해외 2020-11-06 09:06:00 저장안함
한국증권신문-해외 2020-11-06 09:10:00 저장안함
한국증권신문-해외 2020-11-10 07:41:00 저장안함
한국증권신문-해외 2020-11-11 07:32:00 저장안함
한국증권신문-해외 2020-11-12 08:15:00 저장안함
한국증권신문-해외 2020-11-13 09:00:00 저장안함
한국증권신문-해외 2020-11-13 09:03:00 저장안함
한국증권신문-해외 2020-11-17 07:20:00 저장안함
한국증권신문-해외 2020-11-17 07:20:00 저장안함
한국증권신문-해외 2020-11-18 07:52:00 저장안함
한국증권신문-해외 2020-11-18 07:53:00 저장안함
한국증권신문-해외 2020-11-19 07:38:00 저장안함
한국증권신문-해외 2020-11-20 07:56:00 저장안함
한국증권신문-해외 2020-11-20 07:57:00 저장안함
한국증권신문-해외 2020-11-24 08:43:00 저장안함
한국증권신문-해외 2020-11-24 08:48:00 저장안함
종료
False
디비에 저장된 가장 최근 게시물 시간 2020-11-24 08:13:00
연합뉴스 2020-11-23 15:48:00 저장안함
연합뉴스 2020-11-23 15:55:00 저장안함
연합뉴스 2020-11-23 15:56:00 저장안함
연합뉴스 2020-11-23 15:57:00 저장안함
연합뉴스 2020-11-23 16:01:00 저장안함
연합뉴스 2020-11-23 16:31:00 저장안함
연합뉴스 2020-11-23 16:31:00 저장안함
연합뉴스 2020-11-23 16:31:00 저장안함
연합뉴스 2020-11-23 16:31:00 저장안함
연합뉴스 2020-11-23 16:31:00 저장안함
연합뉴스 2020-11-23 16:31:00 저장안함
연합뉴스 2020-11-23 16:32:00 저장안함
연합뉴스 2020-11-23 16:33:00 저장안함
연합뉴스 2020-11-23 17:51:00 저장안함
연합뉴스 2020-11-23 18:06:00 저장안함
연합뉴스 2020-11-24 00:07:00 저장안함
연합뉴스 2020-11-24 02:59:00 저장안함
연합뉴스 2020-11-24 06:05:00 저장안함
연합뉴스 2020-11-24 06:47:00 저장안함
연합뉴스 2020-11-24 06:51:00 저장안함
연합뉴스 2020-11-24 08:13:00 저장안함
연합뉴스 2020-11-24 09:01:00 저장
연합뉴스 2020-11-24 09:01:00 저장
연합뉴스 2020-11-24 09:07:00 저장
연합뉴스 2020-11-24 09:47:00 저장
종료
False
디비에 저장된 가장 최근 게시물 시간 2020-11-24 07:30:00
서울경제 2020-11-24 07:30:00 저장안함
서울경제 2020-11-24 09:00:00 저장
서울경제 2020-11-24 09:02:00 저장
서울경제 2020-11-24 09:02:00 저장
서울경제 2020-11-24 09:05:00 저장
서울경제 2020-11-24 09:13:00 저장
서울경제 2020-11-24 09:14:00 저장
서울경제 2020-11-24 09:14:00 저장
서울경제 2020-11-24 09:20:00 저장
서울경제 2020-11-24 09:20:00 저장
서울경제 2020-11-24 00:32:46 저장안함
서울경제 2020-11-24 00:36:46 저장안함
서울경제 2020-11-24 00:38:46 저장안함
서울경제 2020-11-24 00:55:46 저장안함
서울경제 2020-11-24 00:59:46 저장안함
종료
news_crawling finish
news_crawling
False
디비에 저장된 가장 최근 게시물 시간 2020-11-20 16:19:00
한국경제 2020-11-16 10:01:00 저장안함
한국경제 2020-11-16 15:12:00 저장안함
한국경제 2020-11-16 17:20:00 저장안함
한국경제 2020-11-17 08:30:00 저장안함
한국경제 2020-11-17 09:23:00 저장안함
한국경제 2020-11-17 13:52:00 저장안함
한국경제 2020-11-17 15:43:00 저장안함
한국경제 2020-11-17 17:34:00 저장안함
한국경제 2020-11-18 14:15:00 저장안함
한국경제 2020-11-18 15:54:00 저장안함
한국경제 2020-11-18 17:11:00 저장안함
한국경제 2020-11-18 17:25:00 저장안함
한국경제 2020-11-18 17:26:00 저장안함
한국경제 2020-11-19 15:57:00 저장안함
한국경제 2020-11-19 15:57:00 저장안함
한국경제 2020-11-19 17:29:00 저장안함
한국경제 2020-11-20 08:34:00 저장안함
한국경제 2020-11-20 13:15:00 저장안함
한국경제 2020-11-20 16:01:00 저장안함
한국경제 2020-11-20 16:19:00 저장안함
종료
False
디비에 저장된 가장 최근 게시물 시간 2020-11-24 09:49:00
머니투데이 2020-11-24 09:24:00 저장안함
머니투데이 2020-11-24 09:27:00 저장안함
머니투데이 2020-11-24 09:28:00 저장안함
머니투데이 2020-11-24 09:29:00 저장안함
머니투데이 2020-11-24 09:30:00 저장안함
머니투데이 2020-11-24 09:30:00 저장안함
머니투데이 2020-11-24 09:33:00 저장안함
머니투데이 2020-11-24 09:35:00 저장안함
머니투데이 2020-11-24 09:48:00 저장안함
머니투데이 2020-11-24 09:49:00 저장안함
머니투데이 2020-11-24 10:20:00 저장
머니투데이 2020-11-24 10:34:00 저장
머니투데이 2020-11-24 10:34:00 저장
머니투데이 2020-11-24 10:39:00 저장
머니투데이 2020-11-24 10:43:00 저장
머니투데이 2020-11-24 10:44:00 저장
머니투데이 2020-11-24 10:47:00 저장
머니투데이 2020-11-24 10:49:00 저장
머니투데이 2020-11-24 10:50:00 저장
머니투데이 2020-11-24 10:50:00 저장
종료
False
디비에 저장된 가장 최근 게시물 시간 2020-11-24 09:57:00
한국증권신문-국내 2020-11-19 10:13:00 저장안함
한국증권신문-국내 2020-11-20 09:34:00 저장안함
한국증권신문-국내 2020-11-20 09:34:00 저장안함
한국증권신문-국내 2020-11-20 09:34:00 저장안함
한국증권신문-국내 2020-11-20 09:35:00 저장안함
한국증권신문-국내 2020-11-20 09:35:00 저장안함
한국증권신문-국내 2020-11-23 10:02:00 저장안함
한국증권신문-국내 2020-11-23 10:08:00 저장안함
한국증권신문-국내 2020-11-23 10:27:00 저장안함
한국증권신문-국내 2020-11-23 10:27:00 저장안함
한국증권신문-국내 2020-11-23 10:28:00 저장안함
한국증권신문-국내 2020-11-23 10:29:00 저장안함
한국증권신문-국내 2020-11-23 10:29:00 저장안함
한국증권신문-국내 2020-11-23 12:35:00 저장안함
한국증권신문-국내 2020-11-24 07:48:00 저장안함
한국증권신문-국내 2020-11-24 09:52:00 저장안함
한국증권신문-국내 2020-11-24 09:52:00 저장안함
한국증권신문-국내 2020-11-24 09:54:00 저장안함
한국증권신문-국내 2020-11-24 09:57:00 저장안함
한국증권신문-국내 2020-11-24 10:37:00 저장
종료
False
디비에 저장된 가장 최근 게시물 시간 2020-11-24 08:48:00
한국증권신문-해외 2020-10-29 07:47:00 저장안함
한국증권신문-해외 2020-10-30 06:35:00 저장안함
한국증권신문-해외 2020-11-04 07:40:00 저장안함
한국증권신문-해외 2020-11-05 07:21:00 저장안함
한국증권신문-해외 2020-11-06 09:06:00 저장안함
한국증권신문-해외 2020-11-06 09:10:00 저장안함
한국증권신문-해외 2020-11-10 07:41:00 저장안함
한국증권신문-해외 2020-11-11 07:32:00 저장안함
한국증권신문-해외 2020-11-12 08:15:00 저장안함
한국증권신문-해외 2020-11-13 09:00:00 저장안함
한국증권신문-해외 2020-11-13 09:03:00 저장안함
한국증권신문-해외 2020-11-17 07:20:00 저장안함
한국증권신문-해외 2020-11-17 07:20:00 저장안함
한국증권신문-해외 2020-11-18 07:52:00 저장안함
한국증권신문-해외 2020-11-18 07:53:00 저장안함
한국증권신문-해외 2020-11-19 07:38:00 저장안함
한국증권신문-해외 2020-11-20 07:56:00 저장안함
한국증권신문-해외 2020-11-20 07:57:00 저장안함
한국증권신문-해외 2020-11-24 08:43:00 저장안함
한국증권신문-해외 2020-11-24 08:48:00 저장안함
종료
False
디비에 저장된 가장 최근 게시물 시간 2020-11-24 09:47:00
연합뉴스 2020-11-23 15:56:00 저장안함
연합뉴스 2020-11-23 15:57:00 저장안함
연합뉴스 2020-11-23 16:01:00 저장안함
연합뉴스 2020-11-23 16:31:00 저장안함
연합뉴스 2020-11-23 16:31:00 저장안함
연합뉴스 2020-11-23 16:31:00 저장안함
연합뉴스 2020-11-23 16:31:00 저장안함
연합뉴스 2020-11-23 16:31:00 저장안함
연합뉴스 2020-11-23 16:31:00 저장안함
연합뉴스 2020-11-23 16:32:00 저장안함
연합뉴스 2020-11-23 16:33:00 저장안함
연합뉴스 2020-11-23 17:51:00 저장안함
연합뉴스 2020-11-23 18:06:00 저장안함
연합뉴스 2020-11-24 00:07:00 저장안함
연합뉴스 2020-11-24 02:59:00 저장안함
연합뉴스 2020-11-24 06:05:00 저장안함
연합뉴스 2020-11-24 06:47:00 저장안함
연합뉴스 2020-11-24 06:51:00 저장안함
연합뉴스 2020-11-24 08:13:00 저장안함
연합뉴스 2020-11-24 09:01:00 저장안함
연합뉴스 2020-11-24 09:01:00 저장안함
연합뉴스 2020-11-24 09:07:00 저장안함
연합뉴스 2020-11-24 09:47:00 저장안함
연합뉴스 2020-11-24 10:02:00 저장
연합뉴스 2020-11-24 10:22:00 저장
종료
False
디비에 저장된 가장 최근 게시물 시간 2020-11-24 09:20:00
서울경제 2020-11-24 09:00:00 저장안함
서울경제 2020-11-24 09:02:00 저장안함
서울경제 2020-11-24 09:02:00 저장안함
서울경제 2020-11-24 09:05:00 저장안함
서울경제 2020-11-24 09:13:00 저장안함
서울경제 2020-11-24 09:14:00 저장안함
서울경제 2020-11-24 09:14:00 저장안함
서울경제 2020-11-24 09:20:00 저장안함
서울경제 2020-11-24 09:20:00 저장안함
서울경제 2020-11-24 09:32:00 저장
서울경제 2020-11-24 09:36:00 저장
서울경제 2020-11-24 09:38:00 저장
서울경제 2020-11-24 09:55:00 저장
서울경제 2020-11-24 09:59:00 저장
서울경제 2020-11-24 10:01:00 저장
종료
news_crawling finish
news_crawling
False
디비에 저장된 가장 최근 게시물 시간 2020-11-20 16:19:00
한국경제 2020-11-16 10:01:00 저장안함
한국경제 2020-11-16 15:12:00 저장안함
한국경제 2020-11-16 17:20:00 저장안함
한국경제 2020-11-17 08:30:00 저장안함
한국경제 2020-11-17 09:23:00 저장안함
한국경제 2020-11-17 13:52:00 저장안함
한국경제 2020-11-17 15:43:00 저장안함
한국경제 2020-11-17 17:34:00 저장안함
한국경제 2020-11-18 14:15:00 저장안함
한국경제 2020-11-18 15:54:00 저장안함
한국경제 2020-11-18 17:11:00 저장안함
한국경제 2020-11-18 17:25:00 저장안함
한국경제 2020-11-18 17:26:00 저장안함
한국경제 2020-11-19 15:57:00 저장안함
한국경제 2020-11-19 15:57:00 저장안함
한국경제 2020-11-19 17:29:00 저장안함
한국경제 2020-11-20 08:34:00 저장안함
한국경제 2020-11-20 13:15:00 저장안함
한국경제 2020-11-20 16:01:00 저장안함
한국경제 2020-11-20 16:19:00 저장안함
종료
False
디비에 저장된 가장 최근 게시물 시간 2020-11-24 10:50:00
머니투데이 2020-11-24 09:33:00 저장안함
머니투데이 2020-11-24 09:35:00 저장안함
머니투데이 2020-11-24 09:48:00 저장안함
머니투데이 2020-11-24 09:49:00 저장안함
머니투데이 2020-11-24 10:20:00 저장안함
머니투데이 2020-11-24 10:34:00 저장안함
머니투데이 2020-11-24 10:34:00 저장안함
머니투데이 2020-11-24 10:39:00 저장안함
머니투데이 2020-11-24 10:43:00 저장안함
머니투데이 2020-11-24 10:44:00 저장안함
머니투데이 2020-11-24 10:47:00 저장안함
머니투데이 2020-11-24 10:49:00 저장안함
머니투데이 2020-11-24 10:50:00 저장안함
머니투데이 2020-11-24 10:50:00 저장안함
머니투데이 2020-11-24 11:15:00 저장
머니투데이 2020-11-24 11:32:00 저장
머니투데이 2020-11-24 11:51:00 저장
머니투데이 2020-11-24 11:52:00 저장
머니투데이 2020-11-24 11:53:00 저장
머니투데이 2020-11-24 11:58:00 저장
종료
False
디비에 저장된 가장 최근 게시물 시간 2020-11-24 10:37:00
한국증권신문-국내 2020-11-19 10:13:00 저장안함
한국증권신문-국내 2020-11-20 09:34:00 저장안함
한국증권신문-국내 2020-11-20 09:34:00 저장안함
한국증권신문-국내 2020-11-20 09:34:00 저장안함
한국증권신문-국내 2020-11-20 09:35:00 저장안함
한국증권신문-국내 2020-11-20 09:35:00 저장안함
한국증권신문-국내 2020-11-23 10:02:00 저장안함
한국증권신문-국내 2020-11-23 10:08:00 저장안함
한국증권신문-국내 2020-11-23 10:27:00 저장안함
한국증권신문-국내 2020-11-23 10:27:00 저장안함
한국증권신문-국내 2020-11-23 10:28:00 저장안함
한국증권신문-국내 2020-11-23 10:29:00 저장안함
한국증권신문-국내 2020-11-23 10:29:00 저장안함
한국증권신문-국내 2020-11-23 12:35:00 저장안함
한국증권신문-국내 2020-11-24 07:48:00 저장안함
한국증권신문-국내 2020-11-24 09:52:00 저장안함
한국증권신문-국내 2020-11-24 09:52:00 저장안함
한국증권신문-국내 2020-11-24 09:54:00 저장안함
한국증권신문-국내 2020-11-24 09:57:00 저장안함
한국증권신문-국내 2020-11-24 10:37:00 저장안함
종료
False
디비에 저장된 가장 최근 게시물 시간 2020-11-24 08:48:00
한국증권신문-해외 2020-10-29 07:47:00 저장안함
한국증권신문-해외 2020-10-30 06:35:00 저장안함
한국증권신문-해외 2020-11-04 07:40:00 저장안함
한국증권신문-해외 2020-11-05 07:21:00 저장안함
한국증권신문-해외 2020-11-06 09:06:00 저장안함
한국증권신문-해외 2020-11-06 09:10:00 저장안함
한국증권신문-해외 2020-11-10 07:41:00 저장안함
한국증권신문-해외 2020-11-11 07:32:00 저장안함
한국증권신문-해외 2020-11-12 08:15:00 저장안함
한국증권신문-해외 2020-11-13 09:00:00 저장안함
한국증권신문-해외 2020-11-13 09:03:00 저장안함
한국증권신문-해외 2020-11-17 07:20:00 저장안함
한국증권신문-해외 2020-11-17 07:20:00 저장안함
한국증권신문-해외 2020-11-18 07:52:00 저장안함
한국증권신문-해외 2020-11-18 07:53:00 저장안함
한국증권신문-해외 2020-11-19 07:38:00 저장안함
한국증권신문-해외 2020-11-20 07:56:00 저장안함
한국증권신문-해외 2020-11-20 07:57:00 저장안함
한국증권신문-해외 2020-11-24 08:43:00 저장안함
한국증권신문-해외 2020-11-24 08:48:00 저장안함
종료
False
디비에 저장된 가장 최근 게시물 시간 2020-11-24 10:22:00
연합뉴스 2020-11-23 16:31:00 저장안함
연합뉴스 2020-11-23 16:31:00 저장안함
연합뉴스 2020-11-23 16:31:00 저장안함
연합뉴스 2020-11-23 16:31:00 저장안함
연합뉴스 2020-11-23 16:31:00 저장안함
연합뉴스 2020-11-23 16:31:00 저장안함
연합뉴스 2020-11-23 16:32:00 저장안함
연합뉴스 2020-11-23 16:33:00 저장안함
연합뉴스 2020-11-23 17:51:00 저장안함
연합뉴스 2020-11-23 18:06:00 저장안함
연합뉴스 2020-11-24 00:07:00 저장안함
연합뉴스 2020-11-24 02:59:00 저장안함
연합뉴스 2020-11-24 06:05:00 저장안함
연합뉴스 2020-11-24 06:47:00 저장안함
연합뉴스 2020-11-24 06:51:00 저장안함
연합뉴스 2020-11-24 08:13:00 저장안함
연합뉴스 2020-11-24 09:01:00 저장안함
연합뉴스 2020-11-24 09:01:00 저장안함
연합뉴스 2020-11-24 09:07:00 저장안함
연합뉴스 2020-11-24 09:47:00 저장안함
연합뉴스 2020-11-24 10:02:00 저장안함
연합뉴스 2020-11-24 10:22:00 저장안함
연합뉴스 2020-11-24 11:02:00 저장
연합뉴스 2020-11-24 11:05:00 저장
연합뉴스 2020-11-24 11:14:00 저장
종료
False
디비에 저장된 가장 최근 게시물 시간 2020-11-24 10:01:00
서울경제 2020-11-24 09:02:00 저장안함
서울경제 2020-11-24 09:02:00 저장안함
서울경제 2020-11-24 09:05:00 저장안함
서울경제 2020-11-24 09:13:00 저장안함
서울경제 2020-11-24 09:14:00 저장안함
서울경제 2020-11-24 09:14:00 저장안함
서울경제 2020-11-24 09:20:00 저장안함
서울경제 2020-11-24 09:20:00 저장안함
서울경제 2020-11-24 09:32:00 저장안함
서울경제 2020-11-24 09:36:00 저장안함
서울경제 2020-11-24 09:38:00 저장안함
서울경제 2020-11-24 09:55:00 저장안함
서울경제 2020-11-24 09:59:00 저장안함
서울경제 2020-11-24 10:01:00 저장안함
서울경제 2020-11-24 11:19:00 저장
종료
news_crawling finish
